INFO - 2024-09-25 05:39:55 --> Session: Class initialized using 'CodeIgniter\Session\Handlers\FileHandler' driver.
CRITICAL - 2024-09-25 07:40:00 --> Call to undefined method CodeIgniter\Autoloader\Autoloader::initializeKint()
in SYSTEMPATH\Boot.php on line 293.
 1 SYSTEMPATH\Boot.php(56): CodeIgniter\Boot::initializeKint()
 2 FCPATH\index.php(56): CodeIgniter\Boot::bootWeb(Object(Config\Paths))
CRITICAL - 2024-09-25 07:40:04 --> Call to undefined method CodeIgniter\Autoloader\Autoloader::initializeKint()
in SYSTEMPATH\Boot.php on line 293.
 1 SYSTEMPATH\Boot.php(56): CodeIgniter\Boot::initializeKint()
 2 FCPATH\index.php(56): CodeIgniter\Boot::bootWeb(Object(Config\Paths))
INFO - 2024-09-25 05:54:00 --> Session: Class initialized using 'CodeIgniter\Session\Handlers\FileHandler' driver.
CRITICAL - 2024-09-25 07:54:01 --> Call to undefined method CodeIgniter\Autoloader\Autoloader::initializeKint()
in SYSTEMPATH\Boot.php on line 293.
 1 SYSTEMPATH\Boot.php(56): CodeIgniter\Boot::initializeKint()
 2 FCPATH\index.php(56): CodeIgniter\Boot::bootWeb(Object(Config\Paths))
INFO - 2024-09-25 06:54:27 --> Session: Class initialized using 'CodeIgniter\Session\Handlers\FileHandler' driver.
INFO - 2024-09-25 06:54:30 --> Session: Class initialized using 'CodeIgniter\Session\Handlers\FileHandler' driver.
CRITICAL - 2024-09-25 08:54:30 --> Call to undefined method CodeIgniter\Autoloader\Autoloader::initializeKint()
in SYSTEMPATH\Boot.php on line 293.
 1 SYSTEMPATH\Boot.php(56): CodeIgniter\Boot::initializeKint()
 2 FCPATH\index.php(56): CodeIgniter\Boot::bootWeb(Object(Config\Paths))
CRITICAL - 2024-09-25 08:54:31 --> Call to undefined method CodeIgniter\Autoloader\Autoloader::initializeKint()
in SYSTEMPATH\Boot.php on line 293.
 1 SYSTEMPATH\Boot.php(56): CodeIgniter\Boot::initializeKint()
 2 FCPATH\index.php(56): CodeIgniter\Boot::bootWeb(Object(Config\Paths))
INFO - 2024-09-25 06:54:41 --> Session: Class initialized using 'CodeIgniter\Session\Handlers\FileHandler' driver.
INFO - 2024-09-25 06:54:43 --> Session: Class initialized using 'CodeIgniter\Session\Handlers\FileHandler' driver.
CRITICAL - 2024-09-25 08:57:24 --> Call to undefined method CodeIgniter\Autoloader\Autoloader::initializeKint()
in SYSTEMPATH\Boot.php on line 293.
 1 SYSTEMPATH\Boot.php(56): CodeIgniter\Boot::initializeKint()
 2 FCPATH\index.php(56): CodeIgniter\Boot::bootWeb(Object(Config\Paths))
CRITICAL - 2024-09-25 08:57:24 --> Call to undefined method CodeIgniter\Autoloader\Autoloader::initializeKint()
in SYSTEMPATH\Boot.php on line 293.
 1 SYSTEMPATH\Boot.php(56): CodeIgniter\Boot::initializeKint()
 2 FCPATH\index.php(56): CodeIgniter\Boot::bootWeb(Object(Config\Paths))
CRITICAL - 2024-09-25 08:57:34 --> Call to undefined method CodeIgniter\Autoloader\Autoloader::initializeKint()
in SYSTEMPATH\Boot.php on line 293.
 1 SYSTEMPATH\Boot.php(56): CodeIgniter\Boot::initializeKint()
 2 FCPATH\index.php(56): CodeIgniter\Boot::bootWeb(Object(Config\Paths))
CRITICAL - 2024-09-25 08:57:34 --> Call to undefined method CodeIgniter\Autoloader\Autoloader::initializeKint()
in SYSTEMPATH\Boot.php on line 293.
 1 SYSTEMPATH\Boot.php(56): CodeIgniter\Boot::initializeKint()
 2 FCPATH\index.php(56): CodeIgniter\Boot::bootWeb(Object(Config\Paths))
INFO - 2024-09-25 07:08:58 --> Session: Class initialized using 'CodeIgniter\Session\Handlers\FileHandler' driver.
INFO - 2024-09-25 07:09:05 --> Session: Class initialized using 'CodeIgniter\Session\Handlers\FileHandler' driver.
INFO - 2024-09-25 07:09:07 --> Session: Class initialized using 'CodeIgniter\Session\Handlers\FileHandler' driver.
INFO - 2024-09-25 07:13:58 --> Session: Class initialized using 'CodeIgniter\Session\Handlers\FileHandler' driver.
INFO - 2024-09-25 07:14:04 --> Session: Class initialized using 'CodeIgniter\Session\Handlers\FileHandler' driver.
INFO - 2024-09-25 07:14:06 --> Session: Class initialized using 'CodeIgniter\Session\Handlers\FileHandler' driver.
INFO - 2024-09-25 07:18:22 --> Session: Class initialized using 'CodeIgniter\Session\Handlers\FileHandler' driver.
CRITICAL - 2024-09-25 09:23:21 --> Call to undefined method CodeIgniter\Autoloader\Autoloader::initializeKint()
in SYSTEMPATH\Boot.php on line 293.
 1 SYSTEMPATH\Boot.php(56): CodeIgniter\Boot::initializeKint()
 2 FCPATH\index.php(56): CodeIgniter\Boot::bootWeb(Object(Config\Paths))
CRITICAL - 2024-09-25 09:23:21 --> Call to undefined method CodeIgniter\Autoloader\Autoloader::initializeKint()
in SYSTEMPATH\Boot.php on line 293.
 1 SYSTEMPATH\Boot.php(56): CodeIgniter\Boot::initializeKint()
 2 FCPATH\index.php(56): CodeIgniter\Boot::bootWeb(Object(Config\Paths))
INFO - 2024-09-25 07:25:20 --> Session: Class initialized using 'CodeIgniter\Session\Handlers\FileHandler' driver.
INFO - 2024-09-25 07:25:39 --> Session: Class initialized using 'CodeIgniter\Session\Handlers\FileHandler' driver.
INFO - 2024-09-25 07:27:26 --> Session: Class initialized using 'CodeIgniter\Session\Handlers\FileHandler' driver.
INFO - 2024-09-25 07:27:35 --> Session: Class initialized using 'CodeIgniter\Session\Handlers\FileHandler' driver.
INFO - 2024-09-25 07:27:41 --> Session: Class initialized using 'CodeIgniter\Session\Handlers\FileHandler' driver.
INFO - 2024-09-25 07:27:45 --> Session: Class initialized using 'CodeIgniter\Session\Handlers\FileHandler' driver.
INFO - 2024-09-25 07:27:47 --> Session: Class initialized using 'CodeIgniter\Session\Handlers\FileHandler' driver.
INFO - 2024-09-25 07:27:52 --> Session: Class initialized using 'CodeIgniter\Session\Handlers\FileHandler' driver.
INFO - 2024-09-25 07:27:54 --> Session: Class initialized using 'CodeIgniter\Session\Handlers\FileHandler' driver.
INFO - 2024-09-25 07:27:57 --> Session: Class initialized using 'CodeIgniter\Session\Handlers\FileHandler' driver.
INFO - 2024-09-25 07:27:58 --> Session: Class initialized using 'CodeIgniter\Session\Handlers\FileHandler' driver.
INFO - 2024-09-25 07:28:00 --> Session: Class initialized using 'CodeIgniter\Session\Handlers\FileHandler' driver.
INFO - 2024-09-25 07:28:01 --> Session: Class initialized using 'CodeIgniter\Session\Handlers\FileHandler' driver.
INFO - 2024-09-25 07:28:25 --> Session: Class initialized using 'CodeIgniter\Session\Handlers\FileHandler' driver.
INFO - 2024-09-25 07:28:58 --> Session: Class initialized using 'CodeIgniter\Session\Handlers\FileHandler' driver.
INFO - 2024-09-25 07:30:06 --> Session: Class initialized using 'CodeIgniter\Session\Handlers\FileHandler' driver.
INFO - 2024-09-25 07:30:09 --> Session: Class initialized using 'CodeIgniter\Session\Handlers\FileHandler' driver.
INFO - 2024-09-25 07:33:24 --> Session: Class initialized using 'CodeIgniter\Session\Handlers\FileHandler' driver.
INFO - 2024-09-25 07:38:18 --> Session: Class initialized using 'CodeIgniter\Session\Handlers\FileHandler' driver.
INFO - 2024-09-25 07:38:18 --> Session: Class initialized using 'CodeIgniter\Session\Handlers\FileHandler' driver.
CRITICAL - 2024-09-25 09:38:19 --> Call to undefined method CodeIgniter\Autoloader\Autoloader::initializeKint()
in SYSTEMPATH\Boot.php on line 293.
 1 SYSTEMPATH\Boot.php(56): CodeIgniter\Boot::initializeKint()
 2 FCPATH\index.php(56): CodeIgniter\Boot::bootWeb(Object(Config\Paths))
CRITICAL - 2024-09-25 09:38:20 --> Call to undefined method CodeIgniter\Autoloader\Autoloader::initializeKint()
in SYSTEMPATH\Boot.php on line 293.
 1 SYSTEMPATH\Boot.php(56): CodeIgniter\Boot::initializeKint()
 2 FCPATH\index.php(56): CodeIgniter\Boot::bootWeb(Object(Config\Paths))
INFO - 2024-09-25 07:38:22 --> Session: Class initialized using 'CodeIgniter\Session\Handlers\FileHandler' driver.
INFO - 2024-09-25 07:38:26 --> Session: Class initialized using 'CodeIgniter\Session\Handlers\FileHandler' driver.
INFO - 2024-09-25 07:39:12 --> Session: Class initialized using 'CodeIgniter\Session\Handlers\FileHandler' driver.
CRITICAL - 2024-09-25 07:39:12 --> Undefined variable $con
in APPPATH\Views\portfolio_details.php on line 29.
 1 APPPATH\Views\portfolio_details.php(29): CodeIgniter\Debug\Exceptions->errorHandler(2, 'Undefined variable $con', 'C:\\xampp\\htdocs\\dashboardRegexbyte\\app\\Views\\portfolio_details.php', 29)
 2 SYSTEMPATH\View\View.php(228): include('C:\\xampp\\htdocs\\dashboardRegexbyte\\app\\Views\\portfolio_details.php')
 3 SYSTEMPATH\View\View.php(231): CodeIgniter\View\View->CodeIgniter\View\{closure}()
 4 SYSTEMPATH\Common.php(1190): CodeIgniter\View\View->render('portfolio_details.php', [], true)
 5 APPPATH\Controllers\LoginController.php(421): view('portfolio_details.php', [...])
 6 SYSTEMPATH\CodeIgniter.php(942): App\Controllers\LoginController->details('28')
 7 SYSTEMPATH\CodeIgniter.php(502): CodeIgniter\CodeIgniter->runController(Object(App\Controllers\LoginController))
 8 SYSTEMPATH\CodeIgniter.php(361): CodeIgniter\CodeIgniter->handleRequest(null, Object(Config\Cache), false)
 9 FCPATH\index.php(79): CodeIgniter\CodeIgniter->run()
INFO - 2024-09-25 07:41:15 --> Session: Class initialized using 'CodeIgniter\Session\Handlers\FileHandler' driver.
CRITICAL - 2024-09-25 07:41:15 --> Undefined variable $con
in APPPATH\Views\portfolio_details.php on line 29.
 1 APPPATH\Views\portfolio_details.php(29): CodeIgniter\Debug\Exceptions->errorHandler(2, 'Undefined variable $con', 'C:\\xampp\\htdocs\\dashboardRegexbyte\\app\\Views\\portfolio_details.php', 29)
 2 SYSTEMPATH\View\View.php(228): include('C:\\xampp\\htdocs\\dashboardRegexbyte\\app\\Views\\portfolio_details.php')
 3 SYSTEMPATH\View\View.php(231): CodeIgniter\View\View->CodeIgniter\View\{closure}()
 4 SYSTEMPATH\Common.php(1190): CodeIgniter\View\View->render('portfolio_details.php', [], true)
 5 APPPATH\Controllers\LoginController.php(421): view('portfolio_details.php', [...])
 6 SYSTEMPATH\CodeIgniter.php(942): App\Controllers\LoginController->details('28')
 7 SYSTEMPATH\CodeIgniter.php(502): CodeIgniter\CodeIgniter->runController(Object(App\Controllers\LoginController))
 8 SYSTEMPATH\CodeIgniter.php(361): CodeIgniter\CodeIgniter->handleRequest(null, Object(Config\Cache), false)
 9 FCPATH\index.php(79): CodeIgniter\CodeIgniter->run()
INFO - 2024-09-25 07:41:31 --> Session: Class initialized using 'CodeIgniter\Session\Handlers\FileHandler' driver.
INFO - 2024-09-25 07:43:52 --> Session: Class initialized using 'CodeIgniter\Session\Handlers\FileHandler' driver.
CRITICAL - 2024-09-25 09:43:52 --> Call to undefined method CodeIgniter\Autoloader\Autoloader::initializeKint()
in SYSTEMPATH\Boot.php on line 293.
 1 SYSTEMPATH\Boot.php(56): CodeIgniter\Boot::initializeKint()
 2 FCPATH\index.php(56): CodeIgniter\Boot::bootWeb(Object(Config\Paths))
CRITICAL - 2024-09-25 09:43:53 --> Call to undefined method CodeIgniter\Autoloader\Autoloader::initializeKint()
in SYSTEMPATH\Boot.php on line 293.
 1 SYSTEMPATH\Boot.php(56): CodeIgniter\Boot::initializeKint()
 2 FCPATH\index.php(56): CodeIgniter\Boot::bootWeb(Object(Config\Paths))
INFO - 2024-09-25 07:44:42 --> Session: Class initialized using 'CodeIgniter\Session\Handlers\FileHandler' driver.
INFO - 2024-09-25 07:47:54 --> Session: Class initialized using 'CodeIgniter\Session\Handlers\FileHandler' driver.
INFO - 2024-09-25 07:47:58 --> Session: Class initialized using 'CodeIgniter\Session\Handlers\FileHandler' driver.
INFO - 2024-09-25 07:59:14 --> Session: Class initialized using 'CodeIgniter\Session\Handlers\FileHandler' driver.
INFO - 2024-09-25 07:59:19 --> Session: Class initialized using 'CodeIgniter\Session\Handlers\FileHandler' driver.
INFO - 2024-09-25 07:59:29 --> Session: Class initialized using 'CodeIgniter\Session\Handlers\FileHandler' driver.
CRITICAL - 2024-09-25 09:59:30 --> Call to undefined method CodeIgniter\Autoloader\Autoloader::initializeKint()
in SYSTEMPATH\Boot.php on line 293.
 1 SYSTEMPATH\Boot.php(56): CodeIgniter\Boot::initializeKint()
 2 FCPATH\index.php(56): CodeIgniter\Boot::bootWeb(Object(Config\Paths))
CRITICAL - 2024-09-25 09:59:30 --> Call to undefined method CodeIgniter\Autoloader\Autoloader::initializeKint()
in SYSTEMPATH\Boot.php on line 293.
 1 SYSTEMPATH\Boot.php(56): CodeIgniter\Boot::initializeKint()
 2 FCPATH\index.php(56): CodeIgniter\Boot::bootWeb(Object(Config\Paths))
INFO - 2024-09-25 08:00:23 --> Session: Class initialized using 'CodeIgniter\Session\Handlers\FileHandler' driver.
INFO - 2024-09-25 08:00:24 --> Session: Class initialized using 'CodeIgniter\Session\Handlers\FileHandler' driver.
INFO - 2024-09-25 08:00:27 --> Session: Class initialized using 'CodeIgniter\Session\Handlers\FileHandler' driver.
INFO - 2024-09-25 08:08:12 --> Session: Class initialized using 'CodeIgniter\Session\Handlers\FileHandler' driver.
INFO - 2024-09-25 08:08:19 --> Session: Class initialized using 'CodeIgniter\Session\Handlers\FileHandler' driver.
INFO - 2024-09-25 08:08:29 --> Session: Class initialized using 'CodeIgniter\Session\Handlers\FileHandler' driver.
INFO - 2024-09-25 08:08:31 --> Session: Class initialized using 'CodeIgniter\Session\Handlers\FileHandler' driver.
INFO - 2024-09-25 08:19:09 --> Session: Class initialized using 'CodeIgniter\Session\Handlers\FileHandler' driver.
INFO - 2024-09-25 08:19:11 --> Session: Class initialized using 'CodeIgniter\Session\Handlers\FileHandler' driver.
INFO - 2024-09-25 08:19:50 --> Session: Class initialized using 'CodeIgniter\Session\Handlers\FileHandler' driver.
INFO - 2024-09-25 08:19:51 --> Session: Class initialized using 'CodeIgniter\Session\Handlers\FileHandler' driver.
INFO - 2024-09-25 08:19:55 --> Session: Class initialized using 'CodeIgniter\Session\Handlers\FileHandler' driver.
INFO - 2024-09-25 08:19:55 --> Session: Class initialized using 'CodeIgniter\Session\Handlers\FileHandler' driver.
CRITICAL - 2024-09-25 10:19:56 --> Call to undefined method CodeIgniter\Autoloader\Autoloader::initializeKint()
in SYSTEMPATH\Boot.php on line 293.
 1 SYSTEMPATH\Boot.php(56): CodeIgniter\Boot::initializeKint()
 2 FCPATH\index.php(56): CodeIgniter\Boot::bootWeb(Object(Config\Paths))
CRITICAL - 2024-09-25 10:19:58 --> Call to undefined method CodeIgniter\Autoloader\Autoloader::initializeKint()
in SYSTEMPATH\Boot.php on line 293.
 1 SYSTEMPATH\Boot.php(56): CodeIgniter\Boot::initializeKint()
 2 FCPATH\index.php(56): CodeIgniter\Boot::bootWeb(Object(Config\Paths))
INFO - 2024-09-25 08:20:12 --> Session: Class initialized using 'CodeIgniter\Session\Handlers\FileHandler' driver.
INFO - 2024-09-25 08:20:15 --> Session: Class initialized using 'CodeIgniter\Session\Handlers\FileHandler' driver.
INFO - 2024-09-25 08:20:20 --> Session: Class initialized using 'CodeIgniter\Session\Handlers\FileHandler' driver.
INFO - 2024-09-25 08:20:20 --> Session: Class initialized using 'CodeIgniter\Session\Handlers\FileHandler' driver.
INFO - 2024-09-25 08:21:07 --> Session: Class initialized using 'CodeIgniter\Session\Handlers\FileHandler' driver.
INFO - 2024-09-25 08:21:07 --> Session: Class initialized using 'CodeIgniter\Session\Handlers\FileHandler' driver.
INFO - 2024-09-25 08:21:10 --> Session: Class initialized using 'CodeIgniter\Session\Handlers\FileHandler' driver.
INFO - 2024-09-25 08:21:10 --> Session: Class initialized using 'CodeIgniter\Session\Handlers\FileHandler' driver.
INFO - 2024-09-25 08:21:13 --> Session: Class initialized using 'CodeIgniter\Session\Handlers\FileHandler' driver.
INFO - 2024-09-25 08:21:13 --> Session: Class initialized using 'CodeIgniter\Session\Handlers\FileHandler' driver.
CRITICAL - 2024-09-25 10:21:14 --> Call to undefined method CodeIgniter\Autoloader\Autoloader::initializeKint()
in SYSTEMPATH\Boot.php on line 293.
 1 SYSTEMPATH\Boot.php(56): CodeIgniter\Boot::initializeKint()
 2 FCPATH\index.php(56): CodeIgniter\Boot::bootWeb(Object(Config\Paths))
CRITICAL - 2024-09-25 10:21:14 --> Call to undefined method CodeIgniter\Autoloader\Autoloader::initializeKint()
in SYSTEMPATH\Boot.php on line 293.
 1 SYSTEMPATH\Boot.php(56): CodeIgniter\Boot::initializeKint()
 2 FCPATH\index.php(56): CodeIgniter\Boot::bootWeb(Object(Config\Paths))
INFO - 2024-09-25 08:21:27 --> Session: Class initialized using 'CodeIgniter\Session\Handlers\FileHandler' driver.
INFO - 2024-09-25 08:21:30 --> Session: Class initialized using 'CodeIgniter\Session\Handlers\FileHandler' driver.
INFO - 2024-09-25 08:22:16 --> Session: Class initialized using 'CodeIgniter\Session\Handlers\FileHandler' driver.
INFO - 2024-09-25 08:22:17 --> Session: Class initialized using 'CodeIgniter\Session\Handlers\FileHandler' driver.
INFO - 2024-09-25 08:22:22 --> Session: Class initialized using 'CodeIgniter\Session\Handlers\FileHandler' driver.
INFO - 2024-09-25 08:22:22 --> Session: Class initialized using 'CodeIgniter\Session\Handlers\FileHandler' driver.
CRITICAL - 2024-09-25 10:22:22 --> Call to undefined method CodeIgniter\Autoloader\Autoloader::initializeKint()
in SYSTEMPATH\Boot.php on line 293.
 1 SYSTEMPATH\Boot.php(56): CodeIgniter\Boot::initializeKint()
 2 FCPATH\index.php(56): CodeIgniter\Boot::bootWeb(Object(Config\Paths))
CRITICAL - 2024-09-25 10:22:23 --> Call to undefined method CodeIgniter\Autoloader\Autoloader::initializeKint()
in SYSTEMPATH\Boot.php on line 293.
 1 SYSTEMPATH\Boot.php(56): CodeIgniter\Boot::initializeKint()
 2 FCPATH\index.php(56): CodeIgniter\Boot::bootWeb(Object(Config\Paths))
INFO - 2024-09-25 08:22:35 --> Session: Class initialized using 'CodeIgniter\Session\Handlers\FileHandler' driver.
INFO - 2024-09-25 08:22:38 --> Session: Class initialized using 'CodeIgniter\Session\Handlers\FileHandler' driver.
INFO - 2024-09-25 08:23:03 --> Session: Class initialized using 'CodeIgniter\Session\Handlers\FileHandler' driver.
INFO - 2024-09-25 08:23:04 --> Session: Class initialized using 'CodeIgniter\Session\Handlers\FileHandler' driver.
INFO - 2024-09-25 08:23:34 --> Session: Class initialized using 'CodeIgniter\Session\Handlers\FileHandler' driver.
CRITICAL - 2024-09-25 08:23:34 --> The original file is not a valid file.
in SYSTEMPATH\HTTP\Files\UploadedFile.php on line 146.
 1 SYSTEMPATH\HTTP\Files\UploadedFile.php(146): CodeIgniter\HTTP\Exceptions\HTTPException::forInvalidFile()
 2 APPPATH\Controllers\LoginController.php(219): CodeIgniter\HTTP\Files\UploadedFile->move('C:\\xampp\\htdocs\\dashboardRegexbyte\\uploads/', '')
 3 SYSTEMPATH\CodeIgniter.php(942): App\Controllers\LoginController->UpdateSlider()
 4 SYSTEMPATH\CodeIgniter.php(502): CodeIgniter\CodeIgniter->runController(Object(App\Controllers\LoginController))
 5 SYSTEMPATH\CodeIgniter.php(361): CodeIgniter\CodeIgniter->handleRequest(null, Object(Config\Cache), false)
 6 FCPATH\index.php(79): CodeIgniter\CodeIgniter->run()
INFO - 2024-09-25 08:23:40 --> Session: Class initialized using 'CodeIgniter\Session\Handlers\FileHandler' driver.
INFO - 2024-09-25 08:23:47 --> Session: Class initialized using 'CodeIgniter\Session\Handlers\FileHandler' driver.
CRITICAL - 2024-09-25 08:23:47 --> The original file is not a valid file.
in SYSTEMPATH\HTTP\Files\UploadedFile.php on line 146.
 1 SYSTEMPATH\HTTP\Files\UploadedFile.php(146): CodeIgniter\HTTP\Exceptions\HTTPException::forInvalidFile()
 2 APPPATH\Controllers\LoginController.php(219): CodeIgniter\HTTP\Files\UploadedFile->move('C:\\xampp\\htdocs\\dashboardRegexbyte\\uploads/', '')
 3 SYSTEMPATH\CodeIgniter.php(942): App\Controllers\LoginController->UpdateSlider()
 4 SYSTEMPATH\CodeIgniter.php(502): CodeIgniter\CodeIgniter->runController(Object(App\Controllers\LoginController))
 5 SYSTEMPATH\CodeIgniter.php(361): CodeIgniter\CodeIgniter->handleRequest(null, Object(Config\Cache), false)
 6 FCPATH\index.php(79): CodeIgniter\CodeIgniter->run()
INFO - 2024-09-25 08:24:37 --> Session: Class initialized using 'CodeIgniter\Session\Handlers\FileHandler' driver.
CRITICAL - 2024-09-25 08:24:37 --> The original file is not a valid file.
in SYSTEMPATH\HTTP\Files\UploadedFile.php on line 146.
 1 SYSTEMPATH\HTTP\Files\UploadedFile.php(146): CodeIgniter\HTTP\Exceptions\HTTPException::forInvalidFile()
 2 APPPATH\Controllers\LoginController.php(215): CodeIgniter\HTTP\Files\UploadedFile->move('C:\\xampp\\htdocs\\dashboardRegexbyte\\uploads/', '')
 3 SYSTEMPATH\CodeIgniter.php(942): App\Controllers\LoginController->UpdateSlider()
 4 SYSTEMPATH\CodeIgniter.php(502): CodeIgniter\CodeIgniter->runController(Object(App\Controllers\LoginController))
 5 SYSTEMPATH\CodeIgniter.php(361): CodeIgniter\CodeIgniter->handleRequest(null, Object(Config\Cache), false)
 6 FCPATH\index.php(79): CodeIgniter\CodeIgniter->run()
INFO - 2024-09-25 09:36:41 --> Session: Class initialized using 'CodeIgniter\Session\Handlers\FileHandler' driver.
INFO - 2024-09-25 09:44:11 --> Session: Class initialized using 'CodeIgniter\Session\Handlers\FileHandler' driver.
INFO - 2024-09-25 10:35:16 --> Session: Class initialized using 'CodeIgniter\Session\Handlers\FileHandler' driver.
