INFO - 2024-09-18 06:04:56 --> Session: Class initialized using 'CodeIgniter\Session\Handlers\FileHandler' driver.
CRITICAL - 2024-09-18 08:05:00 --> Call to undefined method CodeIgniter\Autoloader\Autoloader::initializeKint()
in SYSTEMPATH\Boot.php on line 293.
 1 SYSTEMPATH\Boot.php(56): CodeIgniter\Boot::initializeKint()
 2 FCPATH\index.php(56): CodeIgniter\Boot::bootWeb(Object(Config\Paths))
CRITICAL - 2024-09-18 08:05:00 --> Call to undefined method CodeIgniter\Autoloader\Autoloader::initializeKint()
in SYSTEMPATH\Boot.php on line 293.
 1 SYSTEMPATH\Boot.php(56): CodeIgniter\Boot::initializeKint()
 2 FCPATH\index.php(56): CodeIgniter\Boot::bootWeb(Object(Config\Paths))
CRITICAL - 2024-09-18 08:05:01 --> Call to undefined method CodeIgniter\Autoloader\Autoloader::initializeKint()
in SYSTEMPATH\Boot.php on line 293.
 1 SYSTEMPATH\Boot.php(56): CodeIgniter\Boot::initializeKint()
 2 FCPATH\index.php(56): CodeIgniter\Boot::bootWeb(Object(Config\Paths))
CRITICAL - 2024-09-18 08:05:01 --> Call to undefined method CodeIgniter\Autoloader\Autoloader::initializeKint()
in SYSTEMPATH\Boot.php on line 293.
 1 SYSTEMPATH\Boot.php(56): CodeIgniter\Boot::initializeKint()
 2 FCPATH\index.php(56): CodeIgniter\Boot::bootWeb(Object(Config\Paths))
INFO - 2024-09-18 06:33:45 --> Session: Class initialized using 'CodeIgniter\Session\Handlers\FileHandler' driver.
CRITICAL - 2024-09-18 08:33:46 --> Call to undefined method CodeIgniter\Autoloader\Autoloader::initializeKint()
in SYSTEMPATH\Boot.php on line 293.
 1 SYSTEMPATH\Boot.php(56): CodeIgniter\Boot::initializeKint()
 2 FCPATH\index.php(56): CodeIgniter\Boot::bootWeb(Object(Config\Paths))
CRITICAL - 2024-09-18 08:33:46 --> Call to undefined method CodeIgniter\Autoloader\Autoloader::initializeKint()
in SYSTEMPATH\Boot.php on line 293.
 1 SYSTEMPATH\Boot.php(56): CodeIgniter\Boot::initializeKint()
 2 FCPATH\index.php(56): CodeIgniter\Boot::bootWeb(Object(Config\Paths))
CRITICAL - 2024-09-18 08:33:46 --> Call to undefined method CodeIgniter\Autoloader\Autoloader::initializeKint()
in SYSTEMPATH\Boot.php on line 293.
 1 SYSTEMPATH\Boot.php(56): CodeIgniter\Boot::initializeKint()
 2 FCPATH\index.php(56): CodeIgniter\Boot::bootWeb(Object(Config\Paths))
INFO - 2024-09-18 06:34:47 --> Session: Class initialized using 'CodeIgniter\Session\Handlers\FileHandler' driver.
INFO - 2024-09-18 06:34:51 --> Session: Class initialized using 'CodeIgniter\Session\Handlers\FileHandler' driver.
CRITICAL - 2024-09-18 08:34:51 --> Call to undefined method CodeIgniter\Autoloader\Autoloader::initializeKint()
in SYSTEMPATH\Boot.php on line 293.
 1 SYSTEMPATH\Boot.php(56): CodeIgniter\Boot::initializeKint()
 2 FCPATH\index.php(56): CodeIgniter\Boot::bootWeb(Object(Config\Paths))
CRITICAL - 2024-09-18 08:34:51 --> Call to undefined method CodeIgniter\Autoloader\Autoloader::initializeKint()
in SYSTEMPATH\Boot.php on line 293.
 1 SYSTEMPATH\Boot.php(56): CodeIgniter\Boot::initializeKint()
 2 FCPATH\index.php(56): CodeIgniter\Boot::bootWeb(Object(Config\Paths))
CRITICAL - 2024-09-18 08:34:51 --> Call to undefined method CodeIgniter\Autoloader\Autoloader::initializeKint()
in SYSTEMPATH\Boot.php on line 293.
 1 SYSTEMPATH\Boot.php(56): CodeIgniter\Boot::initializeKint()
 2 FCPATH\index.php(56): CodeIgniter\Boot::bootWeb(Object(Config\Paths))
INFO - 2024-09-18 06:34:59 --> Session: Class initialized using 'CodeIgniter\Session\Handlers\FileHandler' driver.
INFO - 2024-09-18 06:35:04 --> Session: Class initialized using 'CodeIgniter\Session\Handlers\FileHandler' driver.
INFO - 2024-09-18 06:35:15 --> Session: Class initialized using 'CodeIgniter\Session\Handlers\FileHandler' driver.
CRITICAL - 2024-09-18 06:35:15 --> Undefined variable $blog
in APPPATH\Views\Slider.php on line 230.
 1 APPPATH\Views\Slider.php(230): CodeIgniter\Debug\Exceptions->errorHandler(2, 'Undefined variable $blog', 'C:\\xampp\\htdocs\\dashboardRegexbyte\\app\\Views\\Slider.php', 230)
 2 SYSTEMPATH\View\View.php(228): include('C:\\xampp\\htdocs\\dashboardRegexbyte\\app\\Views\\Slider.php')
 3 SYSTEMPATH\View\View.php(231): CodeIgniter\View\View->CodeIgniter\View\{closure}()
 4 SYSTEMPATH\Common.php(1190): CodeIgniter\View\View->render('Slider.php', [], true)
 5 APPPATH\Controllers\LoginController.php(200): view('Slider.php', [...])
 6 SYSTEMPATH\CodeIgniter.php(942): App\Controllers\LoginController->getSliderdash()
 7 SYSTEMPATH\CodeIgniter.php(502): CodeIgniter\CodeIgniter->runController(Object(App\Controllers\LoginController))
 8 SYSTEMPATH\CodeIgniter.php(361): CodeIgniter\CodeIgniter->handleRequest(null, Object(Config\Cache), false)
 9 FCPATH\index.php(79): CodeIgniter\CodeIgniter->run()
INFO - 2024-09-18 06:35:23 --> Session: Class initialized using 'CodeIgniter\Session\Handlers\FileHandler' driver.
INFO - 2024-09-18 06:35:27 --> Session: Class initialized using 'CodeIgniter\Session\Handlers\FileHandler' driver.
INFO - 2024-09-18 06:35:33 --> Session: Class initialized using 'CodeIgniter\Session\Handlers\FileHandler' driver.
INFO - 2024-09-18 06:35:39 --> Session: Class initialized using 'CodeIgniter\Session\Handlers\FileHandler' driver.
INFO - 2024-09-18 06:36:05 --> Session: Class initialized using 'CodeIgniter\Session\Handlers\FileHandler' driver.
INFO - 2024-09-18 06:36:05 --> Session: Class initialized using 'CodeIgniter\Session\Handlers\FileHandler' driver.
CRITICAL - 2024-09-18 08:36:05 --> Call to undefined method CodeIgniter\Autoloader\Autoloader::initializeKint()
in SYSTEMPATH\Boot.php on line 293.
 1 SYSTEMPATH\Boot.php(56): CodeIgniter\Boot::initializeKint()
 2 FCPATH\index.php(56): CodeIgniter\Boot::bootWeb(Object(Config\Paths))
CRITICAL - 2024-09-18 08:36:06 --> Call to undefined method CodeIgniter\Autoloader\Autoloader::initializeKint()
in SYSTEMPATH\Boot.php on line 293.
 1 SYSTEMPATH\Boot.php(56): CodeIgniter\Boot::initializeKint()
 2 FCPATH\index.php(56): CodeIgniter\Boot::bootWeb(Object(Config\Paths))
CRITICAL - 2024-09-18 08:36:06 --> Call to undefined method CodeIgniter\Autoloader\Autoloader::initializeKint()
in SYSTEMPATH\Boot.php on line 293.
 1 SYSTEMPATH\Boot.php(56): CodeIgniter\Boot::initializeKint()
 2 FCPATH\index.php(56): CodeIgniter\Boot::bootWeb(Object(Config\Paths))
INFO - 2024-09-18 06:36:08 --> Session: Class initialized using 'CodeIgniter\Session\Handlers\FileHandler' driver.
INFO - 2024-09-18 06:37:09 --> Session: Class initialized using 'CodeIgniter\Session\Handlers\FileHandler' driver.
CRITICAL - 2024-09-18 08:37:09 --> Call to undefined method CodeIgniter\Autoloader\Autoloader::initializeKint()
in SYSTEMPATH\Boot.php on line 293.
 1 SYSTEMPATH\Boot.php(56): CodeIgniter\Boot::initializeKint()
 2 FCPATH\index.php(56): CodeIgniter\Boot::bootWeb(Object(Config\Paths))
CRITICAL - 2024-09-18 08:37:09 --> Call to undefined method CodeIgniter\Autoloader\Autoloader::initializeKint()
in SYSTEMPATH\Boot.php on line 293.
 1 SYSTEMPATH\Boot.php(56): CodeIgniter\Boot::initializeKint()
 2 FCPATH\index.php(56): CodeIgniter\Boot::bootWeb(Object(Config\Paths))
CRITICAL - 2024-09-18 08:37:09 --> Call to undefined method CodeIgniter\Autoloader\Autoloader::initializeKint()
in SYSTEMPATH\Boot.php on line 293.
 1 SYSTEMPATH\Boot.php(56): CodeIgniter\Boot::initializeKint()
 2 FCPATH\index.php(56): CodeIgniter\Boot::bootWeb(Object(Config\Paths))
INFO - 2024-09-18 06:37:22 --> Session: Class initialized using 'CodeIgniter\Session\Handlers\FileHandler' driver.
INFO - 2024-09-18 06:37:30 --> Session: Class initialized using 'CodeIgniter\Session\Handlers\FileHandler' driver.
CRITICAL - 2024-09-18 08:37:30 --> Call to undefined method CodeIgniter\Autoloader\Autoloader::initializeKint()
in SYSTEMPATH\Boot.php on line 293.
 1 SYSTEMPATH\Boot.php(56): CodeIgniter\Boot::initializeKint()
 2 FCPATH\index.php(56): CodeIgniter\Boot::bootWeb(Object(Config\Paths))
CRITICAL - 2024-09-18 08:37:30 --> Call to undefined method CodeIgniter\Autoloader\Autoloader::initializeKint()
in SYSTEMPATH\Boot.php on line 293.
 1 SYSTEMPATH\Boot.php(56): CodeIgniter\Boot::initializeKint()
 2 FCPATH\index.php(56): CodeIgniter\Boot::bootWeb(Object(Config\Paths))
CRITICAL - 2024-09-18 08:37:30 --> Call to undefined method CodeIgniter\Autoloader\Autoloader::initializeKint()
in SYSTEMPATH\Boot.php on line 293.
 1 SYSTEMPATH\Boot.php(56): CodeIgniter\Boot::initializeKint()
 2 FCPATH\index.php(56): CodeIgniter\Boot::bootWeb(Object(Config\Paths))
INFO - 2024-09-18 06:40:43 --> Session: Class initialized using 'CodeIgniter\Session\Handlers\FileHandler' driver.
CRITICAL - 2024-09-18 08:40:43 --> Call to undefined method CodeIgniter\Autoloader\Autoloader::initializeKint()
in SYSTEMPATH\Boot.php on line 293.
 1 SYSTEMPATH\Boot.php(56): CodeIgniter\Boot::initializeKint()
 2 FCPATH\index.php(56): CodeIgniter\Boot::bootWeb(Object(Config\Paths))
CRITICAL - 2024-09-18 08:40:43 --> Call to undefined method CodeIgniter\Autoloader\Autoloader::initializeKint()
in SYSTEMPATH\Boot.php on line 293.
 1 SYSTEMPATH\Boot.php(56): CodeIgniter\Boot::initializeKint()
 2 FCPATH\index.php(56): CodeIgniter\Boot::bootWeb(Object(Config\Paths))
CRITICAL - 2024-09-18 08:40:43 --> Call to undefined method CodeIgniter\Autoloader\Autoloader::initializeKint()
in SYSTEMPATH\Boot.php on line 293.
 1 SYSTEMPATH\Boot.php(56): CodeIgniter\Boot::initializeKint()
 2 FCPATH\index.php(56): CodeIgniter\Boot::bootWeb(Object(Config\Paths))
INFO - 2024-09-18 15:45:43 --> Session: Class initialized using 'CodeIgniter\Session\Handlers\FileHandler' driver.
CRITICAL - 2024-09-18 17:45:44 --> Call to undefined method CodeIgniter\Autoloader\Autoloader::initializeKint()
in SYSTEMPATH\Boot.php on line 293.
 1 SYSTEMPATH\Boot.php(56): CodeIgniter\Boot::initializeKint()
 2 FCPATH\index.php(56): CodeIgniter\Boot::bootWeb(Object(Config\Paths))
CRITICAL - 2024-09-18 17:45:44 --> Call to undefined method CodeIgniter\Autoloader\Autoloader::initializeKint()
in SYSTEMPATH\Boot.php on line 293.
 1 SYSTEMPATH\Boot.php(56): CodeIgniter\Boot::initializeKint()
 2 FCPATH\index.php(56): CodeIgniter\Boot::bootWeb(Object(Config\Paths))
CRITICAL - 2024-09-18 17:45:44 --> Call to undefined method CodeIgniter\Autoloader\Autoloader::initializeKint()
in SYSTEMPATH\Boot.php on line 293.
 1 SYSTEMPATH\Boot.php(56): CodeIgniter\Boot::initializeKint()
 2 FCPATH\index.php(56): CodeIgniter\Boot::bootWeb(Object(Config\Paths))
INFO - 2024-09-18 15:48:03 --> Session: Class initialized using 'CodeIgniter\Session\Handlers\FileHandler' driver.
CRITICAL - 2024-09-18 17:48:04 --> Call to undefined method CodeIgniter\Autoloader\Autoloader::initializeKint()
in SYSTEMPATH\Boot.php on line 293.
 1 SYSTEMPATH\Boot.php(56): CodeIgniter\Boot::initializeKint()
 2 FCPATH\index.php(56): CodeIgniter\Boot::bootWeb(Object(Config\Paths))
CRITICAL - 2024-09-18 17:48:04 --> Call to undefined method CodeIgniter\Autoloader\Autoloader::initializeKint()
in SYSTEMPATH\Boot.php on line 293.
 1 SYSTEMPATH\Boot.php(56): CodeIgniter\Boot::initializeKint()
 2 FCPATH\index.php(56): CodeIgniter\Boot::bootWeb(Object(Config\Paths))
CRITICAL - 2024-09-18 17:48:05 --> Call to undefined method CodeIgniter\Autoloader\Autoloader::initializeKint()
in SYSTEMPATH\Boot.php on line 293.
 1 SYSTEMPATH\Boot.php(56): CodeIgniter\Boot::initializeKint()
 2 FCPATH\index.php(56): CodeIgniter\Boot::bootWeb(Object(Config\Paths))
INFO - 2024-09-18 15:48:12 --> Session: Class initialized using 'CodeIgniter\Session\Handlers\FileHandler' driver.
INFO - 2024-09-18 15:48:18 --> Session: Class initialized using 'CodeIgniter\Session\Handlers\FileHandler' driver.
INFO - 2024-09-18 15:48:31 --> Session: Class initialized using 'CodeIgniter\Session\Handlers\FileHandler' driver.
INFO - 2024-09-18 15:48:31 --> Session: Class initialized using 'CodeIgniter\Session\Handlers\FileHandler' driver.
INFO - 2024-09-18 15:52:21 --> Session: Class initialized using 'CodeIgniter\Session\Handlers\FileHandler' driver.
INFO - 2024-09-18 15:52:25 --> Session: Class initialized using 'CodeIgniter\Session\Handlers\FileHandler' driver.
INFO - 2024-09-18 15:52:58 --> Session: Class initialized using 'CodeIgniter\Session\Handlers\FileHandler' driver.
INFO - 2024-09-18 15:53:25 --> Session: Class initialized using 'CodeIgniter\Session\Handlers\FileHandler' driver.
INFO - 2024-09-18 15:54:14 --> Session: Class initialized using 'CodeIgniter\Session\Handlers\FileHandler' driver.
INFO - 2024-09-18 15:54:14 --> Session: Class initialized using 'CodeIgniter\Session\Handlers\FileHandler' driver.
INFO - 2024-09-18 15:55:50 --> Session: Class initialized using 'CodeIgniter\Session\Handlers\FileHandler' driver.
INFO - 2024-09-18 15:55:51 --> Session: Class initialized using 'CodeIgniter\Session\Handlers\FileHandler' driver.
INFO - 2024-09-18 15:56:26 --> Session: Class initialized using 'CodeIgniter\Session\Handlers\FileHandler' driver.
INFO - 2024-09-18 15:58:45 --> Session: Class initialized using 'CodeIgniter\Session\Handlers\FileHandler' driver.
INFO - 2024-09-18 15:59:01 --> Session: Class initialized using 'CodeIgniter\Session\Handlers\FileHandler' driver.
CRITICAL - 2024-09-18 17:59:03 --> Call to undefined method CodeIgniter\Autoloader\Autoloader::initializeKint()
in SYSTEMPATH\Boot.php on line 293.
 1 SYSTEMPATH\Boot.php(56): CodeIgniter\Boot::initializeKint()
 2 FCPATH\index.php(56): CodeIgniter\Boot::bootWeb(Object(Config\Paths))
CRITICAL - 2024-09-18 17:59:03 --> Call to undefined method CodeIgniter\Autoloader\Autoloader::initializeKint()
in SYSTEMPATH\Boot.php on line 293.
 1 SYSTEMPATH\Boot.php(56): CodeIgniter\Boot::initializeKint()
 2 FCPATH\index.php(56): CodeIgniter\Boot::bootWeb(Object(Config\Paths))
CRITICAL - 2024-09-18 17:59:03 --> Call to undefined method CodeIgniter\Autoloader\Autoloader::initializeKint()
in SYSTEMPATH\Boot.php on line 293.
 1 SYSTEMPATH\Boot.php(56): CodeIgniter\Boot::initializeKint()
 2 FCPATH\index.php(56): CodeIgniter\Boot::bootWeb(Object(Config\Paths))
CRITICAL - 2024-09-18 17:59:04 --> Call to undefined method CodeIgniter\Autoloader\Autoloader::initializeKint()
in SYSTEMPATH\Boot.php on line 293.
 1 SYSTEMPATH\Boot.php(56): CodeIgniter\Boot::initializeKint()
 2 FCPATH\index.php(56): CodeIgniter\Boot::bootWeb(Object(Config\Paths))
INFO - 2024-09-18 15:59:44 --> Session: Class initialized using 'CodeIgniter\Session\Handlers\FileHandler' driver.
INFO - 2024-09-18 15:59:59 --> Session: Class initialized using 'CodeIgniter\Session\Handlers\FileHandler' driver.
INFO - 2024-09-18 16:00:12 --> Session: Class initialized using 'CodeIgniter\Session\Handlers\FileHandler' driver.
INFO - 2024-09-18 16:01:43 --> Session: Class initialized using 'CodeIgniter\Session\Handlers\FileHandler' driver.
INFO - 2024-09-18 16:01:50 --> Session: Class initialized using 'CodeIgniter\Session\Handlers\FileHandler' driver.
CRITICAL - 2024-09-18 16:01:50 --> Undefined variable $blog
in APPPATH\Views\Slider.php on line 230.
 1 APPPATH\Views\Slider.php(230): CodeIgniter\Debug\Exceptions->errorHandler(2, 'Undefined variable $blog', 'C:\\xampp\\htdocs\\dashboardRegexbyte\\app\\Views\\Slider.php', 230)
 2 SYSTEMPATH\View\View.php(228): include('C:\\xampp\\htdocs\\dashboardRegexbyte\\app\\Views\\Slider.php')
 3 SYSTEMPATH\View\View.php(231): CodeIgniter\View\View->CodeIgniter\View\{closure}()
 4 SYSTEMPATH\Common.php(1190): CodeIgniter\View\View->render('Slider.php', [], true)
 5 APPPATH\Controllers\LoginController.php(200): view('Slider.php', [...])
 6 SYSTEMPATH\CodeIgniter.php(942): App\Controllers\LoginController->getSliderdash()
 7 SYSTEMPATH\CodeIgniter.php(502): CodeIgniter\CodeIgniter->runController(Object(App\Controllers\LoginController))
 8 SYSTEMPATH\CodeIgniter.php(361): CodeIgniter\CodeIgniter->handleRequest(null, Object(Config\Cache), false)
 9 FCPATH\index.php(79): CodeIgniter\CodeIgniter->run()
INFO - 2024-09-18 16:01:55 --> Session: Class initialized using 'CodeIgniter\Session\Handlers\FileHandler' driver.
INFO - 2024-09-18 16:01:56 --> Session: Class initialized using 'CodeIgniter\Session\Handlers\FileHandler' driver.
INFO - 2024-09-18 16:01:57 --> Session: Class initialized using 'CodeIgniter\Session\Handlers\FileHandler' driver.
INFO - 2024-09-18 16:02:00 --> Session: Class initialized using 'CodeIgniter\Session\Handlers\FileHandler' driver.
INFO - 2024-09-18 16:02:02 --> Session: Class initialized using 'CodeIgniter\Session\Handlers\FileHandler' driver.
CRITICAL - 2024-09-18 16:02:02 --> Undefined variable $blog
in APPPATH\Views\Slider.php on line 230.
 1 APPPATH\Views\Slider.php(230): CodeIgniter\Debug\Exceptions->errorHandler(2, 'Undefined variable $blog', 'C:\\xampp\\htdocs\\dashboardRegexbyte\\app\\Views\\Slider.php', 230)
 2 SYSTEMPATH\View\View.php(228): include('C:\\xampp\\htdocs\\dashboardRegexbyte\\app\\Views\\Slider.php')
 3 SYSTEMPATH\View\View.php(231): CodeIgniter\View\View->CodeIgniter\View\{closure}()
 4 SYSTEMPATH\Common.php(1190): CodeIgniter\View\View->render('Slider.php', [], true)
 5 APPPATH\Controllers\LoginController.php(200): view('Slider.php', [...])
 6 SYSTEMPATH\CodeIgniter.php(942): App\Controllers\LoginController->getSliderdash()
 7 SYSTEMPATH\CodeIgniter.php(502): CodeIgniter\CodeIgniter->runController(Object(App\Controllers\LoginController))
 8 SYSTEMPATH\CodeIgniter.php(361): CodeIgniter\CodeIgniter->handleRequest(null, Object(Config\Cache), false)
 9 FCPATH\index.php(79): CodeIgniter\CodeIgniter->run()
INFO - 2024-09-18 16:02:04 --> Session: Class initialized using 'CodeIgniter\Session\Handlers\FileHandler' driver.
INFO - 2024-09-18 16:02:07 --> Session: Class initialized using 'CodeIgniter\Session\Handlers\FileHandler' driver.
INFO - 2024-09-18 16:02:09 --> Session: Class initialized using 'CodeIgniter\Session\Handlers\FileHandler' driver.
INFO - 2024-09-18 16:02:11 --> Session: Class initialized using 'CodeIgniter\Session\Handlers\FileHandler' driver.
INFO - 2024-09-18 16:02:13 --> Session: Class initialized using 'CodeIgniter\Session\Handlers\FileHandler' driver.
INFO - 2024-09-18 16:02:14 --> Session: Class initialized using 'CodeIgniter\Session\Handlers\FileHandler' driver.
INFO - 2024-09-18 16:07:19 --> Session: Class initialized using 'CodeIgniter\Session\Handlers\FileHandler' driver.
INFO - 2024-09-18 16:08:15 --> Session: Class initialized using 'CodeIgniter\Session\Handlers\FileHandler' driver.
CRITICAL - 2024-09-18 18:09:26 --> Call to undefined method CodeIgniter\Autoloader\Autoloader::initializeKint()
in SYSTEMPATH\Boot.php on line 293.
 1 SYSTEMPATH\Boot.php(56): CodeIgniter\Boot::initializeKint()
 2 FCPATH\index.php(56): CodeIgniter\Boot::bootWeb(Object(Config\Paths))
CRITICAL - 2024-09-18 18:09:26 --> Call to undefined method CodeIgniter\Autoloader\Autoloader::initializeKint()
in SYSTEMPATH\Boot.php on line 293.
 1 SYSTEMPATH\Boot.php(56): CodeIgniter\Boot::initializeKint()
 2 FCPATH\index.php(56): CodeIgniter\Boot::bootWeb(Object(Config\Paths))
INFO - 2024-09-18 16:10:34 --> Session: Class initialized using 'CodeIgniter\Session\Handlers\FileHandler' driver.
INFO - 2024-09-18 16:10:46 --> Session: Class initialized using 'CodeIgniter\Session\Handlers\FileHandler' driver.
INFO - 2024-09-18 16:12:31 --> Session: Class initialized using 'CodeIgniter\Session\Handlers\FileHandler' driver.
INFO - 2024-09-18 16:13:06 --> Session: Class initialized using 'CodeIgniter\Session\Handlers\FileHandler' driver.
INFO - 2024-09-18 16:13:19 --> Session: Class initialized using 'CodeIgniter\Session\Handlers\FileHandler' driver.
CRITICAL - 2024-09-18 18:13:26 --> Call to undefined method CodeIgniter\Autoloader\Autoloader::initializeKint()
in SYSTEMPATH\Boot.php on line 293.
 1 SYSTEMPATH\Boot.php(56): CodeIgniter\Boot::initializeKint()
 2 FCPATH\index.php(56): CodeIgniter\Boot::bootWeb(Object(Config\Paths))
CRITICAL - 2024-09-18 18:13:26 --> Call to undefined method CodeIgniter\Autoloader\Autoloader::initializeKint()
in SYSTEMPATH\Boot.php on line 293.
 1 SYSTEMPATH\Boot.php(56): CodeIgniter\Boot::initializeKint()
 2 FCPATH\index.php(56): CodeIgniter\Boot::bootWeb(Object(Config\Paths))
INFO - 2024-09-18 16:19:53 --> Session: Class initialized using 'CodeIgniter\Session\Handlers\FileHandler' driver.
INFO - 2024-09-18 16:19:53 --> Session: Class initialized using 'CodeIgniter\Session\Handlers\FileHandler' driver.
CRITICAL - 2024-09-18 18:19:55 --> Call to undefined method CodeIgniter\Autoloader\Autoloader::initializeKint()
in SYSTEMPATH\Boot.php on line 293.
 1 SYSTEMPATH\Boot.php(56): CodeIgniter\Boot::initializeKint()
 2 FCPATH\index.php(56): CodeIgniter\Boot::bootWeb(Object(Config\Paths))
CRITICAL - 2024-09-18 18:19:55 --> Call to undefined method CodeIgniter\Autoloader\Autoloader::initializeKint()
in SYSTEMPATH\Boot.php on line 293.
 1 SYSTEMPATH\Boot.php(56): CodeIgniter\Boot::initializeKint()
 2 FCPATH\index.php(56): CodeIgniter\Boot::bootWeb(Object(Config\Paths))
INFO - 2024-09-18 16:20:42 --> Session: Class initialized using 'CodeIgniter\Session\Handlers\FileHandler' driver.
INFO - 2024-09-18 16:20:42 --> Session: Class initialized using 'CodeIgniter\Session\Handlers\FileHandler' driver.
INFO - 2024-09-18 16:21:27 --> Session: Class initialized using 'CodeIgniter\Session\Handlers\FileHandler' driver.
INFO - 2024-09-18 16:21:28 --> Session: Class initialized using 'CodeIgniter\Session\Handlers\FileHandler' driver.
INFO - 2024-09-18 16:22:08 --> Session: Class initialized using 'CodeIgniter\Session\Handlers\FileHandler' driver.
INFO - 2024-09-18 16:22:38 --> Session: Class initialized using 'CodeIgniter\Session\Handlers\FileHandler' driver.
INFO - 2024-09-18 16:22:38 --> Session: Class initialized using 'CodeIgniter\Session\Handlers\FileHandler' driver.
INFO - 2024-09-18 16:22:42 --> Session: Class initialized using 'CodeIgniter\Session\Handlers\FileHandler' driver.
INFO - 2024-09-18 16:22:42 --> Session: Class initialized using 'CodeIgniter\Session\Handlers\FileHandler' driver.
INFO - 2024-09-18 16:23:33 --> Session: Class initialized using 'CodeIgniter\Session\Handlers\FileHandler' driver.
INFO - 2024-09-18 16:23:52 --> Session: Class initialized using 'CodeIgniter\Session\Handlers\FileHandler' driver.
INFO - 2024-09-18 16:24:03 --> Session: Class initialized using 'CodeIgniter\Session\Handlers\FileHandler' driver.
INFO - 2024-09-18 16:24:36 --> Session: Class initialized using 'CodeIgniter\Session\Handlers\FileHandler' driver.
INFO - 2024-09-18 16:24:51 --> Session: Class initialized using 'CodeIgniter\Session\Handlers\FileHandler' driver.
INFO - 2024-09-18 16:25:10 --> Session: Class initialized using 'CodeIgniter\Session\Handlers\FileHandler' driver.
INFO - 2024-09-18 16:25:12 --> Session: Class initialized using 'CodeIgniter\Session\Handlers\FileHandler' driver.
INFO - 2024-09-18 16:25:51 --> Session: Class initialized using 'CodeIgniter\Session\Handlers\FileHandler' driver.
CRITICAL - 2024-09-18 18:25:52 --> Call to undefined method CodeIgniter\Autoloader\Autoloader::initializeKint()
in SYSTEMPATH\Boot.php on line 293.
 1 SYSTEMPATH\Boot.php(56): CodeIgniter\Boot::initializeKint()
 2 FCPATH\index.php(56): CodeIgniter\Boot::bootWeb(Object(Config\Paths))
CRITICAL - 2024-09-18 18:25:53 --> Call to undefined method CodeIgniter\Autoloader\Autoloader::initializeKint()
in SYSTEMPATH\Boot.php on line 293.
 1 SYSTEMPATH\Boot.php(56): CodeIgniter\Boot::initializeKint()
 2 FCPATH\index.php(56): CodeIgniter\Boot::bootWeb(Object(Config\Paths))
CRITICAL - 2024-09-18 18:25:53 --> Call to undefined method CodeIgniter\Autoloader\Autoloader::initializeKint()
in SYSTEMPATH\Boot.php on line 293.
 1 SYSTEMPATH\Boot.php(56): CodeIgniter\Boot::initializeKint()
 2 FCPATH\index.php(56): CodeIgniter\Boot::bootWeb(Object(Config\Paths))
CRITICAL - 2024-09-18 18:25:53 --> Call to undefined method CodeIgniter\Autoloader\Autoloader::initializeKint()
in SYSTEMPATH\Boot.php on line 293.
 1 SYSTEMPATH\Boot.php(56): CodeIgniter\Boot::initializeKint()
 2 FCPATH\index.php(56): CodeIgniter\Boot::bootWeb(Object(Config\Paths))
INFO - 2024-09-18 16:27:38 --> Session: Class initialized using 'CodeIgniter\Session\Handlers\FileHandler' driver.
CRITICAL - 2024-09-18 16:27:38 --> Undefined variable $blog
in APPPATH\Views\Slider.php on line 230.
 1 APPPATH\Views\Slider.php(230): CodeIgniter\Debug\Exceptions->errorHandler(2, 'Undefined variable $blog', 'C:\\xampp\\htdocs\\dashboardRegexbyte\\app\\Views\\Slider.php', 230)
 2 SYSTEMPATH\View\View.php(228): include('C:\\xampp\\htdocs\\dashboardRegexbyte\\app\\Views\\Slider.php')
 3 SYSTEMPATH\View\View.php(231): CodeIgniter\View\View->CodeIgniter\View\{closure}()
 4 SYSTEMPATH\Common.php(1190): CodeIgniter\View\View->render('Slider.php', [], true)
 5 APPPATH\Controllers\LoginController.php(200): view('Slider.php', [...])
 6 SYSTEMPATH\CodeIgniter.php(942): App\Controllers\LoginController->getSliderdash()
 7 SYSTEMPATH\CodeIgniter.php(502): CodeIgniter\CodeIgniter->runController(Object(App\Controllers\LoginController))
 8 SYSTEMPATH\CodeIgniter.php(361): CodeIgniter\CodeIgniter->handleRequest(null, Object(Config\Cache), false)
 9 FCPATH\index.php(79): CodeIgniter\CodeIgniter->run()
INFO - 2024-09-18 16:28:26 --> Session: Class initialized using 'CodeIgniter\Session\Handlers\FileHandler' driver.
INFO - 2024-09-18 16:28:40 --> Session: Class initialized using 'CodeIgniter\Session\Handlers\FileHandler' driver.
INFO - 2024-09-18 16:29:55 --> Session: Class initialized using 'CodeIgniter\Session\Handlers\FileHandler' driver.
INFO - 2024-09-18 16:29:57 --> Session: Class initialized using 'CodeIgniter\Session\Handlers\FileHandler' driver.
INFO - 2024-09-18 16:29:59 --> Session: Class initialized using 'CodeIgniter\Session\Handlers\FileHandler' driver.
INFO - 2024-09-18 16:30:01 --> Session: Class initialized using 'CodeIgniter\Session\Handlers\FileHandler' driver.
INFO - 2024-09-18 16:30:03 --> Session: Class initialized using 'CodeIgniter\Session\Handlers\FileHandler' driver.
INFO - 2024-09-18 16:30:04 --> Session: Class initialized using 'CodeIgniter\Session\Handlers\FileHandler' driver.
INFO - 2024-09-18 16:30:24 --> Session: Class initialized using 'CodeIgniter\Session\Handlers\FileHandler' driver.
INFO - 2024-09-18 16:30:25 --> Session: Class initialized using 'CodeIgniter\Session\Handlers\FileHandler' driver.
INFO - 2024-09-18 16:30:27 --> Session: Class initialized using 'CodeIgniter\Session\Handlers\FileHandler' driver.
INFO - 2024-09-18 16:30:30 --> Session: Class initialized using 'CodeIgniter\Session\Handlers\FileHandler' driver.
INFO - 2024-09-18 16:30:32 --> Session: Class initialized using 'CodeIgniter\Session\Handlers\FileHandler' driver.
INFO - 2024-09-18 16:31:37 --> Session: Class initialized using 'CodeIgniter\Session\Handlers\FileHandler' driver.
INFO - 2024-09-18 16:31:37 --> Session: Class initialized using 'CodeIgniter\Session\Handlers\FileHandler' driver.
INFO - 2024-09-18 16:34:17 --> Session: Class initialized using 'CodeIgniter\Session\Handlers\FileHandler' driver.
INFO - 2024-09-18 16:34:23 --> Session: Class initialized using 'CodeIgniter\Session\Handlers\FileHandler' driver.
INFO - 2024-09-18 16:34:24 --> Session: Class initialized using 'CodeIgniter\Session\Handlers\FileHandler' driver.
INFO - 2024-09-18 16:34:28 --> Session: Class initialized using 'CodeIgniter\Session\Handlers\FileHandler' driver.
INFO - 2024-09-18 16:34:28 --> Session: Class initialized using 'CodeIgniter\Session\Handlers\FileHandler' driver.
INFO - 2024-09-18 16:35:19 --> Session: Class initialized using 'CodeIgniter\Session\Handlers\FileHandler' driver.
INFO - 2024-09-18 16:35:30 --> Session: Class initialized using 'CodeIgniter\Session\Handlers\FileHandler' driver.
INFO - 2024-09-18 16:35:31 --> Session: Class initialized using 'CodeIgniter\Session\Handlers\FileHandler' driver.
INFO - 2024-09-18 16:43:59 --> Session: Class initialized using 'CodeIgniter\Session\Handlers\FileHandler' driver.
CRITICAL - 2024-09-18 18:44:00 --> Call to undefined method CodeIgniter\Autoloader\Autoloader::initializeKint()
in SYSTEMPATH\Boot.php on line 293.
 1 SYSTEMPATH\Boot.php(56): CodeIgniter\Boot::initializeKint()
 2 FCPATH\index.php(56): CodeIgniter\Boot::bootWeb(Object(Config\Paths))
CRITICAL - 2024-09-18 18:44:00 --> Call to undefined method CodeIgniter\Autoloader\Autoloader::initializeKint()
in SYSTEMPATH\Boot.php on line 293.
 1 SYSTEMPATH\Boot.php(56): CodeIgniter\Boot::initializeKint()
 2 FCPATH\index.php(56): CodeIgniter\Boot::bootWeb(Object(Config\Paths))
CRITICAL - 2024-09-18 18:44:01 --> Call to undefined method CodeIgniter\Autoloader\Autoloader::initializeKint()
in SYSTEMPATH\Boot.php on line 293.
 1 SYSTEMPATH\Boot.php(56): CodeIgniter\Boot::initializeKint()
 2 FCPATH\index.php(56): CodeIgniter\Boot::bootWeb(Object(Config\Paths))
INFO - 2024-09-18 16:46:36 --> Session: Class initialized using 'CodeIgniter\Session\Handlers\FileHandler' driver.
CRITICAL - 2024-09-18 18:46:36 --> Call to undefined method CodeIgniter\Autoloader\Autoloader::initializeKint()
in SYSTEMPATH\Boot.php on line 293.
 1 SYSTEMPATH\Boot.php(56): CodeIgniter\Boot::initializeKint()
 2 FCPATH\index.php(56): CodeIgniter\Boot::bootWeb(Object(Config\Paths))
CRITICAL - 2024-09-18 18:46:38 --> Call to undefined method CodeIgniter\Autoloader\Autoloader::initializeKint()
in SYSTEMPATH\Boot.php on line 293.
 1 SYSTEMPATH\Boot.php(56): CodeIgniter\Boot::initializeKint()
 2 FCPATH\index.php(56): CodeIgniter\Boot::bootWeb(Object(Config\Paths))
CRITICAL - 2024-09-18 18:46:38 --> Call to undefined method CodeIgniter\Autoloader\Autoloader::initializeKint()
in SYSTEMPATH\Boot.php on line 293.
 1 SYSTEMPATH\Boot.php(56): CodeIgniter\Boot::initializeKint()
 2 FCPATH\index.php(56): CodeIgniter\Boot::bootWeb(Object(Config\Paths))
CRITICAL - 2024-09-18 18:46:38 --> Call to undefined method CodeIgniter\Autoloader\Autoloader::initializeKint()
in SYSTEMPATH\Boot.php on line 293.
 1 SYSTEMPATH\Boot.php(56): CodeIgniter\Boot::initializeKint()
 2 FCPATH\index.php(56): CodeIgniter\Boot::bootWeb(Object(Config\Paths))
INFO - 2024-09-18 16:47:40 --> Session: Class initialized using 'CodeIgniter\Session\Handlers\FileHandler' driver.
CRITICAL - 2024-09-18 18:47:41 --> Call to undefined method CodeIgniter\Autoloader\Autoloader::initializeKint()
in SYSTEMPATH\Boot.php on line 293.
 1 SYSTEMPATH\Boot.php(56): CodeIgniter\Boot::initializeKint()
 2 FCPATH\index.php(56): CodeIgniter\Boot::bootWeb(Object(Config\Paths))
CRITICAL - 2024-09-18 18:47:41 --> Call to undefined method CodeIgniter\Autoloader\Autoloader::initializeKint()
in SYSTEMPATH\Boot.php on line 293.
 1 SYSTEMPATH\Boot.php(56): CodeIgniter\Boot::initializeKint()
 2 FCPATH\index.php(56): CodeIgniter\Boot::bootWeb(Object(Config\Paths))
CRITICAL - 2024-09-18 18:47:41 --> Call to undefined method CodeIgniter\Autoloader\Autoloader::initializeKint()
in SYSTEMPATH\Boot.php on line 293.
 1 SYSTEMPATH\Boot.php(56): CodeIgniter\Boot::initializeKint()
 2 FCPATH\index.php(56): CodeIgniter\Boot::bootWeb(Object(Config\Paths))
CRITICAL - 2024-09-18 18:47:41 --> Call to undefined method CodeIgniter\Autoloader\Autoloader::initializeKint()
in SYSTEMPATH\Boot.php on line 293.
 1 SYSTEMPATH\Boot.php(56): CodeIgniter\Boot::initializeKint()
 2 FCPATH\index.php(56): CodeIgniter\Boot::bootWeb(Object(Config\Paths))
INFO - 2024-09-18 16:52:29 --> Session: Class initialized using 'CodeIgniter\Session\Handlers\FileHandler' driver.
CRITICAL - 2024-09-18 18:52:29 --> Call to undefined method CodeIgniter\Autoloader\Autoloader::initializeKint()
in SYSTEMPATH\Boot.php on line 293.
 1 SYSTEMPATH\Boot.php(56): CodeIgniter\Boot::initializeKint()
 2 FCPATH\index.php(56): CodeIgniter\Boot::bootWeb(Object(Config\Paths))
CRITICAL - 2024-09-18 18:52:30 --> Call to undefined method CodeIgniter\Autoloader\Autoloader::initializeKint()
in SYSTEMPATH\Boot.php on line 293.
 1 SYSTEMPATH\Boot.php(56): CodeIgniter\Boot::initializeKint()
 2 FCPATH\index.php(56): CodeIgniter\Boot::bootWeb(Object(Config\Paths))
CRITICAL - 2024-09-18 18:52:31 --> Call to undefined method CodeIgniter\Autoloader\Autoloader::initializeKint()
in SYSTEMPATH\Boot.php on line 293.
 1 SYSTEMPATH\Boot.php(56): CodeIgniter\Boot::initializeKint()
 2 FCPATH\index.php(56): CodeIgniter\Boot::bootWeb(Object(Config\Paths))
INFO - 2024-09-18 16:52:56 --> Session: Class initialized using 'CodeIgniter\Session\Handlers\FileHandler' driver.
CRITICAL - 2024-09-18 18:52:56 --> Call to undefined method CodeIgniter\Autoloader\Autoloader::initializeKint()
in SYSTEMPATH\Boot.php on line 293.
 1 SYSTEMPATH\Boot.php(56): CodeIgniter\Boot::initializeKint()
 2 FCPATH\index.php(56): CodeIgniter\Boot::bootWeb(Object(Config\Paths))
CRITICAL - 2024-09-18 18:52:56 --> Call to undefined method CodeIgniter\Autoloader\Autoloader::initializeKint()
in SYSTEMPATH\Boot.php on line 293.
 1 SYSTEMPATH\Boot.php(56): CodeIgniter\Boot::initializeKint()
 2 FCPATH\index.php(56): CodeIgniter\Boot::bootWeb(Object(Config\Paths))
CRITICAL - 2024-09-18 18:52:57 --> Call to undefined method CodeIgniter\Autoloader\Autoloader::initializeKint()
in SYSTEMPATH\Boot.php on line 293.
 1 SYSTEMPATH\Boot.php(56): CodeIgniter\Boot::initializeKint()
 2 FCPATH\index.php(56): CodeIgniter\Boot::bootWeb(Object(Config\Paths))
INFO - 2024-09-18 16:54:48 --> Session: Class initialized using 'CodeIgniter\Session\Handlers\FileHandler' driver.
CRITICAL - 2024-09-18 18:54:49 --> Call to undefined method CodeIgniter\Autoloader\Autoloader::initializeKint()
in SYSTEMPATH\Boot.php on line 293.
 1 SYSTEMPATH\Boot.php(56): CodeIgniter\Boot::initializeKint()
 2 FCPATH\index.php(56): CodeIgniter\Boot::bootWeb(Object(Config\Paths))
CRITICAL - 2024-09-18 18:54:50 --> Call to undefined method CodeIgniter\Autoloader\Autoloader::initializeKint()
in SYSTEMPATH\Boot.php on line 293.
 1 SYSTEMPATH\Boot.php(56): CodeIgniter\Boot::initializeKint()
 2 FCPATH\index.php(56): CodeIgniter\Boot::bootWeb(Object(Config\Paths))
CRITICAL - 2024-09-18 18:54:50 --> Call to undefined method CodeIgniter\Autoloader\Autoloader::initializeKint()
in SYSTEMPATH\Boot.php on line 293.
 1 SYSTEMPATH\Boot.php(56): CodeIgniter\Boot::initializeKint()
 2 FCPATH\index.php(56): CodeIgniter\Boot::bootWeb(Object(Config\Paths))
CRITICAL - 2024-09-18 18:54:51 --> Call to undefined method CodeIgniter\Autoloader\Autoloader::initializeKint()
in SYSTEMPATH\Boot.php on line 293.
 1 SYSTEMPATH\Boot.php(56): CodeIgniter\Boot::initializeKint()
 2 FCPATH\index.php(56): CodeIgniter\Boot::bootWeb(Object(Config\Paths))
INFO - 2024-09-18 16:55:50 --> Session: Class initialized using 'CodeIgniter\Session\Handlers\FileHandler' driver.
CRITICAL - 2024-09-18 18:55:50 --> Call to undefined method CodeIgniter\Autoloader\Autoloader::initializeKint()
in SYSTEMPATH\Boot.php on line 293.
 1 SYSTEMPATH\Boot.php(56): CodeIgniter\Boot::initializeKint()
 2 FCPATH\index.php(56): CodeIgniter\Boot::bootWeb(Object(Config\Paths))
CRITICAL - 2024-09-18 18:55:50 --> Call to undefined method CodeIgniter\Autoloader\Autoloader::initializeKint()
in SYSTEMPATH\Boot.php on line 293.
 1 SYSTEMPATH\Boot.php(56): CodeIgniter\Boot::initializeKint()
 2 FCPATH\index.php(56): CodeIgniter\Boot::bootWeb(Object(Config\Paths))
CRITICAL - 2024-09-18 18:55:50 --> Call to undefined method CodeIgniter\Autoloader\Autoloader::initializeKint()
in SYSTEMPATH\Boot.php on line 293.
 1 SYSTEMPATH\Boot.php(56): CodeIgniter\Boot::initializeKint()
 2 FCPATH\index.php(56): CodeIgniter\Boot::bootWeb(Object(Config\Paths))
CRITICAL - 2024-09-18 18:55:50 --> Call to undefined method CodeIgniter\Autoloader\Autoloader::initializeKint()
in SYSTEMPATH\Boot.php on line 293.
 1 SYSTEMPATH\Boot.php(56): CodeIgniter\Boot::initializeKint()
 2 FCPATH\index.php(56): CodeIgniter\Boot::bootWeb(Object(Config\Paths))
INFO - 2024-09-18 17:25:33 --> Session: Class initialized using 'CodeIgniter\Session\Handlers\FileHandler' driver.
CRITICAL - 2024-09-18 19:25:34 --> Call to undefined method CodeIgniter\Autoloader\Autoloader::initializeKint()
in SYSTEMPATH\Boot.php on line 293.
 1 SYSTEMPATH\Boot.php(56): CodeIgniter\Boot::initializeKint()
 2 FCPATH\index.php(56): CodeIgniter\Boot::bootWeb(Object(Config\Paths))
CRITICAL - 2024-09-18 19:25:34 --> Call to undefined method CodeIgniter\Autoloader\Autoloader::initializeKint()
in SYSTEMPATH\Boot.php on line 293.
 1 SYSTEMPATH\Boot.php(56): CodeIgniter\Boot::initializeKint()
 2 FCPATH\index.php(56): CodeIgniter\Boot::bootWeb(Object(Config\Paths))
CRITICAL - 2024-09-18 19:25:34 --> Call to undefined method CodeIgniter\Autoloader\Autoloader::initializeKint()
in SYSTEMPATH\Boot.php on line 293.
 1 SYSTEMPATH\Boot.php(56): CodeIgniter\Boot::initializeKint()
 2 FCPATH\index.php(56): CodeIgniter\Boot::bootWeb(Object(Config\Paths))
CRITICAL - 2024-09-18 19:25:35 --> Call to undefined method CodeIgniter\Autoloader\Autoloader::initializeKint()
in SYSTEMPATH\Boot.php on line 293.
 1 SYSTEMPATH\Boot.php(56): CodeIgniter\Boot::initializeKint()
 2 FCPATH\index.php(56): CodeIgniter\Boot::bootWeb(Object(Config\Paths))
INFO - 2024-09-18 17:26:53 --> Session: Class initialized using 'CodeIgniter\Session\Handlers\FileHandler' driver.
CRITICAL - 2024-09-18 19:26:54 --> Call to undefined method CodeIgniter\Autoloader\Autoloader::initializeKint()
in SYSTEMPATH\Boot.php on line 293.
 1 SYSTEMPATH\Boot.php(56): CodeIgniter\Boot::initializeKint()
 2 FCPATH\index.php(56): CodeIgniter\Boot::bootWeb(Object(Config\Paths))
CRITICAL - 2024-09-18 19:26:54 --> Call to undefined method CodeIgniter\Autoloader\Autoloader::initializeKint()
in SYSTEMPATH\Boot.php on line 293.
 1 SYSTEMPATH\Boot.php(56): CodeIgniter\Boot::initializeKint()
 2 FCPATH\index.php(56): CodeIgniter\Boot::bootWeb(Object(Config\Paths))
CRITICAL - 2024-09-18 19:26:54 --> Call to undefined method CodeIgniter\Autoloader\Autoloader::initializeKint()
in SYSTEMPATH\Boot.php on line 293.
 1 SYSTEMPATH\Boot.php(56): CodeIgniter\Boot::initializeKint()
 2 FCPATH\index.php(56): CodeIgniter\Boot::bootWeb(Object(Config\Paths))
CRITICAL - 2024-09-18 19:26:54 --> Call to undefined method CodeIgniter\Autoloader\Autoloader::initializeKint()
in SYSTEMPATH\Boot.php on line 293.
 1 SYSTEMPATH\Boot.php(56): CodeIgniter\Boot::initializeKint()
 2 FCPATH\index.php(56): CodeIgniter\Boot::bootWeb(Object(Config\Paths))
INFO - 2024-09-18 17:35:25 --> Session: Class initialized using 'CodeIgniter\Session\Handlers\FileHandler' driver.
INFO - 2024-09-18 17:36:15 --> Session: Class initialized using 'CodeIgniter\Session\Handlers\FileHandler' driver.
INFO - 2024-09-18 17:36:18 --> Session: Class initialized using 'CodeIgniter\Session\Handlers\FileHandler' driver.
INFO - 2024-09-18 17:37:08 --> Session: Class initialized using 'CodeIgniter\Session\Handlers\FileHandler' driver.
INFO - 2024-09-18 17:39:20 --> Session: Class initialized using 'CodeIgniter\Session\Handlers\FileHandler' driver.
INFO - 2024-09-18 17:39:39 --> Session: Class initialized using 'CodeIgniter\Session\Handlers\FileHandler' driver.
INFO - 2024-09-18 17:39:41 --> Session: Class initialized using 'CodeIgniter\Session\Handlers\FileHandler' driver.
INFO - 2024-09-18 17:39:45 --> Session: Class initialized using 'CodeIgniter\Session\Handlers\FileHandler' driver.
INFO - 2024-09-18 17:39:49 --> Session: Class initialized using 'CodeIgniter\Session\Handlers\FileHandler' driver.
INFO - 2024-09-18 17:40:05 --> Session: Class initialized using 'CodeIgniter\Session\Handlers\FileHandler' driver.
INFO - 2024-09-18 17:41:24 --> Session: Class initialized using 'CodeIgniter\Session\Handlers\FileHandler' driver.
INFO - 2024-09-18 17:42:08 --> Session: Class initialized using 'CodeIgniter\Session\Handlers\FileHandler' driver.
INFO - 2024-09-18 17:42:40 --> Session: Class initialized using 'CodeIgniter\Session\Handlers\FileHandler' driver.
INFO - 2024-09-18 17:52:23 --> Session: Class initialized using 'CodeIgniter\Session\Handlers\FileHandler' driver.
INFO - 2024-09-18 17:52:32 --> Session: Class initialized using 'CodeIgniter\Session\Handlers\FileHandler' driver.
INFO - 2024-09-18 17:52:32 --> Session: Class initialized using 'CodeIgniter\Session\Handlers\FileHandler' driver.
INFO - 2024-09-18 17:53:06 --> Session: Class initialized using 'CodeIgniter\Session\Handlers\FileHandler' driver.
INFO - 2024-09-18 17:53:12 --> Session: Class initialized using 'CodeIgniter\Session\Handlers\FileHandler' driver.
INFO - 2024-09-18 17:53:12 --> Session: Class initialized using 'CodeIgniter\Session\Handlers\FileHandler' driver.
INFO - 2024-09-18 17:53:22 --> Session: Class initialized using 'CodeIgniter\Session\Handlers\FileHandler' driver.
INFO - 2024-09-18 17:53:27 --> Session: Class initialized using 'CodeIgniter\Session\Handlers\FileHandler' driver.
INFO - 2024-09-18 17:53:27 --> Session: Class initialized using 'CodeIgniter\Session\Handlers\FileHandler' driver.
INFO - 2024-09-18 17:53:33 --> Session: Class initialized using 'CodeIgniter\Session\Handlers\FileHandler' driver.
INFO - 2024-09-18 17:53:51 --> Session: Class initialized using 'CodeIgniter\Session\Handlers\FileHandler' driver.
INFO - 2024-09-18 17:53:51 --> Session: Class initialized using 'CodeIgniter\Session\Handlers\FileHandler' driver.
INFO - 2024-09-18 17:53:56 --> Session: Class initialized using 'CodeIgniter\Session\Handlers\FileHandler' driver.
CRITICAL - 2024-09-18 19:53:58 --> Call to undefined method CodeIgniter\Autoloader\Autoloader::initializeKint()
in SYSTEMPATH\Boot.php on line 293.
 1 SYSTEMPATH\Boot.php(56): CodeIgniter\Boot::initializeKint()
 2 FCPATH\index.php(56): CodeIgniter\Boot::bootWeb(Object(Config\Paths))
INFO - 2024-09-18 17:55:09 --> Session: Class initialized using 'CodeIgniter\Session\Handlers\FileHandler' driver.
INFO - 2024-09-18 17:55:10 --> Session: Class initialized using 'CodeIgniter\Session\Handlers\FileHandler' driver.
CRITICAL - 2024-09-18 19:55:10 --> Call to undefined method CodeIgniter\Autoloader\Autoloader::initializeKint()
in SYSTEMPATH\Boot.php on line 293.
 1 SYSTEMPATH\Boot.php(56): CodeIgniter\Boot::initializeKint()
 2 FCPATH\index.php(56): CodeIgniter\Boot::bootWeb(Object(Config\Paths))
CRITICAL - 2024-09-18 19:55:10 --> Call to undefined method CodeIgniter\Autoloader\Autoloader::initializeKint()
in SYSTEMPATH\Boot.php on line 293.
 1 SYSTEMPATH\Boot.php(56): CodeIgniter\Boot::initializeKint()
 2 FCPATH\index.php(56): CodeIgniter\Boot::bootWeb(Object(Config\Paths))
CRITICAL - 2024-09-18 19:55:11 --> Call to undefined method CodeIgniter\Autoloader\Autoloader::initializeKint()
in SYSTEMPATH\Boot.php on line 293.
 1 SYSTEMPATH\Boot.php(56): CodeIgniter\Boot::initializeKint()
 2 FCPATH\index.php(56): CodeIgniter\Boot::bootWeb(Object(Config\Paths))
INFO - 2024-09-18 17:55:57 --> Session: Class initialized using 'CodeIgniter\Session\Handlers\FileHandler' driver.
CRITICAL - 2024-09-18 19:55:57 --> Call to undefined method CodeIgniter\Autoloader\Autoloader::initializeKint()
in SYSTEMPATH\Boot.php on line 293.
 1 SYSTEMPATH\Boot.php(56): CodeIgniter\Boot::initializeKint()
 2 FCPATH\index.php(56): CodeIgniter\Boot::bootWeb(Object(Config\Paths))
CRITICAL - 2024-09-18 19:56:48 --> Call to undefined method CodeIgniter\Autoloader\Autoloader::initializeKint()
in SYSTEMPATH\Boot.php on line 293.
 1 SYSTEMPATH\Boot.php(56): CodeIgniter\Boot::initializeKint()
 2 FCPATH\index.php(56): CodeIgniter\Boot::bootWeb(Object(Config\Paths))
CRITICAL - 2024-09-18 19:56:48 --> Call to undefined method CodeIgniter\Autoloader\Autoloader::initializeKint()
in SYSTEMPATH\Boot.php on line 293.
 1 SYSTEMPATH\Boot.php(56): CodeIgniter\Boot::initializeKint()
 2 FCPATH\index.php(56): CodeIgniter\Boot::bootWeb(Object(Config\Paths))
INFO - 2024-09-18 17:58:50 --> Session: Class initialized using 'CodeIgniter\Session\Handlers\FileHandler' driver.
INFO - 2024-09-18 17:59:38 --> Session: Class initialized using 'CodeIgniter\Session\Handlers\FileHandler' driver.
INFO - 2024-09-18 18:05:08 --> Session: Class initialized using 'CodeIgniter\Session\Handlers\FileHandler' driver.
INFO - 2024-09-18 18:05:18 --> Session: Class initialized using 'CodeIgniter\Session\Handlers\FileHandler' driver.
INFO - 2024-09-18 18:05:19 --> Session: Class initialized using 'CodeIgniter\Session\Handlers\FileHandler' driver.
INFO - 2024-09-18 18:08:56 --> Session: Class initialized using 'CodeIgniter\Session\Handlers\FileHandler' driver.
INFO - 2024-09-18 18:11:19 --> Session: Class initialized using 'CodeIgniter\Session\Handlers\FileHandler' driver.
CRITICAL - 2024-09-18 18:11:19 --> Undefined variable $Category
in APPPATH\Views\Blogs.php on line 227.
 1 APPPATH\Views\Blogs.php(227): CodeIgniter\Debug\Exceptions->errorHandler(2, 'Undefined variable $Category', 'C:\\xampp\\htdocs\\dashboardRegexbyte\\app\\Views\\Blogs.php', 227)
 2 SYSTEMPATH\View\View.php(228): include('C:\\xampp\\htdocs\\dashboardRegexbyte\\app\\Views\\Blogs.php')
 3 SYSTEMPATH\View\View.php(231): CodeIgniter\View\View->CodeIgniter\View\{closure}()
 4 SYSTEMPATH\Common.php(1190): CodeIgniter\View\View->render('Blogs.php', [], true)
 5 APPPATH\Controllers\LoginController.php(529): view('Blogs.php', [...])
 6 SYSTEMPATH\CodeIgniter.php(942): App\Controllers\LoginController->getBlogs()
 7 SYSTEMPATH\CodeIgniter.php(502): CodeIgniter\CodeIgniter->runController(Object(App\Controllers\LoginController))
 8 SYSTEMPATH\CodeIgniter.php(361): CodeIgniter\CodeIgniter->handleRequest(null, Object(Config\Cache), false)
 9 FCPATH\index.php(79): CodeIgniter\CodeIgniter->run()
INFO - 2024-09-18 18:11:49 --> Session: Class initialized using 'CodeIgniter\Session\Handlers\FileHandler' driver.
CRITICAL - 2024-09-18 18:11:49 --> Undefined variable $Category
in APPPATH\Views\Blogs.php on line 227.
 1 APPPATH\Views\Blogs.php(227): CodeIgniter\Debug\Exceptions->errorHandler(2, 'Undefined variable $Category', 'C:\\xampp\\htdocs\\dashboardRegexbyte\\app\\Views\\Blogs.php', 227)
 2 SYSTEMPATH\View\View.php(228): include('C:\\xampp\\htdocs\\dashboardRegexbyte\\app\\Views\\Blogs.php')
 3 SYSTEMPATH\View\View.php(231): CodeIgniter\View\View->CodeIgniter\View\{closure}()
 4 SYSTEMPATH\Common.php(1190): CodeIgniter\View\View->render('Blogs.php', [], true)
 5 APPPATH\Controllers\LoginController.php(529): view('Blogs.php', [...])
 6 SYSTEMPATH\CodeIgniter.php(942): App\Controllers\LoginController->getBlogs()
 7 SYSTEMPATH\CodeIgniter.php(502): CodeIgniter\CodeIgniter->runController(Object(App\Controllers\LoginController))
 8 SYSTEMPATH\CodeIgniter.php(361): CodeIgniter\CodeIgniter->handleRequest(null, Object(Config\Cache), false)
 9 FCPATH\index.php(79): CodeIgniter\CodeIgniter->run()
INFO - 2024-09-18 18:12:16 --> Session: Class initialized using 'CodeIgniter\Session\Handlers\FileHandler' driver.
INFO - 2024-09-18 18:12:34 --> Session: Class initialized using 'CodeIgniter\Session\Handlers\FileHandler' driver.
INFO - 2024-09-18 18:12:36 --> Session: Class initialized using 'CodeIgniter\Session\Handlers\FileHandler' driver.
INFO - 2024-09-18 18:13:05 --> Session: Class initialized using 'CodeIgniter\Session\Handlers\FileHandler' driver.
INFO - 2024-09-18 18:18:31 --> Session: Class initialized using 'CodeIgniter\Session\Handlers\FileHandler' driver.
INFO - 2024-09-18 18:23:35 --> Session: Class initialized using 'CodeIgniter\Session\Handlers\FileHandler' driver.
INFO - 2024-09-18 18:24:05 --> Session: Class initialized using 'CodeIgniter\Session\Handlers\FileHandler' driver.
INFO - 2024-09-18 18:24:08 --> Session: Class initialized using 'CodeIgniter\Session\Handlers\FileHandler' driver.
CRITICAL - 2024-09-18 18:24:08 --> Call to undefined method App\Models\LoginModel::deleteImagesByProjectId
in SYSTEMPATH\Model.php on line 873.
 1 APPPATH\Controllers\LoginController.php(385): CodeIgniter\Model->__call('deleteImagesByProjectId', [...])
 2 SYSTEMPATH\CodeIgniter.php(942): App\Controllers\LoginController->deleteProject('13')
 3 SYSTEMPATH\CodeIgniter.php(502): CodeIgniter\CodeIgniter->runController(Object(App\Controllers\LoginController))
 4 SYSTEMPATH\CodeIgniter.php(361): CodeIgniter\CodeIgniter->handleRequest(null, Object(Config\Cache), false)
 5 FCPATH\index.php(79): CodeIgniter\CodeIgniter->run()
INFO - 2024-09-18 18:24:13 --> Session: Class initialized using 'CodeIgniter\Session\Handlers\FileHandler' driver.
INFO - 2024-09-18 18:24:16 --> Session: Class initialized using 'CodeIgniter\Session\Handlers\FileHandler' driver.
CRITICAL - 2024-09-18 18:24:16 --> Call to undefined method App\Models\LoginModel::deleteImagesByProjectId
in SYSTEMPATH\Model.php on line 873.
 1 APPPATH\Controllers\LoginController.php(385): CodeIgniter\Model->__call('deleteImagesByProjectId', [...])
 2 SYSTEMPATH\CodeIgniter.php(942): App\Controllers\LoginController->deleteProject('13')
 3 SYSTEMPATH\CodeIgniter.php(502): CodeIgniter\CodeIgniter->runController(Object(App\Controllers\LoginController))
 4 SYSTEMPATH\CodeIgniter.php(361): CodeIgniter\CodeIgniter->handleRequest(null, Object(Config\Cache), false)
 5 FCPATH\index.php(79): CodeIgniter\CodeIgniter->run()
INFO - 2024-09-18 18:24:18 --> Session: Class initialized using 'CodeIgniter\Session\Handlers\FileHandler' driver.
INFO - 2024-09-18 18:24:44 --> Session: Class initialized using 'CodeIgniter\Session\Handlers\FileHandler' driver.
INFO - 2024-09-18 18:25:46 --> Session: Class initialized using 'CodeIgniter\Session\Handlers\FileHandler' driver.
INFO - 2024-09-18 18:25:50 --> Session: Class initialized using 'CodeIgniter\Session\Handlers\FileHandler' driver.
CRITICAL - 2024-09-18 18:25:50 --> Call to undefined method App\Models\LoginModel::deleteImagesByProjectId
in SYSTEMPATH\Model.php on line 873.
 1 APPPATH\Controllers\LoginController.php(385): CodeIgniter\Model->__call('deleteImagesByProjectId', [...])
 2 SYSTEMPATH\CodeIgniter.php(942): App\Controllers\LoginController->deleteProject('14')
 3 SYSTEMPATH\CodeIgniter.php(502): CodeIgniter\CodeIgniter->runController(Object(App\Controllers\LoginController))
 4 SYSTEMPATH\CodeIgniter.php(361): CodeIgniter\CodeIgniter->handleRequest(null, Object(Config\Cache), false)
 5 FCPATH\index.php(79): CodeIgniter\CodeIgniter->run()
INFO - 2024-09-18 18:25:56 --> Session: Class initialized using 'CodeIgniter\Session\Handlers\FileHandler' driver.
INFO - 2024-09-18 18:26:25 --> Session: Class initialized using 'CodeIgniter\Session\Handlers\FileHandler' driver.
INFO - 2024-09-18 18:26:27 --> Session: Class initialized using 'CodeIgniter\Session\Handlers\FileHandler' driver.
CRITICAL - 2024-09-18 18:26:28 --> Call to undefined method App\Models\LoginModel::deleteImagesByProjectId
in SYSTEMPATH\Model.php on line 873.
 1 APPPATH\Controllers\LoginController.php(385): CodeIgniter\Model->__call('deleteImagesByProjectId', [...])
 2 SYSTEMPATH\CodeIgniter.php(942): App\Controllers\LoginController->deleteProject('13')
 3 SYSTEMPATH\CodeIgniter.php(502): CodeIgniter\CodeIgniter->runController(Object(App\Controllers\LoginController))
 4 SYSTEMPATH\CodeIgniter.php(361): CodeIgniter\CodeIgniter->handleRequest(null, Object(Config\Cache), false)
 5 FCPATH\index.php(79): CodeIgniter\CodeIgniter->run()
INFO - 2024-09-18 18:26:31 --> Session: Class initialized using 'CodeIgniter\Session\Handlers\FileHandler' driver.
INFO - 2024-09-18 18:28:44 --> Session: Class initialized using 'CodeIgniter\Session\Handlers\FileHandler' driver.
INFO - 2024-09-18 18:30:38 --> Session: Class initialized using 'CodeIgniter\Session\Handlers\FileHandler' driver.
INFO - 2024-09-18 18:30:43 --> Session: Class initialized using 'CodeIgniter\Session\Handlers\FileHandler' driver.
INFO - 2024-09-18 18:31:09 --> Session: Class initialized using 'CodeIgniter\Session\Handlers\FileHandler' driver.
INFO - 2024-09-18 18:31:09 --> Session: Class initialized using 'CodeIgniter\Session\Handlers\FileHandler' driver.
CRITICAL - 2024-09-18 20:31:13 --> Call to undefined method CodeIgniter\Autoloader\Autoloader::initializeKint()
in SYSTEMPATH\Boot.php on line 293.
 1 SYSTEMPATH\Boot.php(56): CodeIgniter\Boot::initializeKint()
 2 FCPATH\index.php(56): CodeIgniter\Boot::bootWeb(Object(Config\Paths))
CRITICAL - 2024-09-18 20:31:13 --> Call to undefined method CodeIgniter\Autoloader\Autoloader::initializeKint()
in SYSTEMPATH\Boot.php on line 293.
 1 SYSTEMPATH\Boot.php(56): CodeIgniter\Boot::initializeKint()
 2 FCPATH\index.php(56): CodeIgniter\Boot::bootWeb(Object(Config\Paths))
CRITICAL - 2024-09-18 20:31:13 --> Call to undefined method CodeIgniter\Autoloader\Autoloader::initializeKint()
in SYSTEMPATH\Boot.php on line 293.
 1 SYSTEMPATH\Boot.php(56): CodeIgniter\Boot::initializeKint()
 2 FCPATH\index.php(56): CodeIgniter\Boot::bootWeb(Object(Config\Paths))
