INFO - 2024-09-19 05:42:06 --> Session: Class initialized using 'CodeIgniter\Session\Handlers\FileHandler' driver.
CRITICAL - 2024-09-19 07:42:07 --> Call to undefined method CodeIgniter\Autoloader\Autoloader::initializeKint()
in SYSTEMPATH\Boot.php on line 293.
 1 SYSTEMPATH\Boot.php(56): CodeIgniter\Boot::initializeKint()
 2 FCPATH\index.php(56): CodeIgniter\Boot::bootWeb(Object(Config\Paths))
CRITICAL - 2024-09-19 07:42:07 --> Call to undefined method CodeIgniter\Autoloader\Autoloader::initializeKint()
in SYSTEMPATH\Boot.php on line 293.
 1 SYSTEMPATH\Boot.php(56): CodeIgniter\Boot::initializeKint()
 2 FCPATH\index.php(56): CodeIgniter\Boot::bootWeb(Object(Config\Paths))
CRITICAL - 2024-09-19 07:42:08 --> Call to undefined method CodeIgniter\Autoloader\Autoloader::initializeKint()
in SYSTEMPATH\Boot.php on line 293.
 1 SYSTEMPATH\Boot.php(56): CodeIgniter\Boot::initializeKint()
 2 FCPATH\index.php(56): CodeIgniter\Boot::bootWeb(Object(Config\Paths))
INFO - 2024-09-19 08:02:12 --> Session: Class initialized using 'CodeIgniter\Session\Handlers\FileHandler' driver.
CRITICAL - 2024-09-19 10:02:13 --> Call to undefined method CodeIgniter\Autoloader\Autoloader::initializeKint()
in SYSTEMPATH\Boot.php on line 293.
 1 SYSTEMPATH\Boot.php(56): CodeIgniter\Boot::initializeKint()
 2 FCPATH\index.php(56): CodeIgniter\Boot::bootWeb(Object(Config\Paths))
CRITICAL - 2024-09-19 10:02:13 --> Call to undefined method CodeIgniter\Autoloader\Autoloader::initializeKint()
in SYSTEMPATH\Boot.php on line 293.
 1 SYSTEMPATH\Boot.php(56): CodeIgniter\Boot::initializeKint()
 2 FCPATH\index.php(56): CodeIgniter\Boot::bootWeb(Object(Config\Paths))
CRITICAL - 2024-09-19 10:02:14 --> Call to undefined method CodeIgniter\Autoloader\Autoloader::initializeKint()
in SYSTEMPATH\Boot.php on line 293.
 1 SYSTEMPATH\Boot.php(56): CodeIgniter\Boot::initializeKint()
 2 FCPATH\index.php(56): CodeIgniter\Boot::bootWeb(Object(Config\Paths))
INFO - 2024-09-19 08:14:04 --> Session: Class initialized using 'CodeIgniter\Session\Handlers\FileHandler' driver.
CRITICAL - 2024-09-19 10:14:05 --> Call to undefined method CodeIgniter\Autoloader\Autoloader::initializeKint()
in SYSTEMPATH\Boot.php on line 293.
 1 SYSTEMPATH\Boot.php(56): CodeIgniter\Boot::initializeKint()
 2 FCPATH\index.php(56): CodeIgniter\Boot::bootWeb(Object(Config\Paths))
CRITICAL - 2024-09-19 10:14:06 --> Call to undefined method CodeIgniter\Autoloader\Autoloader::initializeKint()
in SYSTEMPATH\Boot.php on line 293.
 1 SYSTEMPATH\Boot.php(56): CodeIgniter\Boot::initializeKint()
 2 FCPATH\index.php(56): CodeIgniter\Boot::bootWeb(Object(Config\Paths))
CRITICAL - 2024-09-19 10:14:07 --> Call to undefined method CodeIgniter\Autoloader\Autoloader::initializeKint()
in SYSTEMPATH\Boot.php on line 293.
 1 SYSTEMPATH\Boot.php(56): CodeIgniter\Boot::initializeKint()
 2 FCPATH\index.php(56): CodeIgniter\Boot::bootWeb(Object(Config\Paths))
INFO - 2024-09-19 08:14:11 --> Session: Class initialized using 'CodeIgniter\Session\Handlers\FileHandler' driver.
CRITICAL - 2024-09-19 10:14:11 --> Call to undefined method CodeIgniter\Autoloader\Autoloader::initializeKint()
in SYSTEMPATH\Boot.php on line 293.
 1 SYSTEMPATH\Boot.php(56): CodeIgniter\Boot::initializeKint()
 2 FCPATH\index.php(56): CodeIgniter\Boot::bootWeb(Object(Config\Paths))
CRITICAL - 2024-09-19 10:14:11 --> Call to undefined method CodeIgniter\Autoloader\Autoloader::initializeKint()
in SYSTEMPATH\Boot.php on line 293.
 1 SYSTEMPATH\Boot.php(56): CodeIgniter\Boot::initializeKint()
 2 FCPATH\index.php(56): CodeIgniter\Boot::bootWeb(Object(Config\Paths))
CRITICAL - 2024-09-19 10:14:12 --> Call to undefined method CodeIgniter\Autoloader\Autoloader::initializeKint()
in SYSTEMPATH\Boot.php on line 293.
 1 SYSTEMPATH\Boot.php(56): CodeIgniter\Boot::initializeKint()
 2 FCPATH\index.php(56): CodeIgniter\Boot::bootWeb(Object(Config\Paths))
INFO - 2024-09-19 08:14:17 --> Session: Class initialized using 'CodeIgniter\Session\Handlers\FileHandler' driver.
INFO - 2024-09-19 08:14:28 --> Session: Class initialized using 'CodeIgniter\Session\Handlers\FileHandler' driver.
CRITICAL - 2024-09-19 10:14:29 --> Call to undefined method CodeIgniter\Autoloader\Autoloader::initializeKint()
in SYSTEMPATH\Boot.php on line 293.
 1 SYSTEMPATH\Boot.php(56): CodeIgniter\Boot::initializeKint()
 2 FCPATH\index.php(56): CodeIgniter\Boot::bootWeb(Object(Config\Paths))
CRITICAL - 2024-09-19 10:14:29 --> Call to undefined method CodeIgniter\Autoloader\Autoloader::initializeKint()
in SYSTEMPATH\Boot.php on line 293.
 1 SYSTEMPATH\Boot.php(56): CodeIgniter\Boot::initializeKint()
 2 FCPATH\index.php(56): CodeIgniter\Boot::bootWeb(Object(Config\Paths))
CRITICAL - 2024-09-19 10:14:29 --> Call to undefined method CodeIgniter\Autoloader\Autoloader::initializeKint()
in SYSTEMPATH\Boot.php on line 293.
 1 SYSTEMPATH\Boot.php(56): CodeIgniter\Boot::initializeKint()
 2 FCPATH\index.php(56): CodeIgniter\Boot::bootWeb(Object(Config\Paths))
INFO - 2024-09-19 08:14:32 --> Session: Class initialized using 'CodeIgniter\Session\Handlers\FileHandler' driver.
INFO - 2024-09-19 08:14:35 --> Session: Class initialized using 'CodeIgniter\Session\Handlers\FileHandler' driver.
CRITICAL - 2024-09-19 10:14:35 --> Call to undefined method CodeIgniter\Autoloader\Autoloader::initializeKint()
in SYSTEMPATH\Boot.php on line 293.
 1 SYSTEMPATH\Boot.php(56): CodeIgniter\Boot::initializeKint()
 2 FCPATH\index.php(56): CodeIgniter\Boot::bootWeb(Object(Config\Paths))
CRITICAL - 2024-09-19 10:14:35 --> Call to undefined method CodeIgniter\Autoloader\Autoloader::initializeKint()
in SYSTEMPATH\Boot.php on line 293.
 1 SYSTEMPATH\Boot.php(56): CodeIgniter\Boot::initializeKint()
 2 FCPATH\index.php(56): CodeIgniter\Boot::bootWeb(Object(Config\Paths))
CRITICAL - 2024-09-19 10:14:36 --> Call to undefined method CodeIgniter\Autoloader\Autoloader::initializeKint()
in SYSTEMPATH\Boot.php on line 293.
 1 SYSTEMPATH\Boot.php(56): CodeIgniter\Boot::initializeKint()
 2 FCPATH\index.php(56): CodeIgniter\Boot::bootWeb(Object(Config\Paths))
INFO - 2024-09-19 08:16:19 --> Session: Class initialized using 'CodeIgniter\Session\Handlers\FileHandler' driver.
INFO - 2024-09-19 08:16:22 --> Session: Class initialized using 'CodeIgniter\Session\Handlers\FileHandler' driver.
CRITICAL - 2024-09-19 10:16:22 --> Call to undefined method CodeIgniter\Autoloader\Autoloader::initializeKint()
in SYSTEMPATH\Boot.php on line 293.
 1 SYSTEMPATH\Boot.php(56): CodeIgniter\Boot::initializeKint()
 2 FCPATH\index.php(56): CodeIgniter\Boot::bootWeb(Object(Config\Paths))
CRITICAL - 2024-09-19 10:16:22 --> Call to undefined method CodeIgniter\Autoloader\Autoloader::initializeKint()
in SYSTEMPATH\Boot.php on line 293.
 1 SYSTEMPATH\Boot.php(56): CodeIgniter\Boot::initializeKint()
 2 FCPATH\index.php(56): CodeIgniter\Boot::bootWeb(Object(Config\Paths))
CRITICAL - 2024-09-19 10:16:22 --> Call to undefined method CodeIgniter\Autoloader\Autoloader::initializeKint()
in SYSTEMPATH\Boot.php on line 293.
 1 SYSTEMPATH\Boot.php(56): CodeIgniter\Boot::initializeKint()
 2 FCPATH\index.php(56): CodeIgniter\Boot::bootWeb(Object(Config\Paths))
INFO - 2024-09-19 08:17:37 --> Session: Class initialized using 'CodeIgniter\Session\Handlers\FileHandler' driver.
CRITICAL - 2024-09-19 10:17:38 --> Call to undefined method CodeIgniter\Autoloader\Autoloader::initializeKint()
in SYSTEMPATH\Boot.php on line 293.
 1 SYSTEMPATH\Boot.php(56): CodeIgniter\Boot::initializeKint()
 2 FCPATH\index.php(56): CodeIgniter\Boot::bootWeb(Object(Config\Paths))
CRITICAL - 2024-09-19 10:17:39 --> Call to undefined method CodeIgniter\Autoloader\Autoloader::initializeKint()
in SYSTEMPATH\Boot.php on line 293.
 1 SYSTEMPATH\Boot.php(56): CodeIgniter\Boot::initializeKint()
 2 FCPATH\index.php(56): CodeIgniter\Boot::bootWeb(Object(Config\Paths))
CRITICAL - 2024-09-19 10:17:40 --> Call to undefined method CodeIgniter\Autoloader\Autoloader::initializeKint()
in SYSTEMPATH\Boot.php on line 293.
 1 SYSTEMPATH\Boot.php(56): CodeIgniter\Boot::initializeKint()
 2 FCPATH\index.php(56): CodeIgniter\Boot::bootWeb(Object(Config\Paths))
INFO - 2024-09-19 08:20:01 --> Session: Class initialized using 'CodeIgniter\Session\Handlers\FileHandler' driver.
CRITICAL - 2024-09-19 10:20:02 --> Call to undefined method CodeIgniter\Autoloader\Autoloader::initializeKint()
in SYSTEMPATH\Boot.php on line 293.
 1 SYSTEMPATH\Boot.php(56): CodeIgniter\Boot::initializeKint()
 2 FCPATH\index.php(56): CodeIgniter\Boot::bootWeb(Object(Config\Paths))
CRITICAL - 2024-09-19 10:20:02 --> Call to undefined method CodeIgniter\Autoloader\Autoloader::initializeKint()
in SYSTEMPATH\Boot.php on line 293.
 1 SYSTEMPATH\Boot.php(56): CodeIgniter\Boot::initializeKint()
 2 FCPATH\index.php(56): CodeIgniter\Boot::bootWeb(Object(Config\Paths))
CRITICAL - 2024-09-19 10:20:03 --> Call to undefined method CodeIgniter\Autoloader\Autoloader::initializeKint()
in SYSTEMPATH\Boot.php on line 293.
 1 SYSTEMPATH\Boot.php(56): CodeIgniter\Boot::initializeKint()
 2 FCPATH\index.php(56): CodeIgniter\Boot::bootWeb(Object(Config\Paths))
INFO - 2024-09-19 08:20:12 --> Session: Class initialized using 'CodeIgniter\Session\Handlers\FileHandler' driver.
INFO - 2024-09-19 08:20:15 --> Session: Class initialized using 'CodeIgniter\Session\Handlers\FileHandler' driver.
CRITICAL - 2024-09-19 10:20:15 --> Call to undefined method CodeIgniter\Autoloader\Autoloader::initializeKint()
in SYSTEMPATH\Boot.php on line 293.
 1 SYSTEMPATH\Boot.php(56): CodeIgniter\Boot::initializeKint()
 2 FCPATH\index.php(56): CodeIgniter\Boot::bootWeb(Object(Config\Paths))
CRITICAL - 2024-09-19 10:20:15 --> Call to undefined method CodeIgniter\Autoloader\Autoloader::initializeKint()
in SYSTEMPATH\Boot.php on line 293.
 1 SYSTEMPATH\Boot.php(56): CodeIgniter\Boot::initializeKint()
 2 FCPATH\index.php(56): CodeIgniter\Boot::bootWeb(Object(Config\Paths))
CRITICAL - 2024-09-19 10:20:15 --> Call to undefined method CodeIgniter\Autoloader\Autoloader::initializeKint()
in SYSTEMPATH\Boot.php on line 293.
 1 SYSTEMPATH\Boot.php(56): CodeIgniter\Boot::initializeKint()
 2 FCPATH\index.php(56): CodeIgniter\Boot::bootWeb(Object(Config\Paths))
INFO - 2024-09-19 08:22:31 --> Session: Class initialized using 'CodeIgniter\Session\Handlers\FileHandler' driver.
INFO - 2024-09-19 08:23:13 --> Session: Class initialized using 'CodeIgniter\Session\Handlers\FileHandler' driver.
CRITICAL - 2024-09-19 10:23:14 --> Call to undefined method CodeIgniter\Autoloader\Autoloader::initializeKint()
in SYSTEMPATH\Boot.php on line 293.
 1 SYSTEMPATH\Boot.php(56): CodeIgniter\Boot::initializeKint()
 2 FCPATH\index.php(56): CodeIgniter\Boot::bootWeb(Object(Config\Paths))
CRITICAL - 2024-09-19 10:23:14 --> Call to undefined method CodeIgniter\Autoloader\Autoloader::initializeKint()
in SYSTEMPATH\Boot.php on line 293.
 1 SYSTEMPATH\Boot.php(56): CodeIgniter\Boot::initializeKint()
 2 FCPATH\index.php(56): CodeIgniter\Boot::bootWeb(Object(Config\Paths))
CRITICAL - 2024-09-19 10:23:14 --> Call to undefined method CodeIgniter\Autoloader\Autoloader::initializeKint()
in SYSTEMPATH\Boot.php on line 293.
 1 SYSTEMPATH\Boot.php(56): CodeIgniter\Boot::initializeKint()
 2 FCPATH\index.php(56): CodeIgniter\Boot::bootWeb(Object(Config\Paths))
INFO - 2024-09-19 08:32:12 --> Session: Class initialized using 'CodeIgniter\Session\Handlers\FileHandler' driver.
CRITICAL - 2024-09-19 10:32:13 --> Call to undefined method CodeIgniter\Autoloader\Autoloader::initializeKint()
in SYSTEMPATH\Boot.php on line 293.
 1 SYSTEMPATH\Boot.php(56): CodeIgniter\Boot::initializeKint()
 2 FCPATH\index.php(56): CodeIgniter\Boot::bootWeb(Object(Config\Paths))
CRITICAL - 2024-09-19 10:32:13 --> Call to undefined method CodeIgniter\Autoloader\Autoloader::initializeKint()
in SYSTEMPATH\Boot.php on line 293.
 1 SYSTEMPATH\Boot.php(56): CodeIgniter\Boot::initializeKint()
 2 FCPATH\index.php(56): CodeIgniter\Boot::bootWeb(Object(Config\Paths))
CRITICAL - 2024-09-19 10:32:14 --> Call to undefined method CodeIgniter\Autoloader\Autoloader::initializeKint()
in SYSTEMPATH\Boot.php on line 293.
 1 SYSTEMPATH\Boot.php(56): CodeIgniter\Boot::initializeKint()
 2 FCPATH\index.php(56): CodeIgniter\Boot::bootWeb(Object(Config\Paths))
INFO - 2024-09-19 08:32:16 --> Session: Class initialized using 'CodeIgniter\Session\Handlers\FileHandler' driver.
INFO - 2024-09-19 08:32:20 --> Session: Class initialized using 'CodeIgniter\Session\Handlers\FileHandler' driver.
INFO - 2024-09-19 08:32:22 --> Session: Class initialized using 'CodeIgniter\Session\Handlers\FileHandler' driver.
INFO - 2024-09-19 08:32:23 --> Session: Class initialized using 'CodeIgniter\Session\Handlers\FileHandler' driver.
INFO - 2024-09-19 08:34:23 --> Session: Class initialized using 'CodeIgniter\Session\Handlers\FileHandler' driver.
INFO - 2024-09-19 08:39:47 --> Session: Class initialized using 'CodeIgniter\Session\Handlers\FileHandler' driver.
INFO - 2024-09-19 08:39:48 --> Session: Class initialized using 'CodeIgniter\Session\Handlers\FileHandler' driver.
CRITICAL - 2024-09-19 10:39:49 --> Call to undefined method CodeIgniter\Autoloader\Autoloader::initializeKint()
in SYSTEMPATH\Boot.php on line 293.
 1 SYSTEMPATH\Boot.php(56): CodeIgniter\Boot::initializeKint()
 2 FCPATH\index.php(56): CodeIgniter\Boot::bootWeb(Object(Config\Paths))
CRITICAL - 2024-09-19 10:39:49 --> Call to undefined method CodeIgniter\Autoloader\Autoloader::initializeKint()
in SYSTEMPATH\Boot.php on line 293.
 1 SYSTEMPATH\Boot.php(56): CodeIgniter\Boot::initializeKint()
 2 FCPATH\index.php(56): CodeIgniter\Boot::bootWeb(Object(Config\Paths))
CRITICAL - 2024-09-19 10:39:49 --> Call to undefined method CodeIgniter\Autoloader\Autoloader::initializeKint()
in SYSTEMPATH\Boot.php on line 293.
 1 SYSTEMPATH\Boot.php(56): CodeIgniter\Boot::initializeKint()
 2 FCPATH\index.php(56): CodeIgniter\Boot::bootWeb(Object(Config\Paths))
INFO - 2024-09-19 08:39:50 --> Session: Class initialized using 'CodeIgniter\Session\Handlers\FileHandler' driver.
INFO - 2024-09-19 08:39:52 --> Session: Class initialized using 'CodeIgniter\Session\Handlers\FileHandler' driver.
CRITICAL - 2024-09-19 10:39:52 --> Call to undefined method CodeIgniter\Autoloader\Autoloader::initializeKint()
in SYSTEMPATH\Boot.php on line 293.
 1 SYSTEMPATH\Boot.php(56): CodeIgniter\Boot::initializeKint()
 2 FCPATH\index.php(56): CodeIgniter\Boot::bootWeb(Object(Config\Paths))
CRITICAL - 2024-09-19 10:39:52 --> Call to undefined method CodeIgniter\Autoloader\Autoloader::initializeKint()
in SYSTEMPATH\Boot.php on line 293.
 1 SYSTEMPATH\Boot.php(56): CodeIgniter\Boot::initializeKint()
 2 FCPATH\index.php(56): CodeIgniter\Boot::bootWeb(Object(Config\Paths))
CRITICAL - 2024-09-19 10:39:53 --> Call to undefined method CodeIgniter\Autoloader\Autoloader::initializeKint()
in SYSTEMPATH\Boot.php on line 293.
 1 SYSTEMPATH\Boot.php(56): CodeIgniter\Boot::initializeKint()
 2 FCPATH\index.php(56): CodeIgniter\Boot::bootWeb(Object(Config\Paths))
INFO - 2024-09-19 08:42:59 --> Session: Class initialized using 'CodeIgniter\Session\Handlers\FileHandler' driver.
CRITICAL - 2024-09-19 10:43:00 --> Call to undefined method CodeIgniter\Autoloader\Autoloader::initializeKint()
in SYSTEMPATH\Boot.php on line 293.
 1 SYSTEMPATH\Boot.php(56): CodeIgniter\Boot::initializeKint()
 2 FCPATH\index.php(56): CodeIgniter\Boot::bootWeb(Object(Config\Paths))
CRITICAL - 2024-09-19 10:43:01 --> Call to undefined method CodeIgniter\Autoloader\Autoloader::initializeKint()
in SYSTEMPATH\Boot.php on line 293.
 1 SYSTEMPATH\Boot.php(56): CodeIgniter\Boot::initializeKint()
 2 FCPATH\index.php(56): CodeIgniter\Boot::bootWeb(Object(Config\Paths))
CRITICAL - 2024-09-19 10:43:01 --> Call to undefined method CodeIgniter\Autoloader\Autoloader::initializeKint()
in SYSTEMPATH\Boot.php on line 293.
 1 SYSTEMPATH\Boot.php(56): CodeIgniter\Boot::initializeKint()
 2 FCPATH\index.php(56): CodeIgniter\Boot::bootWeb(Object(Config\Paths))
INFO - 2024-09-19 08:43:03 --> Session: Class initialized using 'CodeIgniter\Session\Handlers\FileHandler' driver.
ERROR - 2024-09-19 08:43:03 --> mysqli_sql_exception: Unknown column 'blog.id' in 'where clause' in C:\xampp\htdocs\dashboardRegexbyte\system\Database\MySQLi\Connection.php:306
Stack trace:
#0 C:\xampp\htdocs\dashboardRegexbyte\system\Database\MySQLi\Connection.php(306): mysqli->query('SELECT *\nFROM `...', 0)
#1 C:\xampp\htdocs\dashboardRegexbyte\system\Database\BaseConnection.php(693): CodeIgniter\Database\MySQLi\Connection->execute('SELECT *\nFROM `...')
#2 C:\xampp\htdocs\dashboardRegexbyte\system\Database\BaseConnection.php(607): CodeIgniter\Database\BaseConnection->simpleQuery('SELECT *\nFROM `...')
#3 C:\xampp\htdocs\dashboardRegexbyte\system\Database\BaseBuilder.php(1615): CodeIgniter\Database\BaseConnection->query('SELECT *\nFROM `...', Array, false)
#4 C:\xampp\htdocs\dashboardRegexbyte\app\Models\LoginModel.php(220): CodeIgniter\Database\BaseBuilder->get()
#5 C:\xampp\htdocs\dashboardRegexbyte\app\Controllers\LoginController.php(534): App\Models\LoginModel->bldetails('13')
#6 C:\xampp\htdocs\dashboardRegexbyte\system\CodeIgniter.php(942): App\Controllers\LoginController->blogdetails('13')
#7 C:\xampp\htdocs\dashboardRegexbyte\system\CodeIgniter.php(502): CodeIgniter\CodeIgniter->runController(Object(App\Controllers\LoginController))
#8 C:\xampp\htdocs\dashboardRegexbyte\system\CodeIgniter.php(361): CodeIgniter\CodeIgniter->handleRequest(NULL, Object(Config\Cache), false)
#9 C:\xampp\htdocs\dashboardRegexbyte\index.php(79): CodeIgniter\CodeIgniter->run()
#10 {main}
CRITICAL - 2024-09-19 08:43:03 --> Unknown column 'blog.id' in 'where clause'
in SYSTEMPATH\Database\BaseConnection.php on line 647.
 1 SYSTEMPATH\Database\BaseBuilder.php(1615): CodeIgniter\Database\BaseConnection->query('SELECT *
FROM `blogs`
WHERE `blog`.`id` = :blog.id:', [...], false)
 2 APPPATH\Models\LoginModel.php(220): CodeIgniter\Database\BaseBuilder->get()
 3 APPPATH\Controllers\LoginController.php(534): App\Models\LoginModel->bldetails('13')
 4 SYSTEMPATH\CodeIgniter.php(942): App\Controllers\LoginController->blogdetails('13')
 5 SYSTEMPATH\CodeIgniter.php(502): CodeIgniter\CodeIgniter->runController(Object(App\Controllers\LoginController))
 6 SYSTEMPATH\CodeIgniter.php(361): CodeIgniter\CodeIgniter->handleRequest(null, Object(Config\Cache), false)
 7 FCPATH\index.php(79): CodeIgniter\CodeIgniter->run()
INFO - 2024-09-19 08:43:24 --> Session: Class initialized using 'CodeIgniter\Session\Handlers\FileHandler' driver.
INFO - 2024-09-19 08:45:03 --> Session: Class initialized using 'CodeIgniter\Session\Handlers\FileHandler' driver.
CRITICAL - 2024-09-19 08:45:04 --> Undefined variable $row
in APPPATH\Views\blog_details.php on line 19.
 1 APPPATH\Views\blog_details.php(19): CodeIgniter\Debug\Exceptions->errorHandler(2, 'Undefined variable $row', 'C:\\xampp\\htdocs\\dashboardRegexbyte\\app\\Views\\blog_details.php', 19)
 2 SYSTEMPATH\View\View.php(228): include('C:\\xampp\\htdocs\\dashboardRegexbyte\\app\\Views\\blog_details.php')
 3 SYSTEMPATH\View\View.php(231): CodeIgniter\View\View->CodeIgniter\View\{closure}()
 4 SYSTEMPATH\Common.php(1190): CodeIgniter\View\View->render('blog_details', [], true)
 5 APPPATH\Controllers\LoginController.php(540): view('blog_details', [...])
 6 SYSTEMPATH\CodeIgniter.php(942): App\Controllers\LoginController->blogdetails('13')
 7 SYSTEMPATH\CodeIgniter.php(502): CodeIgniter\CodeIgniter->runController(Object(App\Controllers\LoginController))
 8 SYSTEMPATH\CodeIgniter.php(361): CodeIgniter\CodeIgniter->handleRequest(null, Object(Config\Cache), false)
 9 FCPATH\index.php(79): CodeIgniter\CodeIgniter->run()
INFO - 2024-09-19 08:45:49 --> Session: Class initialized using 'CodeIgniter\Session\Handlers\FileHandler' driver.
CRITICAL - 2024-09-19 08:45:49 --> Undefined variable $blog
in APPPATH\Views\blog_details.php on line 21.
 1 APPPATH\Views\blog_details.php(21): CodeIgniter\Debug\Exceptions->errorHandler(2, 'Undefined variable $blog', 'C:\\xampp\\htdocs\\dashboardRegexbyte\\app\\Views\\blog_details.php', 21)
 2 SYSTEMPATH\View\View.php(228): include('C:\\xampp\\htdocs\\dashboardRegexbyte\\app\\Views\\blog_details.php')
 3 SYSTEMPATH\View\View.php(231): CodeIgniter\View\View->CodeIgniter\View\{closure}()
 4 SYSTEMPATH\Common.php(1190): CodeIgniter\View\View->render('blog_details', [], true)
 5 APPPATH\Controllers\LoginController.php(540): view('blog_details', [...])
 6 SYSTEMPATH\CodeIgniter.php(942): App\Controllers\LoginController->blogdetails('13')
 7 SYSTEMPATH\CodeIgniter.php(502): CodeIgniter\CodeIgniter->runController(Object(App\Controllers\LoginController))
 8 SYSTEMPATH\CodeIgniter.php(361): CodeIgniter\CodeIgniter->handleRequest(null, Object(Config\Cache), false)
 9 FCPATH\index.php(79): CodeIgniter\CodeIgniter->run()
INFO - 2024-09-19 08:45:51 --> Session: Class initialized using 'CodeIgniter\Session\Handlers\FileHandler' driver.
CRITICAL - 2024-09-19 08:45:51 --> Undefined variable $blog
in APPPATH\Views\blog_details.php on line 21.
 1 APPPATH\Views\blog_details.php(21): CodeIgniter\Debug\Exceptions->errorHandler(2, 'Undefined variable $blog', 'C:\\xampp\\htdocs\\dashboardRegexbyte\\app\\Views\\blog_details.php', 21)
 2 SYSTEMPATH\View\View.php(228): include('C:\\xampp\\htdocs\\dashboardRegexbyte\\app\\Views\\blog_details.php')
 3 SYSTEMPATH\View\View.php(231): CodeIgniter\View\View->CodeIgniter\View\{closure}()
 4 SYSTEMPATH\Common.php(1190): CodeIgniter\View\View->render('blog_details', [], true)
 5 APPPATH\Controllers\LoginController.php(540): view('blog_details', [...])
 6 SYSTEMPATH\CodeIgniter.php(942): App\Controllers\LoginController->blogdetails('13')
 7 SYSTEMPATH\CodeIgniter.php(502): CodeIgniter\CodeIgniter->runController(Object(App\Controllers\LoginController))
 8 SYSTEMPATH\CodeIgniter.php(361): CodeIgniter\CodeIgniter->handleRequest(null, Object(Config\Cache), false)
 9 FCPATH\index.php(79): CodeIgniter\CodeIgniter->run()
INFO - 2024-09-19 08:46:01 --> Session: Class initialized using 'CodeIgniter\Session\Handlers\FileHandler' driver.
CRITICAL - 2024-09-19 08:46:01 --> Cannot access offset of type string on string
in APPPATH\Views\blog_details.php on line 21.
 1 SYSTEMPATH\View\View.php(228): include()
 2 SYSTEMPATH\View\View.php(231): CodeIgniter\View\View->CodeIgniter\View\{closure}()
 3 SYSTEMPATH\Common.php(1190): CodeIgniter\View\View->render('blog_details', [], true)
 4 APPPATH\Controllers\LoginController.php(540): view('blog_details', [...])
 5 SYSTEMPATH\CodeIgniter.php(942): App\Controllers\LoginController->blogdetails('13')
 6 SYSTEMPATH\CodeIgniter.php(502): CodeIgniter\CodeIgniter->runController(Object(App\Controllers\LoginController))
 7 SYSTEMPATH\CodeIgniter.php(361): CodeIgniter\CodeIgniter->handleRequest(null, Object(Config\Cache), false)
 8 FCPATH\index.php(79): CodeIgniter\CodeIgniter->run()
INFO - 2024-09-19 08:46:21 --> Session: Class initialized using 'CodeIgniter\Session\Handlers\FileHandler' driver.
CRITICAL - 2024-09-19 08:46:21 --> Cannot access offset of type string on string
in APPPATH\Views\blog_details.php on line 21.
 1 SYSTEMPATH\View\View.php(228): include()
 2 SYSTEMPATH\View\View.php(231): CodeIgniter\View\View->CodeIgniter\View\{closure}()
 3 SYSTEMPATH\Common.php(1190): CodeIgniter\View\View->render('blog_details', [], true)
 4 APPPATH\Controllers\LoginController.php(540): view('blog_details', [...])
 5 SYSTEMPATH\CodeIgniter.php(942): App\Controllers\LoginController->blogdetails('13')
 6 SYSTEMPATH\CodeIgniter.php(502): CodeIgniter\CodeIgniter->runController(Object(App\Controllers\LoginController))
 7 SYSTEMPATH\CodeIgniter.php(361): CodeIgniter\CodeIgniter->handleRequest(null, Object(Config\Cache), false)
 8 FCPATH\index.php(79): CodeIgniter\CodeIgniter->run()
INFO - 2024-09-19 08:46:39 --> Session: Class initialized using 'CodeIgniter\Session\Handlers\FileHandler' driver.
CRITICAL - 2024-09-19 08:46:39 --> Cannot access offset of type string on string
in APPPATH\Views\blog_details.php on line 21.
 1 SYSTEMPATH\View\View.php(228): include()
 2 SYSTEMPATH\View\View.php(231): CodeIgniter\View\View->CodeIgniter\View\{closure}()
 3 SYSTEMPATH\Common.php(1190): CodeIgniter\View\View->render('blog_details', [], true)
 4 APPPATH\Controllers\LoginController.php(540): view('blog_details', [...])
 5 SYSTEMPATH\CodeIgniter.php(942): App\Controllers\LoginController->blogdetails('13')
 6 SYSTEMPATH\CodeIgniter.php(502): CodeIgniter\CodeIgniter->runController(Object(App\Controllers\LoginController))
 7 SYSTEMPATH\CodeIgniter.php(361): CodeIgniter\CodeIgniter->handleRequest(null, Object(Config\Cache), false)
 8 FCPATH\index.php(79): CodeIgniter\CodeIgniter->run()
INFO - 2024-09-19 08:46:44 --> Session: Class initialized using 'CodeIgniter\Session\Handlers\FileHandler' driver.
CRITICAL - 2024-09-19 08:46:44 --> Cannot access offset of type string on string
in APPPATH\Views\blog_details.php on line 21.
 1 SYSTEMPATH\View\View.php(228): include()
 2 SYSTEMPATH\View\View.php(231): CodeIgniter\View\View->CodeIgniter\View\{closure}()
 3 SYSTEMPATH\Common.php(1190): CodeIgniter\View\View->render('blog_details', [], true)
 4 APPPATH\Controllers\LoginController.php(540): view('blog_details', [...])
 5 SYSTEMPATH\CodeIgniter.php(942): App\Controllers\LoginController->blogdetails('13')
 6 SYSTEMPATH\CodeIgniter.php(502): CodeIgniter\CodeIgniter->runController(Object(App\Controllers\LoginController))
 7 SYSTEMPATH\CodeIgniter.php(361): CodeIgniter\CodeIgniter->handleRequest(null, Object(Config\Cache), false)
 8 FCPATH\index.php(79): CodeIgniter\CodeIgniter->run()
INFO - 2024-09-19 08:48:15 --> Session: Class initialized using 'CodeIgniter\Session\Handlers\FileHandler' driver.
CRITICAL - 2024-09-19 08:48:15 --> Cannot access offset of type string on string
in APPPATH\Views\blog_details.php on line 20.
 1 SYSTEMPATH\View\View.php(228): include()
 2 SYSTEMPATH\View\View.php(231): CodeIgniter\View\View->CodeIgniter\View\{closure}()
 3 SYSTEMPATH\Common.php(1190): CodeIgniter\View\View->render('blog_details', [], true)
 4 APPPATH\Controllers\LoginController.php(540): view('blog_details', [...])
 5 SYSTEMPATH\CodeIgniter.php(942): App\Controllers\LoginController->blogdetails('13')
 6 SYSTEMPATH\CodeIgniter.php(502): CodeIgniter\CodeIgniter->runController(Object(App\Controllers\LoginController))
 7 SYSTEMPATH\CodeIgniter.php(361): CodeIgniter\CodeIgniter->handleRequest(null, Object(Config\Cache), false)
 8 FCPATH\index.php(79): CodeIgniter\CodeIgniter->run()
INFO - 2024-09-19 08:49:42 --> Session: Class initialized using 'CodeIgniter\Session\Handlers\FileHandler' driver.
INFO - 2024-09-19 08:52:25 --> Session: Class initialized using 'CodeIgniter\Session\Handlers\FileHandler' driver.
INFO - 2024-09-19 09:03:50 --> Session: Class initialized using 'CodeIgniter\Session\Handlers\FileHandler' driver.
INFO - 2024-09-19 09:04:19 --> Session: Class initialized using 'CodeIgniter\Session\Handlers\FileHandler' driver.
CRITICAL - 2024-09-19 09:04:19 --> Cannot access offset of type string on string
in APPPATH\Views\blog_details.php on line 27.
 1 SYSTEMPATH\View\View.php(228): include()
 2 SYSTEMPATH\View\View.php(231): CodeIgniter\View\View->CodeIgniter\View\{closure}()
 3 SYSTEMPATH\Common.php(1190): CodeIgniter\View\View->render('blog_details', [], true)
 4 APPPATH\Controllers\LoginController.php(540): view('blog_details', [...])
 5 SYSTEMPATH\CodeIgniter.php(942): App\Controllers\LoginController->blogdetails('13')
 6 SYSTEMPATH\CodeIgniter.php(502): CodeIgniter\CodeIgniter->runController(Object(App\Controllers\LoginController))
 7 SYSTEMPATH\CodeIgniter.php(361): CodeIgniter\CodeIgniter->handleRequest(null, Object(Config\Cache), false)
 8 FCPATH\index.php(79): CodeIgniter\CodeIgniter->run()
INFO - 2024-09-19 09:04:36 --> Session: Class initialized using 'CodeIgniter\Session\Handlers\FileHandler' driver.
CRITICAL - 2024-09-19 09:04:36 --> Cannot access offset of type string on string
in APPPATH\Views\blog_details.php on line 27.
 1 SYSTEMPATH\View\View.php(228): include()
 2 SYSTEMPATH\View\View.php(231): CodeIgniter\View\View->CodeIgniter\View\{closure}()
 3 SYSTEMPATH\Common.php(1190): CodeIgniter\View\View->render('blog_details', [], true)
 4 APPPATH\Controllers\LoginController.php(540): view('blog_details', [...])
 5 SYSTEMPATH\CodeIgniter.php(942): App\Controllers\LoginController->blogdetails('13')
 6 SYSTEMPATH\CodeIgniter.php(502): CodeIgniter\CodeIgniter->runController(Object(App\Controllers\LoginController))
 7 SYSTEMPATH\CodeIgniter.php(361): CodeIgniter\CodeIgniter->handleRequest(null, Object(Config\Cache), false)
 8 FCPATH\index.php(79): CodeIgniter\CodeIgniter->run()
INFO - 2024-09-19 09:04:40 --> Session: Class initialized using 'CodeIgniter\Session\Handlers\FileHandler' driver.
CRITICAL - 2024-09-19 09:04:40 --> Cannot access offset of type string on string
in APPPATH\Views\blog_details.php on line 27.
 1 SYSTEMPATH\View\View.php(228): include()
 2 SYSTEMPATH\View\View.php(231): CodeIgniter\View\View->CodeIgniter\View\{closure}()
 3 SYSTEMPATH\Common.php(1190): CodeIgniter\View\View->render('blog_details', [], true)
 4 APPPATH\Controllers\LoginController.php(540): view('blog_details', [...])
 5 SYSTEMPATH\CodeIgniter.php(942): App\Controllers\LoginController->blogdetails('13')
 6 SYSTEMPATH\CodeIgniter.php(502): CodeIgniter\CodeIgniter->runController(Object(App\Controllers\LoginController))
 7 SYSTEMPATH\CodeIgniter.php(361): CodeIgniter\CodeIgniter->handleRequest(null, Object(Config\Cache), false)
 8 FCPATH\index.php(79): CodeIgniter\CodeIgniter->run()
INFO - 2024-09-19 09:04:41 --> Session: Class initialized using 'CodeIgniter\Session\Handlers\FileHandler' driver.
CRITICAL - 2024-09-19 09:04:41 --> Cannot access offset of type string on string
in APPPATH\Views\blog_details.php on line 27.
 1 SYSTEMPATH\View\View.php(228): include()
 2 SYSTEMPATH\View\View.php(231): CodeIgniter\View\View->CodeIgniter\View\{closure}()
 3 SYSTEMPATH\Common.php(1190): CodeIgniter\View\View->render('blog_details', [], true)
 4 APPPATH\Controllers\LoginController.php(540): view('blog_details', [...])
 5 SYSTEMPATH\CodeIgniter.php(942): App\Controllers\LoginController->blogdetails('13')
 6 SYSTEMPATH\CodeIgniter.php(502): CodeIgniter\CodeIgniter->runController(Object(App\Controllers\LoginController))
 7 SYSTEMPATH\CodeIgniter.php(361): CodeIgniter\CodeIgniter->handleRequest(null, Object(Config\Cache), false)
 8 FCPATH\index.php(79): CodeIgniter\CodeIgniter->run()
INFO - 2024-09-19 09:06:12 --> Session: Class initialized using 'CodeIgniter\Session\Handlers\FileHandler' driver.
CRITICAL - 2024-09-19 09:06:12 --> Cannot access offset of type string on string
in APPPATH\Views\blog_details.php on line 20.
 1 SYSTEMPATH\View\View.php(228): include()
 2 SYSTEMPATH\View\View.php(231): CodeIgniter\View\View->CodeIgniter\View\{closure}()
 3 SYSTEMPATH\Common.php(1190): CodeIgniter\View\View->render('blog_details', [], true)
 4 APPPATH\Controllers\LoginController.php(540): view('blog_details', [...])
 5 SYSTEMPATH\CodeIgniter.php(942): App\Controllers\LoginController->blogdetails('13')
 6 SYSTEMPATH\CodeIgniter.php(502): CodeIgniter\CodeIgniter->runController(Object(App\Controllers\LoginController))
 7 SYSTEMPATH\CodeIgniter.php(361): CodeIgniter\CodeIgniter->handleRequest(null, Object(Config\Cache), false)
 8 FCPATH\index.php(79): CodeIgniter\CodeIgniter->run()
INFO - 2024-09-19 09:06:23 --> Session: Class initialized using 'CodeIgniter\Session\Handlers\FileHandler' driver.
CRITICAL - 2024-09-19 09:06:23 --> Cannot access offset of type string on string
in APPPATH\Views\blog_details.php on line 20.
 1 SYSTEMPATH\View\View.php(228): include()
 2 SYSTEMPATH\View\View.php(231): CodeIgniter\View\View->CodeIgniter\View\{closure}()
 3 SYSTEMPATH\Common.php(1190): CodeIgniter\View\View->render('blog_details', [], true)
 4 APPPATH\Controllers\LoginController.php(540): view('blog_details', [...])
 5 SYSTEMPATH\CodeIgniter.php(942): App\Controllers\LoginController->blogdetails('13')
 6 SYSTEMPATH\CodeIgniter.php(502): CodeIgniter\CodeIgniter->runController(Object(App\Controllers\LoginController))
 7 SYSTEMPATH\CodeIgniter.php(361): CodeIgniter\CodeIgniter->handleRequest(null, Object(Config\Cache), false)
 8 FCPATH\index.php(79): CodeIgniter\CodeIgniter->run()
INFO - 2024-09-19 09:06:24 --> Session: Class initialized using 'CodeIgniter\Session\Handlers\FileHandler' driver.
CRITICAL - 2024-09-19 09:06:24 --> Cannot access offset of type string on string
in APPPATH\Views\blog_details.php on line 20.
 1 SYSTEMPATH\View\View.php(228): include()
 2 SYSTEMPATH\View\View.php(231): CodeIgniter\View\View->CodeIgniter\View\{closure}()
 3 SYSTEMPATH\Common.php(1190): CodeIgniter\View\View->render('blog_details', [], true)
 4 APPPATH\Controllers\LoginController.php(540): view('blog_details', [...])
 5 SYSTEMPATH\CodeIgniter.php(942): App\Controllers\LoginController->blogdetails('13')
 6 SYSTEMPATH\CodeIgniter.php(502): CodeIgniter\CodeIgniter->runController(Object(App\Controllers\LoginController))
 7 SYSTEMPATH\CodeIgniter.php(361): CodeIgniter\CodeIgniter->handleRequest(null, Object(Config\Cache), false)
 8 FCPATH\index.php(79): CodeIgniter\CodeIgniter->run()
INFO - 2024-09-19 09:06:25 --> Session: Class initialized using 'CodeIgniter\Session\Handlers\FileHandler' driver.
CRITICAL - 2024-09-19 09:06:25 --> Cannot access offset of type string on string
in APPPATH\Views\blog_details.php on line 20.
 1 SYSTEMPATH\View\View.php(228): include()
 2 SYSTEMPATH\View\View.php(231): CodeIgniter\View\View->CodeIgniter\View\{closure}()
 3 SYSTEMPATH\Common.php(1190): CodeIgniter\View\View->render('blog_details', [], true)
 4 APPPATH\Controllers\LoginController.php(540): view('blog_details', [...])
 5 SYSTEMPATH\CodeIgniter.php(942): App\Controllers\LoginController->blogdetails('13')
 6 SYSTEMPATH\CodeIgniter.php(502): CodeIgniter\CodeIgniter->runController(Object(App\Controllers\LoginController))
 7 SYSTEMPATH\CodeIgniter.php(361): CodeIgniter\CodeIgniter->handleRequest(null, Object(Config\Cache), false)
 8 FCPATH\index.php(79): CodeIgniter\CodeIgniter->run()
INFO - 2024-09-19 09:07:49 --> Session: Class initialized using 'CodeIgniter\Session\Handlers\FileHandler' driver.
CRITICAL - 2024-09-19 09:07:49 --> Cannot access offset of type string on string
in APPPATH\Views\blog_details.php on line 20.
 1 SYSTEMPATH\View\View.php(228): include()
 2 SYSTEMPATH\View\View.php(231): CodeIgniter\View\View->CodeIgniter\View\{closure}()
 3 SYSTEMPATH\Common.php(1190): CodeIgniter\View\View->render('blog_details', [], true)
 4 APPPATH\Controllers\LoginController.php(540): view('blog_details', [...])
 5 SYSTEMPATH\CodeIgniter.php(942): App\Controllers\LoginController->blogdetails('13')
 6 SYSTEMPATH\CodeIgniter.php(502): CodeIgniter\CodeIgniter->runController(Object(App\Controllers\LoginController))
 7 SYSTEMPATH\CodeIgniter.php(361): CodeIgniter\CodeIgniter->handleRequest(null, Object(Config\Cache), false)
 8 FCPATH\index.php(79): CodeIgniter\CodeIgniter->run()
INFO - 2024-09-19 09:08:02 --> Session: Class initialized using 'CodeIgniter\Session\Handlers\FileHandler' driver.
CRITICAL - 2024-09-19 09:08:02 --> Cannot access offset of type string on string
in APPPATH\Views\blog_details.php on line 20.
 1 SYSTEMPATH\View\View.php(228): include()
 2 SYSTEMPATH\View\View.php(231): CodeIgniter\View\View->CodeIgniter\View\{closure}()
 3 SYSTEMPATH\Common.php(1190): CodeIgniter\View\View->render('blog_details', [], true)
 4 APPPATH\Controllers\LoginController.php(540): view('blog_details', [...])
 5 SYSTEMPATH\CodeIgniter.php(942): App\Controllers\LoginController->blogdetails('13')
 6 SYSTEMPATH\CodeIgniter.php(502): CodeIgniter\CodeIgniter->runController(Object(App\Controllers\LoginController))
 7 SYSTEMPATH\CodeIgniter.php(361): CodeIgniter\CodeIgniter->handleRequest(null, Object(Config\Cache), false)
 8 FCPATH\index.php(79): CodeIgniter\CodeIgniter->run()
INFO - 2024-09-19 09:08:20 --> Session: Class initialized using 'CodeIgniter\Session\Handlers\FileHandler' driver.
CRITICAL - 2024-09-19 09:08:20 --> Cannot access offset of type string on string
in APPPATH\Views\blog_details.php on line 20.
 1 SYSTEMPATH\View\View.php(228): include()
 2 SYSTEMPATH\View\View.php(231): CodeIgniter\View\View->CodeIgniter\View\{closure}()
 3 SYSTEMPATH\Common.php(1190): CodeIgniter\View\View->render('blog_details', [], true)
 4 APPPATH\Controllers\LoginController.php(540): view('blog_details', [...])
 5 SYSTEMPATH\CodeIgniter.php(942): App\Controllers\LoginController->blogdetails('13')
 6 SYSTEMPATH\CodeIgniter.php(502): CodeIgniter\CodeIgniter->runController(Object(App\Controllers\LoginController))
 7 SYSTEMPATH\CodeIgniter.php(361): CodeIgniter\CodeIgniter->handleRequest(null, Object(Config\Cache), false)
 8 FCPATH\index.php(79): CodeIgniter\CodeIgniter->run()
INFO - 2024-09-19 09:08:22 --> Session: Class initialized using 'CodeIgniter\Session\Handlers\FileHandler' driver.
CRITICAL - 2024-09-19 09:08:22 --> Cannot access offset of type string on string
in APPPATH\Views\blog_details.php on line 20.
 1 SYSTEMPATH\View\View.php(228): include()
 2 SYSTEMPATH\View\View.php(231): CodeIgniter\View\View->CodeIgniter\View\{closure}()
 3 SYSTEMPATH\Common.php(1190): CodeIgniter\View\View->render('blog_details', [], true)
 4 APPPATH\Controllers\LoginController.php(540): view('blog_details', [...])
 5 SYSTEMPATH\CodeIgniter.php(942): App\Controllers\LoginController->blogdetails('13')
 6 SYSTEMPATH\CodeIgniter.php(502): CodeIgniter\CodeIgniter->runController(Object(App\Controllers\LoginController))
 7 SYSTEMPATH\CodeIgniter.php(361): CodeIgniter\CodeIgniter->handleRequest(null, Object(Config\Cache), false)
 8 FCPATH\index.php(79): CodeIgniter\CodeIgniter->run()
INFO - 2024-09-19 09:13:30 --> Session: Class initialized using 'CodeIgniter\Session\Handlers\FileHandler' driver.
INFO - 2024-09-19 09:13:52 --> Session: Class initialized using 'CodeIgniter\Session\Handlers\FileHandler' driver.
CRITICAL - 2024-09-19 09:13:52 --> Cannot access offset of type string on string
in APPPATH\Views\blog_details.php on line 20.
 1 SYSTEMPATH\View\View.php(228): include()
 2 SYSTEMPATH\View\View.php(231): CodeIgniter\View\View->CodeIgniter\View\{closure}()
 3 SYSTEMPATH\Common.php(1190): CodeIgniter\View\View->render('blog_details', [], true)
 4 APPPATH\Controllers\LoginController.php(542): view('blog_details', [...])
 5 SYSTEMPATH\CodeIgniter.php(942): App\Controllers\LoginController->blogdetails('13')
 6 SYSTEMPATH\CodeIgniter.php(502): CodeIgniter\CodeIgniter->runController(Object(App\Controllers\LoginController))
 7 SYSTEMPATH\CodeIgniter.php(361): CodeIgniter\CodeIgniter->handleRequest(null, Object(Config\Cache), false)
 8 FCPATH\index.php(79): CodeIgniter\CodeIgniter->run()
INFO - 2024-09-19 09:14:33 --> Session: Class initialized using 'CodeIgniter\Session\Handlers\FileHandler' driver.
CRITICAL - 2024-09-19 09:14:33 --> Undefined variable $blog
in APPPATH\Views\blog_details.php on line 97.
 1 APPPATH\Views\blog_details.php(97): CodeIgniter\Debug\Exceptions->errorHandler(2, 'Undefined variable $blog', 'C:\\xampp\\htdocs\\dashboardRegexbyte\\app\\Views\\blog_details.php', 97)
 2 SYSTEMPATH\View\View.php(228): include('C:\\xampp\\htdocs\\dashboardRegexbyte\\app\\Views\\blog_details.php')
 3 SYSTEMPATH\View\View.php(231): CodeIgniter\View\View->CodeIgniter\View\{closure}()
 4 SYSTEMPATH\Common.php(1190): CodeIgniter\View\View->render('blog_details', [], true)
 5 APPPATH\Controllers\LoginController.php(542): view('blog_details', [...])
 6 SYSTEMPATH\CodeIgniter.php(942): App\Controllers\LoginController->blogdetails('13')
 7 SYSTEMPATH\CodeIgniter.php(502): CodeIgniter\CodeIgniter->runController(Object(App\Controllers\LoginController))
 8 SYSTEMPATH\CodeIgniter.php(361): CodeIgniter\CodeIgniter->handleRequest(null, Object(Config\Cache), false)
 9 FCPATH\index.php(79): CodeIgniter\CodeIgniter->run()
INFO - 2024-09-19 09:15:38 --> Session: Class initialized using 'CodeIgniter\Session\Handlers\FileHandler' driver.
INFO - 2024-09-19 09:16:02 --> Session: Class initialized using 'CodeIgniter\Session\Handlers\FileHandler' driver.
INFO - 2024-09-19 09:16:18 --> Session: Class initialized using 'CodeIgniter\Session\Handlers\FileHandler' driver.
INFO - 2024-09-19 09:19:04 --> Session: Class initialized using 'CodeIgniter\Session\Handlers\FileHandler' driver.
INFO - 2024-09-19 09:19:08 --> Session: Class initialized using 'CodeIgniter\Session\Handlers\FileHandler' driver.
INFO - 2024-09-19 09:19:13 --> Session: Class initialized using 'CodeIgniter\Session\Handlers\FileHandler' driver.
INFO - 2024-09-19 09:20:41 --> Session: Class initialized using 'CodeIgniter\Session\Handlers\FileHandler' driver.
INFO - 2024-09-19 09:21:58 --> Session: Class initialized using 'CodeIgniter\Session\Handlers\FileHandler' driver.
INFO - 2024-09-19 10:16:12 --> Session: Class initialized using 'CodeIgniter\Session\Handlers\FileHandler' driver.
CRITICAL - 2024-09-19 12:16:12 --> Call to undefined method CodeIgniter\Autoloader\Autoloader::initializeKint()
in SYSTEMPATH\Boot.php on line 293.
 1 SYSTEMPATH\Boot.php(56): CodeIgniter\Boot::initializeKint()
 2 FCPATH\index.php(56): CodeIgniter\Boot::bootWeb(Object(Config\Paths))
CRITICAL - 2024-09-19 12:16:12 --> Call to undefined method CodeIgniter\Autoloader\Autoloader::initializeKint()
in SYSTEMPATH\Boot.php on line 293.
 1 SYSTEMPATH\Boot.php(56): CodeIgniter\Boot::initializeKint()
 2 FCPATH\index.php(56): CodeIgniter\Boot::bootWeb(Object(Config\Paths))
CRITICAL - 2024-09-19 12:16:12 --> Call to undefined method CodeIgniter\Autoloader\Autoloader::initializeKint()
in SYSTEMPATH\Boot.php on line 293.
 1 SYSTEMPATH\Boot.php(56): CodeIgniter\Boot::initializeKint()
 2 FCPATH\index.php(56): CodeIgniter\Boot::bootWeb(Object(Config\Paths))
INFO - 2024-09-19 10:16:14 --> Session: Class initialized using 'CodeIgniter\Session\Handlers\FileHandler' driver.
INFO - 2024-09-19 10:18:58 --> Session: Class initialized using 'CodeIgniter\Session\Handlers\FileHandler' driver.
INFO - 2024-09-19 10:19:15 --> Session: Class initialized using 'CodeIgniter\Session\Handlers\FileHandler' driver.
INFO - 2024-09-19 10:20:48 --> Session: Class initialized using 'CodeIgniter\Session\Handlers\FileHandler' driver.
INFO - 2024-09-19 10:21:19 --> Session: Class initialized using 'CodeIgniter\Session\Handlers\FileHandler' driver.
INFO - 2024-09-19 10:21:57 --> Session: Class initialized using 'CodeIgniter\Session\Handlers\FileHandler' driver.
INFO - 2024-09-19 10:22:17 --> Session: Class initialized using 'CodeIgniter\Session\Handlers\FileHandler' driver.
INFO - 2024-09-19 10:22:17 --> Session: Class initialized using 'CodeIgniter\Session\Handlers\FileHandler' driver.
INFO - 2024-09-19 10:22:23 --> Session: Class initialized using 'CodeIgniter\Session\Handlers\FileHandler' driver.
INFO - 2024-09-19 10:22:27 --> Session: Class initialized using 'CodeIgniter\Session\Handlers\FileHandler' driver.
INFO - 2024-09-19 10:22:27 --> Session: Class initialized using 'CodeIgniter\Session\Handlers\FileHandler' driver.
CRITICAL - 2024-09-19 12:22:28 --> Call to undefined method CodeIgniter\Autoloader\Autoloader::initializeKint()
in SYSTEMPATH\Boot.php on line 293.
 1 SYSTEMPATH\Boot.php(56): CodeIgniter\Boot::initializeKint()
 2 FCPATH\index.php(56): CodeIgniter\Boot::bootWeb(Object(Config\Paths))
CRITICAL - 2024-09-19 12:22:28 --> Call to undefined method CodeIgniter\Autoloader\Autoloader::initializeKint()
in SYSTEMPATH\Boot.php on line 293.
 1 SYSTEMPATH\Boot.php(56): CodeIgniter\Boot::initializeKint()
 2 FCPATH\index.php(56): CodeIgniter\Boot::bootWeb(Object(Config\Paths))
CRITICAL - 2024-09-19 12:22:28 --> Call to undefined method CodeIgniter\Autoloader\Autoloader::initializeKint()
in SYSTEMPATH\Boot.php on line 293.
 1 SYSTEMPATH\Boot.php(56): CodeIgniter\Boot::initializeKint()
 2 FCPATH\index.php(56): CodeIgniter\Boot::bootWeb(Object(Config\Paths))
INFO - 2024-09-19 10:22:32 --> Session: Class initialized using 'CodeIgniter\Session\Handlers\FileHandler' driver.
CRITICAL - 2024-09-19 12:22:32 --> Call to undefined method CodeIgniter\Autoloader\Autoloader::initializeKint()
in SYSTEMPATH\Boot.php on line 293.
 1 SYSTEMPATH\Boot.php(56): CodeIgniter\Boot::initializeKint()
 2 FCPATH\index.php(56): CodeIgniter\Boot::bootWeb(Object(Config\Paths))
CRITICAL - 2024-09-19 12:22:33 --> Call to undefined method CodeIgniter\Autoloader\Autoloader::initializeKint()
in SYSTEMPATH\Boot.php on line 293.
 1 SYSTEMPATH\Boot.php(56): CodeIgniter\Boot::initializeKint()
 2 FCPATH\index.php(56): CodeIgniter\Boot::bootWeb(Object(Config\Paths))
CRITICAL - 2024-09-19 12:22:33 --> Call to undefined method CodeIgniter\Autoloader\Autoloader::initializeKint()
in SYSTEMPATH\Boot.php on line 293.
 1 SYSTEMPATH\Boot.php(56): CodeIgniter\Boot::initializeKint()
 2 FCPATH\index.php(56): CodeIgniter\Boot::bootWeb(Object(Config\Paths))
INFO - 2024-09-19 10:22:42 --> Session: Class initialized using 'CodeIgniter\Session\Handlers\FileHandler' driver.
INFO - 2024-09-19 10:41:06 --> Session: Class initialized using 'CodeIgniter\Session\Handlers\FileHandler' driver.
INFO - 2024-09-19 10:53:44 --> Session: Class initialized using 'CodeIgniter\Session\Handlers\FileHandler' driver.
INFO - 2024-09-19 10:54:10 --> Session: Class initialized using 'CodeIgniter\Session\Handlers\FileHandler' driver.
INFO - 2024-09-19 10:54:21 --> Session: Class initialized using 'CodeIgniter\Session\Handlers\FileHandler' driver.
INFO - 2024-09-19 10:54:29 --> Session: Class initialized using 'CodeIgniter\Session\Handlers\FileHandler' driver.
INFO - 2024-09-19 10:54:47 --> Session: Class initialized using 'CodeIgniter\Session\Handlers\FileHandler' driver.
CRITICAL - 2024-09-19 12:54:48 --> Call to undefined method CodeIgniter\Autoloader\Autoloader::initializeKint()
in SYSTEMPATH\Boot.php on line 293.
 1 SYSTEMPATH\Boot.php(56): CodeIgniter\Boot::initializeKint()
 2 FCPATH\index.php(56): CodeIgniter\Boot::bootWeb(Object(Config\Paths))
CRITICAL - 2024-09-19 12:54:48 --> Call to undefined method CodeIgniter\Autoloader\Autoloader::initializeKint()
in SYSTEMPATH\Boot.php on line 293.
 1 SYSTEMPATH\Boot.php(56): CodeIgniter\Boot::initializeKint()
 2 FCPATH\index.php(56): CodeIgniter\Boot::bootWeb(Object(Config\Paths))
CRITICAL - 2024-09-19 12:54:49 --> Call to undefined method CodeIgniter\Autoloader\Autoloader::initializeKint()
in SYSTEMPATH\Boot.php on line 293.
 1 SYSTEMPATH\Boot.php(56): CodeIgniter\Boot::initializeKint()
 2 FCPATH\index.php(56): CodeIgniter\Boot::bootWeb(Object(Config\Paths))
INFO - 2024-09-19 10:54:51 --> Session: Class initialized using 'CodeIgniter\Session\Handlers\FileHandler' driver.
INFO - 2024-09-19 10:55:07 --> Session: Class initialized using 'CodeIgniter\Session\Handlers\FileHandler' driver.
INFO - 2024-09-19 10:55:26 --> Session: Class initialized using 'CodeIgniter\Session\Handlers\FileHandler' driver.
INFO - 2024-09-19 10:56:50 --> Session: Class initialized using 'CodeIgniter\Session\Handlers\FileHandler' driver.
INFO - 2024-09-19 10:57:12 --> Session: Class initialized using 'CodeIgniter\Session\Handlers\FileHandler' driver.
INFO - 2024-09-19 10:57:17 --> Session: Class initialized using 'CodeIgniter\Session\Handlers\FileHandler' driver.
INFO - 2024-09-19 10:57:25 --> Session: Class initialized using 'CodeIgniter\Session\Handlers\FileHandler' driver.
INFO - 2024-09-19 10:57:28 --> Session: Class initialized using 'CodeIgniter\Session\Handlers\FileHandler' driver.
INFO - 2024-09-19 11:02:15 --> Session: Class initialized using 'CodeIgniter\Session\Handlers\FileHandler' driver.
INFO - 2024-09-19 11:02:29 --> Session: Class initialized using 'CodeIgniter\Session\Handlers\FileHandler' driver.
INFO - 2024-09-19 11:02:47 --> Session: Class initialized using 'CodeIgniter\Session\Handlers\FileHandler' driver.
INFO - 2024-09-19 11:03:02 --> Session: Class initialized using 'CodeIgniter\Session\Handlers\FileHandler' driver.
INFO - 2024-09-19 11:03:15 --> Session: Class initialized using 'CodeIgniter\Session\Handlers\FileHandler' driver.
CRITICAL - 2024-09-19 13:03:15 --> Call to undefined method CodeIgniter\Autoloader\Autoloader::initializeKint()
in SYSTEMPATH\Boot.php on line 293.
 1 SYSTEMPATH\Boot.php(56): CodeIgniter\Boot::initializeKint()
 2 FCPATH\index.php(56): CodeIgniter\Boot::bootWeb(Object(Config\Paths))
CRITICAL - 2024-09-19 13:03:15 --> Call to undefined method CodeIgniter\Autoloader\Autoloader::initializeKint()
in SYSTEMPATH\Boot.php on line 293.
 1 SYSTEMPATH\Boot.php(56): CodeIgniter\Boot::initializeKint()
 2 FCPATH\index.php(56): CodeIgniter\Boot::bootWeb(Object(Config\Paths))
CRITICAL - 2024-09-19 13:03:16 --> Call to undefined method CodeIgniter\Autoloader\Autoloader::initializeKint()
in SYSTEMPATH\Boot.php on line 293.
 1 SYSTEMPATH\Boot.php(56): CodeIgniter\Boot::initializeKint()
 2 FCPATH\index.php(56): CodeIgniter\Boot::bootWeb(Object(Config\Paths))
INFO - 2024-09-19 11:03:21 --> Session: Class initialized using 'CodeIgniter\Session\Handlers\FileHandler' driver.
INFO - 2024-09-19 11:03:57 --> Session: Class initialized using 'CodeIgniter\Session\Handlers\FileHandler' driver.
INFO - 2024-09-19 11:04:18 --> Session: Class initialized using 'CodeIgniter\Session\Handlers\FileHandler' driver.
INFO - 2024-09-19 11:16:41 --> Session: Class initialized using 'CodeIgniter\Session\Handlers\FileHandler' driver.
INFO - 2024-09-19 11:16:57 --> Session: Class initialized using 'CodeIgniter\Session\Handlers\FileHandler' driver.
CRITICAL - 2024-09-19 13:16:58 --> Call to undefined method CodeIgniter\Autoloader\Autoloader::initializeKint()
in SYSTEMPATH\Boot.php on line 293.
 1 SYSTEMPATH\Boot.php(56): CodeIgniter\Boot::initializeKint()
 2 FCPATH\index.php(56): CodeIgniter\Boot::bootWeb(Object(Config\Paths))
CRITICAL - 2024-09-19 13:16:58 --> Call to undefined method CodeIgniter\Autoloader\Autoloader::initializeKint()
in SYSTEMPATH\Boot.php on line 293.
 1 SYSTEMPATH\Boot.php(56): CodeIgniter\Boot::initializeKint()
 2 FCPATH\index.php(56): CodeIgniter\Boot::bootWeb(Object(Config\Paths))
CRITICAL - 2024-09-19 13:16:58 --> Call to undefined method CodeIgniter\Autoloader\Autoloader::initializeKint()
in SYSTEMPATH\Boot.php on line 293.
 1 SYSTEMPATH\Boot.php(56): CodeIgniter\Boot::initializeKint()
 2 FCPATH\index.php(56): CodeIgniter\Boot::bootWeb(Object(Config\Paths))
INFO - 2024-09-19 11:17:01 --> Session: Class initialized using 'CodeIgniter\Session\Handlers\FileHandler' driver.
INFO - 2024-09-19 11:17:12 --> Session: Class initialized using 'CodeIgniter\Session\Handlers\FileHandler' driver.
INFO - 2024-09-19 11:20:03 --> Session: Class initialized using 'CodeIgniter\Session\Handlers\FileHandler' driver.
CRITICAL - 2024-09-19 11:20:03 --> Undefined array key "cate_title"
in APPPATH\Views\blog_details.php on line 17.
 1 APPPATH\Views\blog_details.php(17): CodeIgniter\Debug\Exceptions->errorHandler(2, 'Undefined array key "cate_title"', 'C:\\xampp\\htdocs\\dashboardRegexbyte\\app\\Views\\blog_details.php', 17)
 2 SYSTEMPATH\View\View.php(228): include('C:\\xampp\\htdocs\\dashboardRegexbyte\\app\\Views\\blog_details.php')
 3 SYSTEMPATH\View\View.php(231): CodeIgniter\View\View->CodeIgniter\View\{closure}()
 4 SYSTEMPATH\Common.php(1190): CodeIgniter\View\View->render('blog_details', [], true)
 5 APPPATH\Controllers\LoginController.php(542): view('blog_details', [...])
 6 SYSTEMPATH\CodeIgniter.php(942): App\Controllers\LoginController->blogdetails('14')
 7 SYSTEMPATH\CodeIgniter.php(502): CodeIgniter\CodeIgniter->runController(Object(App\Controllers\LoginController))
 8 SYSTEMPATH\CodeIgniter.php(361): CodeIgniter\CodeIgniter->handleRequest(null, Object(Config\Cache), false)
 9 FCPATH\index.php(79): CodeIgniter\CodeIgniter->run()
INFO - 2024-09-19 11:20:24 --> Session: Class initialized using 'CodeIgniter\Session\Handlers\FileHandler' driver.
CRITICAL - 2024-09-19 11:20:24 --> Undefined array key "cate_title"
in APPPATH\Views\blog_details.php on line 37.
 1 APPPATH\Views\blog_details.php(37): CodeIgniter\Debug\Exceptions->errorHandler(2, 'Undefined array key "cate_title"', 'C:\\xampp\\htdocs\\dashboardRegexbyte\\app\\Views\\blog_details.php', 37)
 2 SYSTEMPATH\View\View.php(228): include('C:\\xampp\\htdocs\\dashboardRegexbyte\\app\\Views\\blog_details.php')
 3 SYSTEMPATH\View\View.php(231): CodeIgniter\View\View->CodeIgniter\View\{closure}()
 4 SYSTEMPATH\Common.php(1190): CodeIgniter\View\View->render('blog_details', [], true)
 5 APPPATH\Controllers\LoginController.php(542): view('blog_details', [...])
 6 SYSTEMPATH\CodeIgniter.php(942): App\Controllers\LoginController->blogdetails('14')
 7 SYSTEMPATH\CodeIgniter.php(502): CodeIgniter\CodeIgniter->runController(Object(App\Controllers\LoginController))
 8 SYSTEMPATH\CodeIgniter.php(361): CodeIgniter\CodeIgniter->handleRequest(null, Object(Config\Cache), false)
 9 FCPATH\index.php(79): CodeIgniter\CodeIgniter->run()
INFO - 2024-09-19 11:20:44 --> Session: Class initialized using 'CodeIgniter\Session\Handlers\FileHandler' driver.
CRITICAL - 2024-09-19 11:20:44 --> Undefined array key "date"
in APPPATH\Views\blog_details.php on line 41.
 1 APPPATH\Views\blog_details.php(41): CodeIgniter\Debug\Exceptions->errorHandler(2, 'Undefined array key "date"', 'C:\\xampp\\htdocs\\dashboardRegexbyte\\app\\Views\\blog_details.php', 41)
 2 SYSTEMPATH\View\View.php(228): include('C:\\xampp\\htdocs\\dashboardRegexbyte\\app\\Views\\blog_details.php')
 3 SYSTEMPATH\View\View.php(231): CodeIgniter\View\View->CodeIgniter\View\{closure}()
 4 SYSTEMPATH\Common.php(1190): CodeIgniter\View\View->render('blog_details', [], true)
 5 APPPATH\Controllers\LoginController.php(542): view('blog_details', [...])
 6 SYSTEMPATH\CodeIgniter.php(942): App\Controllers\LoginController->blogdetails('14')
 7 SYSTEMPATH\CodeIgniter.php(502): CodeIgniter\CodeIgniter->runController(Object(App\Controllers\LoginController))
 8 SYSTEMPATH\CodeIgniter.php(361): CodeIgniter\CodeIgniter->handleRequest(null, Object(Config\Cache), false)
 9 FCPATH\index.php(79): CodeIgniter\CodeIgniter->run()
INFO - 2024-09-19 11:20:44 --> Session: Class initialized using 'CodeIgniter\Session\Handlers\FileHandler' driver.
CRITICAL - 2024-09-19 11:20:44 --> Undefined array key "date"
in APPPATH\Views\blog_details.php on line 41.
 1 APPPATH\Views\blog_details.php(41): CodeIgniter\Debug\Exceptions->errorHandler(2, 'Undefined array key "date"', 'C:\\xampp\\htdocs\\dashboardRegexbyte\\app\\Views\\blog_details.php', 41)
 2 SYSTEMPATH\View\View.php(228): include('C:\\xampp\\htdocs\\dashboardRegexbyte\\app\\Views\\blog_details.php')
 3 SYSTEMPATH\View\View.php(231): CodeIgniter\View\View->CodeIgniter\View\{closure}()
 4 SYSTEMPATH\Common.php(1190): CodeIgniter\View\View->render('blog_details', [], true)
 5 APPPATH\Controllers\LoginController.php(542): view('blog_details', [...])
 6 SYSTEMPATH\CodeIgniter.php(942): App\Controllers\LoginController->blogdetails('14')
 7 SYSTEMPATH\CodeIgniter.php(502): CodeIgniter\CodeIgniter->runController(Object(App\Controllers\LoginController))
 8 SYSTEMPATH\CodeIgniter.php(361): CodeIgniter\CodeIgniter->handleRequest(null, Object(Config\Cache), false)
 9 FCPATH\index.php(79): CodeIgniter\CodeIgniter->run()
INFO - 2024-09-19 11:21:50 --> Session: Class initialized using 'CodeIgniter\Session\Handlers\FileHandler' driver.
INFO - 2024-09-19 11:24:34 --> Session: Class initialized using 'CodeIgniter\Session\Handlers\FileHandler' driver.
INFO - 2024-09-19 11:24:57 --> Session: Class initialized using 'CodeIgniter\Session\Handlers\FileHandler' driver.
INFO - 2024-09-19 11:27:33 --> Session: Class initialized using 'CodeIgniter\Session\Handlers\FileHandler' driver.
INFO - 2024-09-19 11:27:37 --> Session: Class initialized using 'CodeIgniter\Session\Handlers\FileHandler' driver.
INFO - 2024-09-19 11:28:51 --> Session: Class initialized using 'CodeIgniter\Session\Handlers\FileHandler' driver.
INFO - 2024-09-19 11:29:28 --> Session: Class initialized using 'CodeIgniter\Session\Handlers\FileHandler' driver.
INFO - 2024-09-19 11:29:48 --> Session: Class initialized using 'CodeIgniter\Session\Handlers\FileHandler' driver.
INFO - 2024-09-19 11:29:51 --> Session: Class initialized using 'CodeIgniter\Session\Handlers\FileHandler' driver.
INFO - 2024-09-19 11:30:40 --> Session: Class initialized using 'CodeIgniter\Session\Handlers\FileHandler' driver.
INFO - 2024-09-19 11:32:06 --> Session: Class initialized using 'CodeIgniter\Session\Handlers\FileHandler' driver.
INFO - 2024-09-19 11:32:13 --> Session: Class initialized using 'CodeIgniter\Session\Handlers\FileHandler' driver.
INFO - 2024-09-19 11:32:18 --> Session: Class initialized using 'CodeIgniter\Session\Handlers\FileHandler' driver.
CRITICAL - 2024-09-19 13:32:18 --> Call to undefined method CodeIgniter\Autoloader\Autoloader::initializeKint()
in SYSTEMPATH\Boot.php on line 293.
 1 SYSTEMPATH\Boot.php(56): CodeIgniter\Boot::initializeKint()
 2 FCPATH\index.php(56): CodeIgniter\Boot::bootWeb(Object(Config\Paths))
CRITICAL - 2024-09-19 13:32:19 --> Call to undefined method CodeIgniter\Autoloader\Autoloader::initializeKint()
in SYSTEMPATH\Boot.php on line 293.
 1 SYSTEMPATH\Boot.php(56): CodeIgniter\Boot::initializeKint()
 2 FCPATH\index.php(56): CodeIgniter\Boot::bootWeb(Object(Config\Paths))
CRITICAL - 2024-09-19 13:32:19 --> Call to undefined method CodeIgniter\Autoloader\Autoloader::initializeKint()
in SYSTEMPATH\Boot.php on line 293.
 1 SYSTEMPATH\Boot.php(56): CodeIgniter\Boot::initializeKint()
 2 FCPATH\index.php(56): CodeIgniter\Boot::bootWeb(Object(Config\Paths))
INFO - 2024-09-19 11:32:21 --> Session: Class initialized using 'CodeIgniter\Session\Handlers\FileHandler' driver.
CRITICAL - 2024-09-19 13:32:21 --> Call to undefined method CodeIgniter\Autoloader\Autoloader::initializeKint()
in SYSTEMPATH\Boot.php on line 293.
 1 SYSTEMPATH\Boot.php(56): CodeIgniter\Boot::initializeKint()
 2 FCPATH\index.php(56): CodeIgniter\Boot::bootWeb(Object(Config\Paths))
CRITICAL - 2024-09-19 13:32:21 --> Call to undefined method CodeIgniter\Autoloader\Autoloader::initializeKint()
in SYSTEMPATH\Boot.php on line 293.
 1 SYSTEMPATH\Boot.php(56): CodeIgniter\Boot::initializeKint()
 2 FCPATH\index.php(56): CodeIgniter\Boot::bootWeb(Object(Config\Paths))
CRITICAL - 2024-09-19 13:32:22 --> Call to undefined method CodeIgniter\Autoloader\Autoloader::initializeKint()
in SYSTEMPATH\Boot.php on line 293.
 1 SYSTEMPATH\Boot.php(56): CodeIgniter\Boot::initializeKint()
 2 FCPATH\index.php(56): CodeIgniter\Boot::bootWeb(Object(Config\Paths))
INFO - 2024-09-19 11:32:27 --> Session: Class initialized using 'CodeIgniter\Session\Handlers\FileHandler' driver.
CRITICAL - 2024-09-19 13:33:07 --> Call to undefined method CodeIgniter\Autoloader\Autoloader::initializeKint()
in SYSTEMPATH\Boot.php on line 293.
 1 SYSTEMPATH\Boot.php(56): CodeIgniter\Boot::initializeKint()
 2 FCPATH\index.php(56): CodeIgniter\Boot::bootWeb(Object(Config\Paths))
INFO - 2024-09-19 11:37:55 --> Session: Class initialized using 'CodeIgniter\Session\Handlers\FileHandler' driver.
INFO - 2024-09-19 11:38:27 --> Session: Class initialized using 'CodeIgniter\Session\Handlers\FileHandler' driver.
CRITICAL - 2024-09-19 13:38:28 --> Call to undefined method CodeIgniter\Autoloader\Autoloader::initializeKint()
in SYSTEMPATH\Boot.php on line 293.
 1 SYSTEMPATH\Boot.php(56): CodeIgniter\Boot::initializeKint()
 2 FCPATH\index.php(56): CodeIgniter\Boot::bootWeb(Object(Config\Paths))
CRITICAL - 2024-09-19 13:38:28 --> Call to undefined method CodeIgniter\Autoloader\Autoloader::initializeKint()
in SYSTEMPATH\Boot.php on line 293.
 1 SYSTEMPATH\Boot.php(56): CodeIgniter\Boot::initializeKint()
 2 FCPATH\index.php(56): CodeIgniter\Boot::bootWeb(Object(Config\Paths))
CRITICAL - 2024-09-19 13:38:28 --> Call to undefined method CodeIgniter\Autoloader\Autoloader::initializeKint()
in SYSTEMPATH\Boot.php on line 293.
 1 SYSTEMPATH\Boot.php(56): CodeIgniter\Boot::initializeKint()
 2 FCPATH\index.php(56): CodeIgniter\Boot::bootWeb(Object(Config\Paths))
INFO - 2024-09-19 11:38:53 --> Session: Class initialized using 'CodeIgniter\Session\Handlers\FileHandler' driver.
INFO - 2024-09-19 11:39:18 --> Session: Class initialized using 'CodeIgniter\Session\Handlers\FileHandler' driver.
INFO - 2024-09-19 11:44:31 --> Session: Class initialized using 'CodeIgniter\Session\Handlers\FileHandler' driver.
INFO - 2024-09-19 11:47:30 --> Session: Class initialized using 'CodeIgniter\Session\Handlers\FileHandler' driver.
INFO - 2024-09-19 11:49:44 --> Session: Class initialized using 'CodeIgniter\Session\Handlers\FileHandler' driver.
CRITICAL - 2024-09-19 11:49:44 --> Undefined variable $Category
in APPPATH\Views\Blogs.php on line 225.
 1 APPPATH\Views\Blogs.php(225): CodeIgniter\Debug\Exceptions->errorHandler(2, 'Undefined variable $Category', 'C:\\xampp\\htdocs\\dashboardRegexbyte\\app\\Views\\Blogs.php', 225)
 2 SYSTEMPATH\View\View.php(228): include('C:\\xampp\\htdocs\\dashboardRegexbyte\\app\\Views\\Blogs.php')
 3 SYSTEMPATH\View\View.php(231): CodeIgniter\View\View->CodeIgniter\View\{closure}()
 4 SYSTEMPATH\Common.php(1190): CodeIgniter\View\View->render('Blogs.php', [], true)
 5 APPPATH\Controllers\LoginController.php(529): view('Blogs.php', [...])
 6 SYSTEMPATH\CodeIgniter.php(942): App\Controllers\LoginController->getBlogs()
 7 SYSTEMPATH\CodeIgniter.php(502): CodeIgniter\CodeIgniter->runController(Object(App\Controllers\LoginController))
 8 SYSTEMPATH\CodeIgniter.php(361): CodeIgniter\CodeIgniter->handleRequest(null, Object(Config\Cache), false)
 9 FCPATH\index.php(79): CodeIgniter\CodeIgniter->run()
INFO - 2024-09-19 11:50:16 --> Session: Class initialized using 'CodeIgniter\Session\Handlers\FileHandler' driver.
CRITICAL - 2024-09-19 11:50:16 --> Undefined array key "name"
in APPPATH\Views\Blogs.php on line 225.
 1 APPPATH\Views\Blogs.php(225): CodeIgniter\Debug\Exceptions->errorHandler(2, 'Undefined array key "name"', 'C:\\xampp\\htdocs\\dashboardRegexbyte\\app\\Views\\Blogs.php', 225)
 2 SYSTEMPATH\View\View.php(228): include('C:\\xampp\\htdocs\\dashboardRegexbyte\\app\\Views\\Blogs.php')
 3 SYSTEMPATH\View\View.php(231): CodeIgniter\View\View->CodeIgniter\View\{closure}()
 4 SYSTEMPATH\Common.php(1190): CodeIgniter\View\View->render('Blogs.php', [], true)
 5 APPPATH\Controllers\LoginController.php(529): view('Blogs.php', [...])
 6 SYSTEMPATH\CodeIgniter.php(942): App\Controllers\LoginController->getBlogs()
 7 SYSTEMPATH\CodeIgniter.php(502): CodeIgniter\CodeIgniter->runController(Object(App\Controllers\LoginController))
 8 SYSTEMPATH\CodeIgniter.php(361): CodeIgniter\CodeIgniter->handleRequest(null, Object(Config\Cache), false)
 9 FCPATH\index.php(79): CodeIgniter\CodeIgniter->run()
INFO - 2024-09-19 11:50:49 --> Session: Class initialized using 'CodeIgniter\Session\Handlers\FileHandler' driver.
INFO - 2024-09-19 11:51:13 --> Session: Class initialized using 'CodeIgniter\Session\Handlers\FileHandler' driver.
INFO - 2024-09-19 11:52:40 --> Session: Class initialized using 'CodeIgniter\Session\Handlers\FileHandler' driver.
INFO - 2024-09-19 11:52:54 --> Session: Class initialized using 'CodeIgniter\Session\Handlers\FileHandler' driver.
INFO - 2024-09-19 11:54:01 --> Session: Class initialized using 'CodeIgniter\Session\Handlers\FileHandler' driver.
INFO - 2024-09-19 11:54:36 --> Session: Class initialized using 'CodeIgniter\Session\Handlers\FileHandler' driver.
INFO - 2024-09-19 11:54:38 --> Session: Class initialized using 'CodeIgniter\Session\Handlers\FileHandler' driver.
INFO - 2024-09-19 11:54:40 --> Session: Class initialized using 'CodeIgniter\Session\Handlers\FileHandler' driver.
INFO - 2024-09-19 11:54:48 --> Session: Class initialized using 'CodeIgniter\Session\Handlers\FileHandler' driver.
INFO - 2024-09-19 11:55:44 --> Session: Class initialized using 'CodeIgniter\Session\Handlers\FileHandler' driver.
INFO - 2024-09-19 11:59:12 --> Session: Class initialized using 'CodeIgniter\Session\Handlers\FileHandler' driver.
INFO - 2024-09-19 12:01:05 --> Session: Class initialized using 'CodeIgniter\Session\Handlers\FileHandler' driver.
CRITICAL - 2024-09-19 12:01:05 --> Undefined variable $Category
in APPPATH\Views\Blogs.php on line 224.
 1 APPPATH\Views\Blogs.php(224): CodeIgniter\Debug\Exceptions->errorHandler(2, 'Undefined variable $Category', 'C:\\xampp\\htdocs\\dashboardRegexbyte\\app\\Views\\Blogs.php', 224)
 2 SYSTEMPATH\View\View.php(228): include('C:\\xampp\\htdocs\\dashboardRegexbyte\\app\\Views\\Blogs.php')
 3 SYSTEMPATH\View\View.php(231): CodeIgniter\View\View->CodeIgniter\View\{closure}()
 4 SYSTEMPATH\Common.php(1190): CodeIgniter\View\View->render('Blogs.php', [], true)
 5 APPPATH\Controllers\LoginController.php(529): view('Blogs.php', [...])
 6 SYSTEMPATH\CodeIgniter.php(942): App\Controllers\LoginController->getBlogs()
 7 SYSTEMPATH\CodeIgniter.php(502): CodeIgniter\CodeIgniter->runController(Object(App\Controllers\LoginController))
 8 SYSTEMPATH\CodeIgniter.php(361): CodeIgniter\CodeIgniter->handleRequest(null, Object(Config\Cache), false)
 9 FCPATH\index.php(79): CodeIgniter\CodeIgniter->run()
INFO - 2024-09-19 12:01:26 --> Session: Class initialized using 'CodeIgniter\Session\Handlers\FileHandler' driver.
INFO - 2024-09-19 12:03:42 --> Session: Class initialized using 'CodeIgniter\Session\Handlers\FileHandler' driver.
INFO - 2024-09-19 12:03:42 --> Session: Class initialized using 'CodeIgniter\Session\Handlers\FileHandler' driver.
CRITICAL - 2024-09-19 14:03:43 --> Call to undefined method CodeIgniter\Autoloader\Autoloader::initializeKint()
in SYSTEMPATH\Boot.php on line 293.
 1 SYSTEMPATH\Boot.php(56): CodeIgniter\Boot::initializeKint()
 2 FCPATH\index.php(56): CodeIgniter\Boot::bootWeb(Object(Config\Paths))
CRITICAL - 2024-09-19 14:03:46 --> Call to undefined method CodeIgniter\Autoloader\Autoloader::initializeKint()
in SYSTEMPATH\Boot.php on line 293.
 1 SYSTEMPATH\Boot.php(56): CodeIgniter\Boot::initializeKint()
 2 FCPATH\index.php(56): CodeIgniter\Boot::bootWeb(Object(Config\Paths))
CRITICAL - 2024-09-19 14:03:46 --> Call to undefined method CodeIgniter\Autoloader\Autoloader::initializeKint()
in SYSTEMPATH\Boot.php on line 293.
 1 SYSTEMPATH\Boot.php(56): CodeIgniter\Boot::initializeKint()
 2 FCPATH\index.php(56): CodeIgniter\Boot::bootWeb(Object(Config\Paths))
