INFO - 2024-09-15 17:51:01 --> Session: Class initialized using 'CodeIgniter\Session\Handlers\FileHandler' driver.
CRITICAL - 2024-09-15 17:51:01 --> Undefined variable $review
in APPPATH\Views\index.php on line 617.
 1 APPPATH\Views\index.php(617): CodeIgniter\Debug\Exceptions->errorHandler(2, 'Undefined variable $review', 'C:\\xampp\\htdocs\\dashboardRegexbyte\\app\\Views\\index.php', 617)
 2 SYSTEMPATH\View\View.php(228): include('C:\\xampp\\htdocs\\dashboardRegexbyte\\app\\Views\\index.php')
 3 SYSTEMPATH\View\View.php(231): CodeIgniter\View\View->CodeIgniter\View\{closure}()
 4 SYSTEMPATH\Common.php(1190): CodeIgniter\View\View->render('index.php', [], true)
 5 APPPATH\Controllers\LoginController.php(188): view('index.php', [...])
 6 SYSTEMPATH\CodeIgniter.php(942): App\Controllers\LoginController->getSlidehome()
 7 SYSTEMPATH\CodeIgniter.php(502): CodeIgniter\CodeIgniter->runController(Object(App\Controllers\LoginController))
 8 SYSTEMPATH\CodeIgniter.php(361): CodeIgniter\CodeIgniter->handleRequest(null, Object(Config\Cache), false)
 9 FCPATH\index.php(79): CodeIgniter\CodeIgniter->run()
INFO - 2024-09-15 17:52:10 --> Session: Class initialized using 'CodeIgniter\Session\Handlers\FileHandler' driver.
CRITICAL - 2024-09-15 17:52:10 --> Undefined variable $review
in APPPATH\Views\index.php on line 617.
 1 APPPATH\Views\index.php(617): CodeIgniter\Debug\Exceptions->errorHandler(2, 'Undefined variable $review', 'C:\\xampp\\htdocs\\dashboardRegexbyte\\app\\Views\\index.php', 617)
 2 SYSTEMPATH\View\View.php(228): include('C:\\xampp\\htdocs\\dashboardRegexbyte\\app\\Views\\index.php')
 3 SYSTEMPATH\View\View.php(231): CodeIgniter\View\View->CodeIgniter\View\{closure}()
 4 SYSTEMPATH\Common.php(1190): CodeIgniter\View\View->render('index.php', [], true)
 5 APPPATH\Controllers\LoginController.php(188): view('index.php', [...])
 6 SYSTEMPATH\CodeIgniter.php(942): App\Controllers\LoginController->getSlidehome()
 7 SYSTEMPATH\CodeIgniter.php(502): CodeIgniter\CodeIgniter->runController(Object(App\Controllers\LoginController))
 8 SYSTEMPATH\CodeIgniter.php(361): CodeIgniter\CodeIgniter->handleRequest(null, Object(Config\Cache), false)
 9 FCPATH\index.php(79): CodeIgniter\CodeIgniter->run()
INFO - 2024-09-15 17:53:18 --> Session: Class initialized using 'CodeIgniter\Session\Handlers\FileHandler' driver.
CRITICAL - 2024-09-15 17:53:18 --> Undefined variable $review
in APPPATH\Views\index.php on line 617.
 1 APPPATH\Views\index.php(617): CodeIgniter\Debug\Exceptions->errorHandler(2, 'Undefined variable $review', 'C:\\xampp\\htdocs\\dashboardRegexbyte\\app\\Views\\index.php', 617)
 2 SYSTEMPATH\View\View.php(228): include('C:\\xampp\\htdocs\\dashboardRegexbyte\\app\\Views\\index.php')
 3 SYSTEMPATH\View\View.php(231): CodeIgniter\View\View->CodeIgniter\View\{closure}()
 4 SYSTEMPATH\Common.php(1190): CodeIgniter\View\View->render('index.php', [], true)
 5 APPPATH\Controllers\LoginController.php(188): view('index.php', [...])
 6 SYSTEMPATH\CodeIgniter.php(942): App\Controllers\LoginController->getSlidehome()
 7 SYSTEMPATH\CodeIgniter.php(502): CodeIgniter\CodeIgniter->runController(Object(App\Controllers\LoginController))
 8 SYSTEMPATH\CodeIgniter.php(361): CodeIgniter\CodeIgniter->handleRequest(null, Object(Config\Cache), false)
 9 FCPATH\index.php(79): CodeIgniter\CodeIgniter->run()
INFO - 2024-09-15 17:53:21 --> Session: Class initialized using 'CodeIgniter\Session\Handlers\FileHandler' driver.
CRITICAL - 2024-09-15 17:53:21 --> Undefined variable $review
in APPPATH\Views\index.php on line 617.
 1 APPPATH\Views\index.php(617): CodeIgniter\Debug\Exceptions->errorHandler(2, 'Undefined variable $review', 'C:\\xampp\\htdocs\\dashboardRegexbyte\\app\\Views\\index.php', 617)
 2 SYSTEMPATH\View\View.php(228): include('C:\\xampp\\htdocs\\dashboardRegexbyte\\app\\Views\\index.php')
 3 SYSTEMPATH\View\View.php(231): CodeIgniter\View\View->CodeIgniter\View\{closure}()
 4 SYSTEMPATH\Common.php(1190): CodeIgniter\View\View->render('index.php', [], true)
 5 APPPATH\Controllers\LoginController.php(188): view('index.php', [...])
 6 SYSTEMPATH\CodeIgniter.php(942): App\Controllers\LoginController->getSlidehome()
 7 SYSTEMPATH\CodeIgniter.php(502): CodeIgniter\CodeIgniter->runController(Object(App\Controllers\LoginController))
 8 SYSTEMPATH\CodeIgniter.php(361): CodeIgniter\CodeIgniter->handleRequest(null, Object(Config\Cache), false)
 9 FCPATH\index.php(79): CodeIgniter\CodeIgniter->run()
INFO - 2024-09-15 17:53:37 --> Session: Class initialized using 'CodeIgniter\Session\Handlers\FileHandler' driver.
CRITICAL - 2024-09-15 17:53:38 --> Undefined variable $review
in APPPATH\Views\index.php on line 617.
 1 APPPATH\Views\index.php(617): CodeIgniter\Debug\Exceptions->errorHandler(2, 'Undefined variable $review', 'C:\\xampp\\htdocs\\dashboardRegexbyte\\app\\Views\\index.php', 617)
 2 SYSTEMPATH\View\View.php(228): include('C:\\xampp\\htdocs\\dashboardRegexbyte\\app\\Views\\index.php')
 3 SYSTEMPATH\View\View.php(231): CodeIgniter\View\View->CodeIgniter\View\{closure}()
 4 SYSTEMPATH\Common.php(1190): CodeIgniter\View\View->render('index.php', [], true)
 5 APPPATH\Controllers\LoginController.php(188): view('index.php', [...])
 6 SYSTEMPATH\CodeIgniter.php(942): App\Controllers\LoginController->getSlidehome()
 7 SYSTEMPATH\CodeIgniter.php(502): CodeIgniter\CodeIgniter->runController(Object(App\Controllers\LoginController))
 8 SYSTEMPATH\CodeIgniter.php(361): CodeIgniter\CodeIgniter->handleRequest(null, Object(Config\Cache), false)
 9 FCPATH\index.php(79): CodeIgniter\CodeIgniter->run()
INFO - 2024-09-15 17:53:53 --> Session: Class initialized using 'CodeIgniter\Session\Handlers\FileHandler' driver.
CRITICAL - 2024-09-15 17:53:53 --> Undefined variable $review
in APPPATH\Views\index.php on line 617.
 1 APPPATH\Views\index.php(617): CodeIgniter\Debug\Exceptions->errorHandler(2, 'Undefined variable $review', 'C:\\xampp\\htdocs\\dashboardRegexbyte\\app\\Views\\index.php', 617)
 2 SYSTEMPATH\View\View.php(228): include('C:\\xampp\\htdocs\\dashboardRegexbyte\\app\\Views\\index.php')
 3 SYSTEMPATH\View\View.php(231): CodeIgniter\View\View->CodeIgniter\View\{closure}()
 4 SYSTEMPATH\Common.php(1190): CodeIgniter\View\View->render('index.php', [], true)
 5 APPPATH\Controllers\LoginController.php(188): view('index.php', [...])
 6 SYSTEMPATH\CodeIgniter.php(942): App\Controllers\LoginController->getSlidehome()
 7 SYSTEMPATH\CodeIgniter.php(502): CodeIgniter\CodeIgniter->runController(Object(App\Controllers\LoginController))
 8 SYSTEMPATH\CodeIgniter.php(361): CodeIgniter\CodeIgniter->handleRequest(null, Object(Config\Cache), false)
 9 FCPATH\index.php(79): CodeIgniter\CodeIgniter->run()
INFO - 2024-09-15 17:54:25 --> Session: Class initialized using 'CodeIgniter\Session\Handlers\FileHandler' driver.
CRITICAL - 2024-09-15 17:54:25 --> Undefined variable $review
in APPPATH\Views\index.php on line 617.
 1 APPPATH\Views\index.php(617): CodeIgniter\Debug\Exceptions->errorHandler(2, 'Undefined variable $review', 'C:\\xampp\\htdocs\\dashboardRegexbyte\\app\\Views\\index.php', 617)
 2 SYSTEMPATH\View\View.php(228): include('C:\\xampp\\htdocs\\dashboardRegexbyte\\app\\Views\\index.php')
 3 SYSTEMPATH\View\View.php(231): CodeIgniter\View\View->CodeIgniter\View\{closure}()
 4 SYSTEMPATH\Common.php(1190): CodeIgniter\View\View->render('index.php', [], true)
 5 APPPATH\Controllers\LoginController.php(188): view('index.php', [...])
 6 SYSTEMPATH\CodeIgniter.php(942): App\Controllers\LoginController->getSlidehome()
 7 SYSTEMPATH\CodeIgniter.php(502): CodeIgniter\CodeIgniter->runController(Object(App\Controllers\LoginController))
 8 SYSTEMPATH\CodeIgniter.php(361): CodeIgniter\CodeIgniter->handleRequest(null, Object(Config\Cache), false)
 9 FCPATH\index.php(79): CodeIgniter\CodeIgniter->run()
INFO - 2024-09-15 17:54:27 --> Session: Class initialized using 'CodeIgniter\Session\Handlers\FileHandler' driver.
CRITICAL - 2024-09-15 17:54:27 --> Undefined variable $review
in APPPATH\Views\index.php on line 617.
 1 APPPATH\Views\index.php(617): CodeIgniter\Debug\Exceptions->errorHandler(2, 'Undefined variable $review', 'C:\\xampp\\htdocs\\dashboardRegexbyte\\app\\Views\\index.php', 617)
 2 SYSTEMPATH\View\View.php(228): include('C:\\xampp\\htdocs\\dashboardRegexbyte\\app\\Views\\index.php')
 3 SYSTEMPATH\View\View.php(231): CodeIgniter\View\View->CodeIgniter\View\{closure}()
 4 SYSTEMPATH\Common.php(1190): CodeIgniter\View\View->render('index.php', [], true)
 5 APPPATH\Controllers\LoginController.php(188): view('index.php', [...])
 6 SYSTEMPATH\CodeIgniter.php(942): App\Controllers\LoginController->getSlidehome()
 7 SYSTEMPATH\CodeIgniter.php(502): CodeIgniter\CodeIgniter->runController(Object(App\Controllers\LoginController))
 8 SYSTEMPATH\CodeIgniter.php(361): CodeIgniter\CodeIgniter->handleRequest(null, Object(Config\Cache), false)
 9 FCPATH\index.php(79): CodeIgniter\CodeIgniter->run()
INFO - 2024-09-15 17:55:10 --> Session: Class initialized using 'CodeIgniter\Session\Handlers\FileHandler' driver.
CRITICAL - 2024-09-15 17:55:10 --> Undefined variable $review
in APPPATH\Views\index.php on line 617.
 1 APPPATH\Views\index.php(617): CodeIgniter\Debug\Exceptions->errorHandler(2, 'Undefined variable $review', 'C:\\xampp\\htdocs\\dashboardRegexbyte\\app\\Views\\index.php', 617)
 2 SYSTEMPATH\View\View.php(228): include('C:\\xampp\\htdocs\\dashboardRegexbyte\\app\\Views\\index.php')
 3 SYSTEMPATH\View\View.php(231): CodeIgniter\View\View->CodeIgniter\View\{closure}()
 4 SYSTEMPATH\Common.php(1190): CodeIgniter\View\View->render('index.php', [], true)
 5 APPPATH\Controllers\LoginController.php(188): view('index.php', [...])
 6 SYSTEMPATH\CodeIgniter.php(942): App\Controllers\LoginController->getSlidehome()
 7 SYSTEMPATH\CodeIgniter.php(502): CodeIgniter\CodeIgniter->runController(Object(App\Controllers\LoginController))
 8 SYSTEMPATH\CodeIgniter.php(361): CodeIgniter\CodeIgniter->handleRequest(null, Object(Config\Cache), false)
 9 FCPATH\index.php(79): CodeIgniter\CodeIgniter->run()
INFO - 2024-09-15 17:55:12 --> Session: Class initialized using 'CodeIgniter\Session\Handlers\FileHandler' driver.
CRITICAL - 2024-09-15 17:55:12 --> Undefined variable $review
in APPPATH\Views\index.php on line 617.
 1 APPPATH\Views\index.php(617): CodeIgniter\Debug\Exceptions->errorHandler(2, 'Undefined variable $review', 'C:\\xampp\\htdocs\\dashboardRegexbyte\\app\\Views\\index.php', 617)
 2 SYSTEMPATH\View\View.php(228): include('C:\\xampp\\htdocs\\dashboardRegexbyte\\app\\Views\\index.php')
 3 SYSTEMPATH\View\View.php(231): CodeIgniter\View\View->CodeIgniter\View\{closure}()
 4 SYSTEMPATH\Common.php(1190): CodeIgniter\View\View->render('index.php', [], true)
 5 APPPATH\Controllers\LoginController.php(188): view('index.php', [...])
 6 SYSTEMPATH\CodeIgniter.php(942): App\Controllers\LoginController->getSlidehome()
 7 SYSTEMPATH\CodeIgniter.php(502): CodeIgniter\CodeIgniter->runController(Object(App\Controllers\LoginController))
 8 SYSTEMPATH\CodeIgniter.php(361): CodeIgniter\CodeIgniter->handleRequest(null, Object(Config\Cache), false)
 9 FCPATH\index.php(79): CodeIgniter\CodeIgniter->run()
INFO - 2024-09-15 17:55:22 --> Session: Class initialized using 'CodeIgniter\Session\Handlers\FileHandler' driver.
CRITICAL - 2024-09-15 17:55:22 --> Undefined variable $review
in APPPATH\Views\index.php on line 617.
 1 APPPATH\Views\index.php(617): CodeIgniter\Debug\Exceptions->errorHandler(2, 'Undefined variable $review', 'C:\\xampp\\htdocs\\dashboardRegexbyte\\app\\Views\\index.php', 617)
 2 SYSTEMPATH\View\View.php(228): include('C:\\xampp\\htdocs\\dashboardRegexbyte\\app\\Views\\index.php')
 3 SYSTEMPATH\View\View.php(231): CodeIgniter\View\View->CodeIgniter\View\{closure}()
 4 SYSTEMPATH\Common.php(1190): CodeIgniter\View\View->render('index.php', [], true)
 5 APPPATH\Controllers\LoginController.php(188): view('index.php', [...])
 6 SYSTEMPATH\CodeIgniter.php(942): App\Controllers\LoginController->getSlidehome()
 7 SYSTEMPATH\CodeIgniter.php(502): CodeIgniter\CodeIgniter->runController(Object(App\Controllers\LoginController))
 8 SYSTEMPATH\CodeIgniter.php(361): CodeIgniter\CodeIgniter->handleRequest(null, Object(Config\Cache), false)
 9 FCPATH\index.php(79): CodeIgniter\CodeIgniter->run()
INFO - 2024-09-15 17:55:24 --> Session: Class initialized using 'CodeIgniter\Session\Handlers\FileHandler' driver.
CRITICAL - 2024-09-15 17:55:24 --> Undefined variable $review
in APPPATH\Views\index.php on line 617.
 1 APPPATH\Views\index.php(617): CodeIgniter\Debug\Exceptions->errorHandler(2, 'Undefined variable $review', 'C:\\xampp\\htdocs\\dashboardRegexbyte\\app\\Views\\index.php', 617)
 2 SYSTEMPATH\View\View.php(228): include('C:\\xampp\\htdocs\\dashboardRegexbyte\\app\\Views\\index.php')
 3 SYSTEMPATH\View\View.php(231): CodeIgniter\View\View->CodeIgniter\View\{closure}()
 4 SYSTEMPATH\Common.php(1190): CodeIgniter\View\View->render('index.php', [], true)
 5 APPPATH\Controllers\LoginController.php(188): view('index.php', [...])
 6 SYSTEMPATH\CodeIgniter.php(942): App\Controllers\LoginController->getSlidehome()
 7 SYSTEMPATH\CodeIgniter.php(502): CodeIgniter\CodeIgniter->runController(Object(App\Controllers\LoginController))
 8 SYSTEMPATH\CodeIgniter.php(361): CodeIgniter\CodeIgniter->handleRequest(null, Object(Config\Cache), false)
 9 FCPATH\index.php(79): CodeIgniter\CodeIgniter->run()
INFO - 2024-09-15 17:55:25 --> Session: Class initialized using 'CodeIgniter\Session\Handlers\FileHandler' driver.
CRITICAL - 2024-09-15 17:55:25 --> Undefined variable $review
in APPPATH\Views\index.php on line 617.
 1 APPPATH\Views\index.php(617): CodeIgniter\Debug\Exceptions->errorHandler(2, 'Undefined variable $review', 'C:\\xampp\\htdocs\\dashboardRegexbyte\\app\\Views\\index.php', 617)
 2 SYSTEMPATH\View\View.php(228): include('C:\\xampp\\htdocs\\dashboardRegexbyte\\app\\Views\\index.php')
 3 SYSTEMPATH\View\View.php(231): CodeIgniter\View\View->CodeIgniter\View\{closure}()
 4 SYSTEMPATH\Common.php(1190): CodeIgniter\View\View->render('index.php', [], true)
 5 APPPATH\Controllers\LoginController.php(188): view('index.php', [...])
 6 SYSTEMPATH\CodeIgniter.php(942): App\Controllers\LoginController->getSlidehome()
 7 SYSTEMPATH\CodeIgniter.php(502): CodeIgniter\CodeIgniter->runController(Object(App\Controllers\LoginController))
 8 SYSTEMPATH\CodeIgniter.php(361): CodeIgniter\CodeIgniter->handleRequest(null, Object(Config\Cache), false)
 9 FCPATH\index.php(79): CodeIgniter\CodeIgniter->run()
INFO - 2024-09-15 17:55:25 --> Session: Class initialized using 'CodeIgniter\Session\Handlers\FileHandler' driver.
CRITICAL - 2024-09-15 17:55:25 --> Undefined variable $review
in APPPATH\Views\index.php on line 617.
 1 APPPATH\Views\index.php(617): CodeIgniter\Debug\Exceptions->errorHandler(2, 'Undefined variable $review', 'C:\\xampp\\htdocs\\dashboardRegexbyte\\app\\Views\\index.php', 617)
 2 SYSTEMPATH\View\View.php(228): include('C:\\xampp\\htdocs\\dashboardRegexbyte\\app\\Views\\index.php')
 3 SYSTEMPATH\View\View.php(231): CodeIgniter\View\View->CodeIgniter\View\{closure}()
 4 SYSTEMPATH\Common.php(1190): CodeIgniter\View\View->render('index.php', [], true)
 5 APPPATH\Controllers\LoginController.php(188): view('index.php', [...])
 6 SYSTEMPATH\CodeIgniter.php(942): App\Controllers\LoginController->getSlidehome()
 7 SYSTEMPATH\CodeIgniter.php(502): CodeIgniter\CodeIgniter->runController(Object(App\Controllers\LoginController))
 8 SYSTEMPATH\CodeIgniter.php(361): CodeIgniter\CodeIgniter->handleRequest(null, Object(Config\Cache), false)
 9 FCPATH\index.php(79): CodeIgniter\CodeIgniter->run()
INFO - 2024-09-15 17:55:47 --> Session: Class initialized using 'CodeIgniter\Session\Handlers\FileHandler' driver.
CRITICAL - 2024-09-15 17:55:47 --> Undefined variable $review
in APPPATH\Views\index.php on line 617.
 1 APPPATH\Views\index.php(617): CodeIgniter\Debug\Exceptions->errorHandler(2, 'Undefined variable $review', 'C:\\xampp\\htdocs\\dashboardRegexbyte\\app\\Views\\index.php', 617)
 2 SYSTEMPATH\View\View.php(228): include('C:\\xampp\\htdocs\\dashboardRegexbyte\\app\\Views\\index.php')
 3 SYSTEMPATH\View\View.php(231): CodeIgniter\View\View->CodeIgniter\View\{closure}()
 4 SYSTEMPATH\Common.php(1190): CodeIgniter\View\View->render('index.php', [], true)
 5 APPPATH\Controllers\LoginController.php(188): view('index.php', [...])
 6 SYSTEMPATH\CodeIgniter.php(942): App\Controllers\LoginController->getSlidehome()
 7 SYSTEMPATH\CodeIgniter.php(502): CodeIgniter\CodeIgniter->runController(Object(App\Controllers\LoginController))
 8 SYSTEMPATH\CodeIgniter.php(361): CodeIgniter\CodeIgniter->handleRequest(null, Object(Config\Cache), false)
 9 FCPATH\index.php(79): CodeIgniter\CodeIgniter->run()
INFO - 2024-09-15 17:55:48 --> Session: Class initialized using 'CodeIgniter\Session\Handlers\FileHandler' driver.
CRITICAL - 2024-09-15 17:55:48 --> Undefined variable $review
in APPPATH\Views\index.php on line 617.
 1 APPPATH\Views\index.php(617): CodeIgniter\Debug\Exceptions->errorHandler(2, 'Undefined variable $review', 'C:\\xampp\\htdocs\\dashboardRegexbyte\\app\\Views\\index.php', 617)
 2 SYSTEMPATH\View\View.php(228): include('C:\\xampp\\htdocs\\dashboardRegexbyte\\app\\Views\\index.php')
 3 SYSTEMPATH\View\View.php(231): CodeIgniter\View\View->CodeIgniter\View\{closure}()
 4 SYSTEMPATH\Common.php(1190): CodeIgniter\View\View->render('index.php', [], true)
 5 APPPATH\Controllers\LoginController.php(188): view('index.php', [...])
 6 SYSTEMPATH\CodeIgniter.php(942): App\Controllers\LoginController->getSlidehome()
 7 SYSTEMPATH\CodeIgniter.php(502): CodeIgniter\CodeIgniter->runController(Object(App\Controllers\LoginController))
 8 SYSTEMPATH\CodeIgniter.php(361): CodeIgniter\CodeIgniter->handleRequest(null, Object(Config\Cache), false)
 9 FCPATH\index.php(79): CodeIgniter\CodeIgniter->run()
INFO - 2024-09-15 17:56:07 --> Session: Class initialized using 'CodeIgniter\Session\Handlers\FileHandler' driver.
CRITICAL - 2024-09-15 17:56:07 --> Undefined variable $review
in APPPATH\Views\index.php on line 617.
 1 APPPATH\Views\index.php(617): CodeIgniter\Debug\Exceptions->errorHandler(2, 'Undefined variable $review', 'C:\\xampp\\htdocs\\dashboardRegexbyte\\app\\Views\\index.php', 617)
 2 SYSTEMPATH\View\View.php(228): include('C:\\xampp\\htdocs\\dashboardRegexbyte\\app\\Views\\index.php')
 3 SYSTEMPATH\View\View.php(231): CodeIgniter\View\View->CodeIgniter\View\{closure}()
 4 SYSTEMPATH\Common.php(1190): CodeIgniter\View\View->render('index.php', [], true)
 5 APPPATH\Controllers\LoginController.php(188): view('index.php', [...])
 6 SYSTEMPATH\CodeIgniter.php(942): App\Controllers\LoginController->getSlidehome()
 7 SYSTEMPATH\CodeIgniter.php(502): CodeIgniter\CodeIgniter->runController(Object(App\Controllers\LoginController))
 8 SYSTEMPATH\CodeIgniter.php(361): CodeIgniter\CodeIgniter->handleRequest(null, Object(Config\Cache), false)
 9 FCPATH\index.php(79): CodeIgniter\CodeIgniter->run()
INFO - 2024-09-15 17:56:38 --> Session: Class initialized using 'CodeIgniter\Session\Handlers\FileHandler' driver.
CRITICAL - 2024-09-15 17:56:38 --> Undefined variable $review
in APPPATH\Views\index.php on line 617.
 1 APPPATH\Views\index.php(617): CodeIgniter\Debug\Exceptions->errorHandler(2, 'Undefined variable $review', 'C:\\xampp\\htdocs\\dashboardRegexbyte\\app\\Views\\index.php', 617)
 2 SYSTEMPATH\View\View.php(228): include('C:\\xampp\\htdocs\\dashboardRegexbyte\\app\\Views\\index.php')
 3 SYSTEMPATH\View\View.php(231): CodeIgniter\View\View->CodeIgniter\View\{closure}()
 4 SYSTEMPATH\Common.php(1190): CodeIgniter\View\View->render('index.php', [], true)
 5 APPPATH\Controllers\LoginController.php(188): view('index.php', [...])
 6 SYSTEMPATH\CodeIgniter.php(942): App\Controllers\LoginController->getSlidehome()
 7 SYSTEMPATH\CodeIgniter.php(502): CodeIgniter\CodeIgniter->runController(Object(App\Controllers\LoginController))
 8 SYSTEMPATH\CodeIgniter.php(361): CodeIgniter\CodeIgniter->handleRequest(null, Object(Config\Cache), false)
 9 FCPATH\index.php(79): CodeIgniter\CodeIgniter->run()
INFO - 2024-09-15 17:56:40 --> Session: Class initialized using 'CodeIgniter\Session\Handlers\FileHandler' driver.
CRITICAL - 2024-09-15 17:56:40 --> Undefined variable $review
in APPPATH\Views\index.php on line 617.
 1 APPPATH\Views\index.php(617): CodeIgniter\Debug\Exceptions->errorHandler(2, 'Undefined variable $review', 'C:\\xampp\\htdocs\\dashboardRegexbyte\\app\\Views\\index.php', 617)
 2 SYSTEMPATH\View\View.php(228): include('C:\\xampp\\htdocs\\dashboardRegexbyte\\app\\Views\\index.php')
 3 SYSTEMPATH\View\View.php(231): CodeIgniter\View\View->CodeIgniter\View\{closure}()
 4 SYSTEMPATH\Common.php(1190): CodeIgniter\View\View->render('index.php', [], true)
 5 APPPATH\Controllers\LoginController.php(188): view('index.php', [...])
 6 SYSTEMPATH\CodeIgniter.php(942): App\Controllers\LoginController->getSlidehome()
 7 SYSTEMPATH\CodeIgniter.php(502): CodeIgniter\CodeIgniter->runController(Object(App\Controllers\LoginController))
 8 SYSTEMPATH\CodeIgniter.php(361): CodeIgniter\CodeIgniter->handleRequest(null, Object(Config\Cache), false)
 9 FCPATH\index.php(79): CodeIgniter\CodeIgniter->run()
INFO - 2024-09-15 17:58:25 --> Session: Class initialized using 'CodeIgniter\Session\Handlers\FileHandler' driver.
CRITICAL - 2024-09-15 17:58:25 --> Undefined variable $review
in APPPATH\Views\index.php on line 617.
 1 APPPATH\Views\index.php(617): CodeIgniter\Debug\Exceptions->errorHandler(2, 'Undefined variable $review', 'C:\\xampp\\htdocs\\dashboardRegexbyte\\app\\Views\\index.php', 617)
 2 SYSTEMPATH\View\View.php(228): include('C:\\xampp\\htdocs\\dashboardRegexbyte\\app\\Views\\index.php')
 3 SYSTEMPATH\View\View.php(231): CodeIgniter\View\View->CodeIgniter\View\{closure}()
 4 SYSTEMPATH\Common.php(1190): CodeIgniter\View\View->render('index.php', [], true)
 5 APPPATH\Controllers\LoginController.php(188): view('index.php', [...])
 6 SYSTEMPATH\CodeIgniter.php(942): App\Controllers\LoginController->getSlidehome()
 7 SYSTEMPATH\CodeIgniter.php(502): CodeIgniter\CodeIgniter->runController(Object(App\Controllers\LoginController))
 8 SYSTEMPATH\CodeIgniter.php(361): CodeIgniter\CodeIgniter->handleRequest(null, Object(Config\Cache), false)
 9 FCPATH\index.php(79): CodeIgniter\CodeIgniter->run()
INFO - 2024-09-15 17:58:27 --> Session: Class initialized using 'CodeIgniter\Session\Handlers\FileHandler' driver.
CRITICAL - 2024-09-15 17:58:27 --> Undefined variable $review
in APPPATH\Views\index.php on line 617.
 1 APPPATH\Views\index.php(617): CodeIgniter\Debug\Exceptions->errorHandler(2, 'Undefined variable $review', 'C:\\xampp\\htdocs\\dashboardRegexbyte\\app\\Views\\index.php', 617)
 2 SYSTEMPATH\View\View.php(228): include('C:\\xampp\\htdocs\\dashboardRegexbyte\\app\\Views\\index.php')
 3 SYSTEMPATH\View\View.php(231): CodeIgniter\View\View->CodeIgniter\View\{closure}()
 4 SYSTEMPATH\Common.php(1190): CodeIgniter\View\View->render('index.php', [], true)
 5 APPPATH\Controllers\LoginController.php(188): view('index.php', [...])
 6 SYSTEMPATH\CodeIgniter.php(942): App\Controllers\LoginController->getSlidehome()
 7 SYSTEMPATH\CodeIgniter.php(502): CodeIgniter\CodeIgniter->runController(Object(App\Controllers\LoginController))
 8 SYSTEMPATH\CodeIgniter.php(361): CodeIgniter\CodeIgniter->handleRequest(null, Object(Config\Cache), false)
 9 FCPATH\index.php(79): CodeIgniter\CodeIgniter->run()
INFO - 2024-09-15 17:59:03 --> Session: Class initialized using 'CodeIgniter\Session\Handlers\FileHandler' driver.
CRITICAL - 2024-09-15 17:59:03 --> Undefined variable $review
in APPPATH\Views\index.php on line 617.
 1 APPPATH\Views\index.php(617): CodeIgniter\Debug\Exceptions->errorHandler(2, 'Undefined variable $review', 'C:\\xampp\\htdocs\\dashboardRegexbyte\\app\\Views\\index.php', 617)
 2 SYSTEMPATH\View\View.php(228): include('C:\\xampp\\htdocs\\dashboardRegexbyte\\app\\Views\\index.php')
 3 SYSTEMPATH\View\View.php(231): CodeIgniter\View\View->CodeIgniter\View\{closure}()
 4 SYSTEMPATH\Common.php(1190): CodeIgniter\View\View->render('index.php', [], true)
 5 APPPATH\Controllers\LoginController.php(188): view('index.php', [...])
 6 SYSTEMPATH\CodeIgniter.php(942): App\Controllers\LoginController->getSlidehome()
 7 SYSTEMPATH\CodeIgniter.php(502): CodeIgniter\CodeIgniter->runController(Object(App\Controllers\LoginController))
 8 SYSTEMPATH\CodeIgniter.php(361): CodeIgniter\CodeIgniter->handleRequest(null, Object(Config\Cache), false)
 9 FCPATH\index.php(79): CodeIgniter\CodeIgniter->run()
INFO - 2024-09-15 17:59:05 --> Session: Class initialized using 'CodeIgniter\Session\Handlers\FileHandler' driver.
CRITICAL - 2024-09-15 17:59:05 --> Undefined variable $review
in APPPATH\Views\index.php on line 617.
 1 APPPATH\Views\index.php(617): CodeIgniter\Debug\Exceptions->errorHandler(2, 'Undefined variable $review', 'C:\\xampp\\htdocs\\dashboardRegexbyte\\app\\Views\\index.php', 617)
 2 SYSTEMPATH\View\View.php(228): include('C:\\xampp\\htdocs\\dashboardRegexbyte\\app\\Views\\index.php')
 3 SYSTEMPATH\View\View.php(231): CodeIgniter\View\View->CodeIgniter\View\{closure}()
 4 SYSTEMPATH\Common.php(1190): CodeIgniter\View\View->render('index.php', [], true)
 5 APPPATH\Controllers\LoginController.php(188): view('index.php', [...])
 6 SYSTEMPATH\CodeIgniter.php(942): App\Controllers\LoginController->getSlidehome()
 7 SYSTEMPATH\CodeIgniter.php(502): CodeIgniter\CodeIgniter->runController(Object(App\Controllers\LoginController))
 8 SYSTEMPATH\CodeIgniter.php(361): CodeIgniter\CodeIgniter->handleRequest(null, Object(Config\Cache), false)
 9 FCPATH\index.php(79): CodeIgniter\CodeIgniter->run()
INFO - 2024-09-15 18:01:49 --> Session: Class initialized using 'CodeIgniter\Session\Handlers\FileHandler' driver.
INFO - 2024-09-15 18:01:49 --> Session: Class initialized using 'CodeIgniter\Session\Handlers\FileHandler' driver.
CRITICAL - 2024-09-15 18:01:49 --> Undefined variable $review
in APPPATH\Views\index.php on line 617.
 1 APPPATH\Views\index.php(617): CodeIgniter\Debug\Exceptions->errorHandler(2, 'Undefined variable $review', 'C:\\xampp\\htdocs\\dashboardRegexbyte\\app\\Views\\index.php', 617)
 2 SYSTEMPATH\View\View.php(228): include('C:\\xampp\\htdocs\\dashboardRegexbyte\\app\\Views\\index.php')
 3 SYSTEMPATH\View\View.php(231): CodeIgniter\View\View->CodeIgniter\View\{closure}()
 4 SYSTEMPATH\Common.php(1190): CodeIgniter\View\View->render('index.php', [], true)
 5 APPPATH\Controllers\LoginController.php(188): view('index.php', [...])
 6 SYSTEMPATH\CodeIgniter.php(942): App\Controllers\LoginController->getSlidehome()
 7 SYSTEMPATH\CodeIgniter.php(502): CodeIgniter\CodeIgniter->runController(Object(App\Controllers\LoginController))
 8 SYSTEMPATH\CodeIgniter.php(361): CodeIgniter\CodeIgniter->handleRequest(null, Object(Config\Cache), false)
 9 FCPATH\index.php(79): CodeIgniter\CodeIgniter->run()
INFO - 2024-09-15 18:03:20 --> Session: Class initialized using 'CodeIgniter\Session\Handlers\FileHandler' driver.
CRITICAL - 2024-09-15 18:03:20 --> Undefined variable $review
in APPPATH\Views\index.php on line 617.
 1 APPPATH\Views\index.php(617): CodeIgniter\Debug\Exceptions->errorHandler(2, 'Undefined variable $review', 'C:\\xampp\\htdocs\\dashboardRegexbyte\\app\\Views\\index.php', 617)
 2 SYSTEMPATH\View\View.php(228): include('C:\\xampp\\htdocs\\dashboardRegexbyte\\app\\Views\\index.php')
 3 SYSTEMPATH\View\View.php(231): CodeIgniter\View\View->CodeIgniter\View\{closure}()
 4 SYSTEMPATH\Common.php(1190): CodeIgniter\View\View->render('index.php', [], true)
 5 APPPATH\Controllers\LoginController.php(188): view('index.php', [...])
 6 SYSTEMPATH\CodeIgniter.php(942): App\Controllers\LoginController->getSlidehome()
 7 SYSTEMPATH\CodeIgniter.php(502): CodeIgniter\CodeIgniter->runController(Object(App\Controllers\LoginController))
 8 SYSTEMPATH\CodeIgniter.php(361): CodeIgniter\CodeIgniter->handleRequest(null, Object(Config\Cache), false)
 9 FCPATH\index.php(79): CodeIgniter\CodeIgniter->run()
INFO - 2024-09-15 18:03:21 --> Session: Class initialized using 'CodeIgniter\Session\Handlers\FileHandler' driver.
CRITICAL - 2024-09-15 18:03:21 --> Undefined variable $review
in APPPATH\Views\index.php on line 617.
 1 APPPATH\Views\index.php(617): CodeIgniter\Debug\Exceptions->errorHandler(2, 'Undefined variable $review', 'C:\\xampp\\htdocs\\dashboardRegexbyte\\app\\Views\\index.php', 617)
 2 SYSTEMPATH\View\View.php(228): include('C:\\xampp\\htdocs\\dashboardRegexbyte\\app\\Views\\index.php')
 3 SYSTEMPATH\View\View.php(231): CodeIgniter\View\View->CodeIgniter\View\{closure}()
 4 SYSTEMPATH\Common.php(1190): CodeIgniter\View\View->render('index.php', [], true)
 5 APPPATH\Controllers\LoginController.php(188): view('index.php', [...])
 6 SYSTEMPATH\CodeIgniter.php(942): App\Controllers\LoginController->getSlidehome()
 7 SYSTEMPATH\CodeIgniter.php(502): CodeIgniter\CodeIgniter->runController(Object(App\Controllers\LoginController))
 8 SYSTEMPATH\CodeIgniter.php(361): CodeIgniter\CodeIgniter->handleRequest(null, Object(Config\Cache), false)
 9 FCPATH\index.php(79): CodeIgniter\CodeIgniter->run()
INFO - 2024-09-15 18:03:22 --> Session: Class initialized using 'CodeIgniter\Session\Handlers\FileHandler' driver.
CRITICAL - 2024-09-15 18:03:22 --> Undefined variable $review
in APPPATH\Views\index.php on line 617.
 1 APPPATH\Views\index.php(617): CodeIgniter\Debug\Exceptions->errorHandler(2, 'Undefined variable $review', 'C:\\xampp\\htdocs\\dashboardRegexbyte\\app\\Views\\index.php', 617)
 2 SYSTEMPATH\View\View.php(228): include('C:\\xampp\\htdocs\\dashboardRegexbyte\\app\\Views\\index.php')
 3 SYSTEMPATH\View\View.php(231): CodeIgniter\View\View->CodeIgniter\View\{closure}()
 4 SYSTEMPATH\Common.php(1190): CodeIgniter\View\View->render('index.php', [], true)
 5 APPPATH\Controllers\LoginController.php(188): view('index.php', [...])
 6 SYSTEMPATH\CodeIgniter.php(942): App\Controllers\LoginController->getSlidehome()
 7 SYSTEMPATH\CodeIgniter.php(502): CodeIgniter\CodeIgniter->runController(Object(App\Controllers\LoginController))
 8 SYSTEMPATH\CodeIgniter.php(361): CodeIgniter\CodeIgniter->handleRequest(null, Object(Config\Cache), false)
 9 FCPATH\index.php(79): CodeIgniter\CodeIgniter->run()
INFO - 2024-09-15 18:03:22 --> Session: Class initialized using 'CodeIgniter\Session\Handlers\FileHandler' driver.
CRITICAL - 2024-09-15 18:03:22 --> Undefined variable $review
in APPPATH\Views\index.php on line 617.
 1 APPPATH\Views\index.php(617): CodeIgniter\Debug\Exceptions->errorHandler(2, 'Undefined variable $review', 'C:\\xampp\\htdocs\\dashboardRegexbyte\\app\\Views\\index.php', 617)
 2 SYSTEMPATH\View\View.php(228): include('C:\\xampp\\htdocs\\dashboardRegexbyte\\app\\Views\\index.php')
 3 SYSTEMPATH\View\View.php(231): CodeIgniter\View\View->CodeIgniter\View\{closure}()
 4 SYSTEMPATH\Common.php(1190): CodeIgniter\View\View->render('index.php', [], true)
 5 APPPATH\Controllers\LoginController.php(188): view('index.php', [...])
 6 SYSTEMPATH\CodeIgniter.php(942): App\Controllers\LoginController->getSlidehome()
 7 SYSTEMPATH\CodeIgniter.php(502): CodeIgniter\CodeIgniter->runController(Object(App\Controllers\LoginController))
 8 SYSTEMPATH\CodeIgniter.php(361): CodeIgniter\CodeIgniter->handleRequest(null, Object(Config\Cache), false)
 9 FCPATH\index.php(79): CodeIgniter\CodeIgniter->run()
INFO - 2024-09-15 18:03:23 --> Session: Class initialized using 'CodeIgniter\Session\Handlers\FileHandler' driver.
CRITICAL - 2024-09-15 18:03:23 --> Undefined variable $review
in APPPATH\Views\index.php on line 617.
 1 APPPATH\Views\index.php(617): CodeIgniter\Debug\Exceptions->errorHandler(2, 'Undefined variable $review', 'C:\\xampp\\htdocs\\dashboardRegexbyte\\app\\Views\\index.php', 617)
 2 SYSTEMPATH\View\View.php(228): include('C:\\xampp\\htdocs\\dashboardRegexbyte\\app\\Views\\index.php')
 3 SYSTEMPATH\View\View.php(231): CodeIgniter\View\View->CodeIgniter\View\{closure}()
 4 SYSTEMPATH\Common.php(1190): CodeIgniter\View\View->render('index.php', [], true)
 5 APPPATH\Controllers\LoginController.php(188): view('index.php', [...])
 6 SYSTEMPATH\CodeIgniter.php(942): App\Controllers\LoginController->getSlidehome()
 7 SYSTEMPATH\CodeIgniter.php(502): CodeIgniter\CodeIgniter->runController(Object(App\Controllers\LoginController))
 8 SYSTEMPATH\CodeIgniter.php(361): CodeIgniter\CodeIgniter->handleRequest(null, Object(Config\Cache), false)
 9 FCPATH\index.php(79): CodeIgniter\CodeIgniter->run()
INFO - 2024-09-15 18:03:58 --> Session: Class initialized using 'CodeIgniter\Session\Handlers\FileHandler' driver.
CRITICAL - 2024-09-15 18:03:58 --> Undefined variable $review
in APPPATH\Views\index.php on line 617.
 1 APPPATH\Views\index.php(617): CodeIgniter\Debug\Exceptions->errorHandler(2, 'Undefined variable $review', 'C:\\xampp\\htdocs\\dashboardRegexbyte\\app\\Views\\index.php', 617)
 2 SYSTEMPATH\View\View.php(228): include('C:\\xampp\\htdocs\\dashboardRegexbyte\\app\\Views\\index.php')
 3 SYSTEMPATH\View\View.php(231): CodeIgniter\View\View->CodeIgniter\View\{closure}()
 4 SYSTEMPATH\Common.php(1190): CodeIgniter\View\View->render('index.php', [], true)
 5 APPPATH\Controllers\LoginController.php(188): view('index.php', [...])
 6 SYSTEMPATH\CodeIgniter.php(942): App\Controllers\LoginController->getSlidehome()
 7 SYSTEMPATH\CodeIgniter.php(502): CodeIgniter\CodeIgniter->runController(Object(App\Controllers\LoginController))
 8 SYSTEMPATH\CodeIgniter.php(361): CodeIgniter\CodeIgniter->handleRequest(null, Object(Config\Cache), false)
 9 FCPATH\index.php(79): CodeIgniter\CodeIgniter->run()
INFO - 2024-09-15 18:03:59 --> Session: Class initialized using 'CodeIgniter\Session\Handlers\FileHandler' driver.
CRITICAL - 2024-09-15 18:03:59 --> Undefined variable $review
in APPPATH\Views\index.php on line 617.
 1 APPPATH\Views\index.php(617): CodeIgniter\Debug\Exceptions->errorHandler(2, 'Undefined variable $review', 'C:\\xampp\\htdocs\\dashboardRegexbyte\\app\\Views\\index.php', 617)
 2 SYSTEMPATH\View\View.php(228): include('C:\\xampp\\htdocs\\dashboardRegexbyte\\app\\Views\\index.php')
 3 SYSTEMPATH\View\View.php(231): CodeIgniter\View\View->CodeIgniter\View\{closure}()
 4 SYSTEMPATH\Common.php(1190): CodeIgniter\View\View->render('index.php', [], true)
 5 APPPATH\Controllers\LoginController.php(188): view('index.php', [...])
 6 SYSTEMPATH\CodeIgniter.php(942): App\Controllers\LoginController->getSlidehome()
 7 SYSTEMPATH\CodeIgniter.php(502): CodeIgniter\CodeIgniter->runController(Object(App\Controllers\LoginController))
 8 SYSTEMPATH\CodeIgniter.php(361): CodeIgniter\CodeIgniter->handleRequest(null, Object(Config\Cache), false)
 9 FCPATH\index.php(79): CodeIgniter\CodeIgniter->run()
INFO - 2024-09-15 18:04:00 --> Session: Class initialized using 'CodeIgniter\Session\Handlers\FileHandler' driver.
CRITICAL - 2024-09-15 18:04:00 --> Undefined variable $review
in APPPATH\Views\index.php on line 617.
 1 APPPATH\Views\index.php(617): CodeIgniter\Debug\Exceptions->errorHandler(2, 'Undefined variable $review', 'C:\\xampp\\htdocs\\dashboardRegexbyte\\app\\Views\\index.php', 617)
 2 SYSTEMPATH\View\View.php(228): include('C:\\xampp\\htdocs\\dashboardRegexbyte\\app\\Views\\index.php')
 3 SYSTEMPATH\View\View.php(231): CodeIgniter\View\View->CodeIgniter\View\{closure}()
 4 SYSTEMPATH\Common.php(1190): CodeIgniter\View\View->render('index.php', [], true)
 5 APPPATH\Controllers\LoginController.php(188): view('index.php', [...])
 6 SYSTEMPATH\CodeIgniter.php(942): App\Controllers\LoginController->getSlidehome()
 7 SYSTEMPATH\CodeIgniter.php(502): CodeIgniter\CodeIgniter->runController(Object(App\Controllers\LoginController))
 8 SYSTEMPATH\CodeIgniter.php(361): CodeIgniter\CodeIgniter->handleRequest(null, Object(Config\Cache), false)
 9 FCPATH\index.php(79): CodeIgniter\CodeIgniter->run()
INFO - 2024-09-15 18:04:04 --> Session: Class initialized using 'CodeIgniter\Session\Handlers\FileHandler' driver.
CRITICAL - 2024-09-15 18:04:04 --> Undefined variable $review
in APPPATH\Views\index.php on line 617.
 1 APPPATH\Views\index.php(617): CodeIgniter\Debug\Exceptions->errorHandler(2, 'Undefined variable $review', 'C:\\xampp\\htdocs\\dashboardRegexbyte\\app\\Views\\index.php', 617)
 2 SYSTEMPATH\View\View.php(228): include('C:\\xampp\\htdocs\\dashboardRegexbyte\\app\\Views\\index.php')
 3 SYSTEMPATH\View\View.php(231): CodeIgniter\View\View->CodeIgniter\View\{closure}()
 4 SYSTEMPATH\Common.php(1190): CodeIgniter\View\View->render('index.php', [], true)
 5 APPPATH\Controllers\LoginController.php(188): view('index.php', [...])
 6 SYSTEMPATH\CodeIgniter.php(942): App\Controllers\LoginController->getSlidehome()
 7 SYSTEMPATH\CodeIgniter.php(502): CodeIgniter\CodeIgniter->runController(Object(App\Controllers\LoginController))
 8 SYSTEMPATH\CodeIgniter.php(361): CodeIgniter\CodeIgniter->handleRequest(null, Object(Config\Cache), false)
 9 FCPATH\index.php(79): CodeIgniter\CodeIgniter->run()
INFO - 2024-09-15 18:04:05 --> Session: Class initialized using 'CodeIgniter\Session\Handlers\FileHandler' driver.
CRITICAL - 2024-09-15 18:04:05 --> Undefined variable $review
in APPPATH\Views\index.php on line 617.
 1 APPPATH\Views\index.php(617): CodeIgniter\Debug\Exceptions->errorHandler(2, 'Undefined variable $review', 'C:\\xampp\\htdocs\\dashboardRegexbyte\\app\\Views\\index.php', 617)
 2 SYSTEMPATH\View\View.php(228): include('C:\\xampp\\htdocs\\dashboardRegexbyte\\app\\Views\\index.php')
 3 SYSTEMPATH\View\View.php(231): CodeIgniter\View\View->CodeIgniter\View\{closure}()
 4 SYSTEMPATH\Common.php(1190): CodeIgniter\View\View->render('index.php', [], true)
 5 APPPATH\Controllers\LoginController.php(188): view('index.php', [...])
 6 SYSTEMPATH\CodeIgniter.php(942): App\Controllers\LoginController->getSlidehome()
 7 SYSTEMPATH\CodeIgniter.php(502): CodeIgniter\CodeIgniter->runController(Object(App\Controllers\LoginController))
 8 SYSTEMPATH\CodeIgniter.php(361): CodeIgniter\CodeIgniter->handleRequest(null, Object(Config\Cache), false)
 9 FCPATH\index.php(79): CodeIgniter\CodeIgniter->run()
INFO - 2024-09-15 18:04:29 --> Session: Class initialized using 'CodeIgniter\Session\Handlers\FileHandler' driver.
CRITICAL - 2024-09-15 18:04:29 --> Undefined variable $review
in APPPATH\Views\index.php on line 617.
 1 APPPATH\Views\index.php(617): CodeIgniter\Debug\Exceptions->errorHandler(2, 'Undefined variable $review', 'C:\\xampp\\htdocs\\dashboardRegexbyte\\app\\Views\\index.php', 617)
 2 SYSTEMPATH\View\View.php(228): include('C:\\xampp\\htdocs\\dashboardRegexbyte\\app\\Views\\index.php')
 3 SYSTEMPATH\View\View.php(231): CodeIgniter\View\View->CodeIgniter\View\{closure}()
 4 SYSTEMPATH\Common.php(1190): CodeIgniter\View\View->render('index.php', [], true)
 5 APPPATH\Controllers\LoginController.php(188): view('index.php', [...])
 6 SYSTEMPATH\CodeIgniter.php(942): App\Controllers\LoginController->getSlidehome()
 7 SYSTEMPATH\CodeIgniter.php(502): CodeIgniter\CodeIgniter->runController(Object(App\Controllers\LoginController))
 8 SYSTEMPATH\CodeIgniter.php(361): CodeIgniter\CodeIgniter->handleRequest(null, Object(Config\Cache), false)
 9 FCPATH\index.php(79): CodeIgniter\CodeIgniter->run()
INFO - 2024-09-15 18:04:30 --> Session: Class initialized using 'CodeIgniter\Session\Handlers\FileHandler' driver.
CRITICAL - 2024-09-15 18:04:30 --> Undefined variable $review
in APPPATH\Views\index.php on line 617.
 1 APPPATH\Views\index.php(617): CodeIgniter\Debug\Exceptions->errorHandler(2, 'Undefined variable $review', 'C:\\xampp\\htdocs\\dashboardRegexbyte\\app\\Views\\index.php', 617)
 2 SYSTEMPATH\View\View.php(228): include('C:\\xampp\\htdocs\\dashboardRegexbyte\\app\\Views\\index.php')
 3 SYSTEMPATH\View\View.php(231): CodeIgniter\View\View->CodeIgniter\View\{closure}()
 4 SYSTEMPATH\Common.php(1190): CodeIgniter\View\View->render('index.php', [], true)
 5 APPPATH\Controllers\LoginController.php(188): view('index.php', [...])
 6 SYSTEMPATH\CodeIgniter.php(942): App\Controllers\LoginController->getSlidehome()
 7 SYSTEMPATH\CodeIgniter.php(502): CodeIgniter\CodeIgniter->runController(Object(App\Controllers\LoginController))
 8 SYSTEMPATH\CodeIgniter.php(361): CodeIgniter\CodeIgniter->handleRequest(null, Object(Config\Cache), false)
 9 FCPATH\index.php(79): CodeIgniter\CodeIgniter->run()
